#
# There is insufficient memory for the Java Runtime Environment to continue.
# Native memory allocation (malloc) failed to allocate 32784 bytes for Chunk::new
# Possible reasons:
#   The system is out of physical RAM or swap space
#   The process is running with CompressedOops enabled, and the Java Heap may be blocking the growth of the native heap
# Possible solutions:
#   Reduce memory load on the system
#   Increase physical memory or swap space
#   Check if swap backing store is full
#   Decrease Java heap size (-Xmx/-Xms)
#   Decrease number of Java threads
#   Decrease Java thread stack sizes (-Xss)
#   Set larger code cache with -XX:ReservedCodeCacheSize=
#   JVM is running with Unscaled Compressed Oops mode in which the Java heap is
#     placed in the first 4GB address space. The Java Heap base address is the
#     maximum limit for the native heap growth. Please use -XX:HeapBaseMinAddress
#     to set the Java Heap base and to place the Java Heap above 4GB virtual address.
# This output file may be truncated or incomplete.
#
#  Out of Memory Error (arena.cpp:189), pid=23108, tid=19828
#
# JRE version: OpenJDK Runtime Environment Temurin-17.0.2+8 (17.0.2+8) (build 17.0.2+8)
# Java VM: OpenJDK 64-Bit Server VM Temurin-17.0.2+8 (17.0.2+8, mixed mode, tiered, compressed oops, compressed class ptrs, parallel gc, windows-amd64)
# No core dump will be written. Minidumps are not enabled by default on client versions of Windows
#

---------------  S U M M A R Y ------------

Command Line: --add-modules=ALL-SYSTEM --add-opens=java.base/java.util=ALL-UNNAMED --add-opens=java.base/java.lang=ALL-UNNAMED --add-opens=java.base/sun.nio.fs=ALL-UNNAMED -Declipse.application=org.eclipse.jdt.ls.core.id1 -Dosgi.bundles.defaultStartLevel=4 -Declipse.product=org.eclipse.jdt.ls.core.product -Djava.import.generatesMetadataFilesAtProjectRoot=false -Dfile.encoding=utf8 -DwatchParentProcess=false -XX:+UseParallelGC -XX:GCTimeRatio=4 -XX:AdaptiveSizePolicyWeight=90 -Dsun.zip.disableMemoryMapping=true -Xmx1G -Xms100m -XX:+HeapDumpOnOutOfMemoryError -XX:HeapDumpPath=c:\Users\Nathan Ting\AppData\Roaming\Code\User\workspaceStorage\665fadb96facc8848b70aa769e507785\redhat.java c:\Users\Nathan Ting\.vscode\extensions\redhat.java-1.4.0\server\plugins\org.eclipse.equinox.launcher_1.6.400.v20210924-0641.jar -configuration c:\Users\Nathan Ting\AppData\Roaming\Code\User\globalStorage\redhat.java\1.4.0\config_win -data c:\Users\Nathan Ting\AppData\Roaming\Code\User\workspaceStorage\665fadb96facc8848b70aa769e507785\redhat.java\jdt_ws

Host: Intel(R) Core(TM) i7-9750H CPU @ 2.60GHz, 12 cores, 15G,  Windows 10 , 64 bit Build 19041 (10.0.19041.1566)
Time: Tue Mar 15 18:00:17 2022 Malay Peninsula Standard Time elapsed time: 10.041449 seconds (0d 0h 0m 10s)

---------------  T H R E A D  ---------------

Current thread (0x0000015420be7000):  JavaThread "C2 CompilerThread0" daemon [_thread_in_native, id=19828, stack(0x0000004d67e00000,0x0000004d67f00000)]


Current CompileTask:
C2:  10041 7094       4       org.eclipse.jdt.internal.compiler.parser.Parser::consumeToken (2275 bytes)

Stack: [0x0000004d67e00000,0x0000004d67f00000]
Native frames: (J=compiled Java code, j=interpreted, Vv=VM code, C=native code)
V  [jvm.dll+0x67564a]
V  [jvm.dll+0x82fc04]
V  [jvm.dll+0x8313ae]
V  [jvm.dll+0x831a13]
V  [jvm.dll+0x245235]
V  [jvm.dll+0xabd7b]
V  [jvm.dll+0xac30c]
V  [jvm.dll+0xabe8b]
V  [jvm.dll+0x652cec]
V  [jvm.dll+0x32e6c9]
V  [jvm.dll+0x32fc79]
V  [jvm.dll+0x32d68a]
V  [jvm.dll+0x32cd3a]
V  [jvm.dll+0x2180d1]
V  [jvm.dll+0x2174f1]
V  [jvm.dll+0x1a3a8d]
V  [jvm.dll+0x226ef8]
V  [jvm.dll+0x22503c]
V  [jvm.dll+0x7e596b]
V  [jvm.dll+0x7dff2a]
V  [jvm.dll+0x6744d5]
C  [ucrtbase.dll+0x21bb2]
C  [KERNEL32.DLL+0x17034]
C  [ntdll.dll+0x52651]


---------------  P R O C E S S  ---------------

Threads class SMR info:
_java_thread_list=0x0000015430fa5310, length=35, elements={
0x000001540b0256e0, 0x000001541eeaa380, 0x000001541eeabb20, 0x0000015420bb4da0,
0x0000015420bb5b20, 0x0000015420bb8f50, 0x0000015420bce010, 0x0000015420be7000,
0x0000015420beb910, 0x0000015420bec9f0, 0x0000015420d64dd0, 0x0000015420d62750,
0x0000015420d64430, 0x0000015420d65770, 0x0000015420d63f60, 0x0000015420d65c40,
0x0000015420d630f0, 0x0000015420d635c0, 0x0000015420d63a90, 0x0000015420d62280,
0x0000015420d62c20, 0x000001542410c0c0, 0x000001542410b720, 0x0000015424108bd0,
0x000001542410ca60, 0x0000015424108230, 0x000001542410b250, 0x00000154308f9230,
0x0000015430c39cf0, 0x00000154241090a0, 0x000001542410c590, 0x0000015424106ef0,
0x000001542410a8b0, 0x0000015424108700, 0x0000015424109f10
}

Java Threads: ( => current thread )
  0x000001540b0256e0 JavaThread "main" [_thread_blocked, id=8044, stack(0x0000004d67500000,0x0000004d67600000)]
  0x000001541eeaa380 JavaThread "Reference Handler" daemon [_thread_blocked, id=26492, stack(0x0000004d67800000,0x0000004d67900000)]
  0x000001541eeabb20 JavaThread "Finalizer" daemon [_thread_blocked, id=25892, stack(0x0000004d67900000,0x0000004d67a00000)]
  0x0000015420bb4da0 JavaThread "Signal Dispatcher" daemon [_thread_blocked, id=13304, stack(0x0000004d67a00000,0x0000004d67b00000)]
  0x0000015420bb5b20 JavaThread "Attach Listener" daemon [_thread_blocked, id=21276, stack(0x0000004d67b00000,0x0000004d67c00000)]
  0x0000015420bb8f50 JavaThread "Service Thread" daemon [_thread_blocked, id=24232, stack(0x0000004d67c00000,0x0000004d67d00000)]
  0x0000015420bce010 JavaThread "Monitor Deflation Thread" daemon [_thread_blocked, id=24212, stack(0x0000004d67d00000,0x0000004d67e00000)]
=>0x0000015420be7000 JavaThread "C2 CompilerThread0" daemon [_thread_in_native, id=19828, stack(0x0000004d67e00000,0x0000004d67f00000)]
  0x0000015420beb910 JavaThread "C1 CompilerThread0" daemon [_thread_blocked, id=15712, stack(0x0000004d67f00000,0x0000004d68000000)]
  0x0000015420bec9f0 JavaThread "Sweeper thread" daemon [_thread_blocked, id=15996, stack(0x0000004d68000000,0x0000004d68100000)]
  0x0000015420d64dd0 JavaThread "Common-Cleaner" daemon [_thread_blocked, id=25412, stack(0x0000004d68100000,0x0000004d68200000)]
  0x0000015420d62750 JavaThread "Notification Thread" daemon [_thread_blocked, id=12448, stack(0x0000004d68200000,0x0000004d68300000)]
  0x0000015420d64430 JavaThread "Active Thread: Equinox Container: 17d5d49a-ba58-494c-817e-f25dc3010080" [_thread_blocked, id=26392, stack(0x0000004d68500000,0x0000004d68600000)]
  0x0000015420d65770 JavaThread "Framework Event Dispatcher: Equinox Container: 17d5d49a-ba58-494c-817e-f25dc3010080" daemon [_thread_blocked, id=18372, stack(0x0000004d68600000,0x0000004d68700000)]
  0x0000015420d63f60 JavaThread "Start Level: Equinox Container: 17d5d49a-ba58-494c-817e-f25dc3010080" daemon [_thread_blocked, id=22256, stack(0x0000004d68d00000,0x0000004d68e00000)]
  0x0000015420d65c40 JavaThread "SCR Component Actor" daemon [_thread_blocked, id=27376, stack(0x0000004d68e00000,0x0000004d68f00000)]
  0x0000015420d630f0 JavaThread "Bundle File Closer" daemon [_thread_blocked, id=400, stack(0x0000004d69000000,0x0000004d69100000)]
  0x0000015420d635c0 JavaThread "Worker-JM" [_thread_blocked, id=22608, stack(0x0000004d69100000,0x0000004d69200000)]
  0x0000015420d63a90 JavaThread "Worker-0" [_thread_blocked, id=16616, stack(0x0000004d69600000,0x0000004d69700000)]
  0x0000015420d62280 JavaThread "Worker-1" [_thread_blocked, id=19132, stack(0x0000004d69200000,0x0000004d69300000)]
  0x0000015420d62c20 JavaThread "Java indexing" daemon [_thread_blocked, id=21140, stack(0x0000004d69700000,0x0000004d69800000)]
  0x000001542410c0c0 JavaThread "pool-2-thread-1" [_thread_in_native, id=5160, stack(0x0000004d68400000,0x0000004d68500000)]
  0x000001542410b720 JavaThread "Worker-2" [_thread_blocked, id=14628, stack(0x0000004d69900000,0x0000004d69a00000)]
  0x0000015424108bd0 JavaThread "Worker-3" [_thread_blocked, id=27252, stack(0x0000004d69b00000,0x0000004d69c00000)]
  0x000001542410ca60 JavaThread "Worker-4" [_thread_blocked, id=25200, stack(0x0000004d69c00000,0x0000004d69d00000)]
  0x0000015424108230 JavaThread "ForkJoinPool.commonPool-worker-1" daemon [_thread_blocked, id=27280, stack(0x0000004d69a00000,0x0000004d69b00000)]
  0x000001542410b250 JavaThread "ForkJoinPool.commonPool-worker-2" daemon [_thread_blocked, id=10436, stack(0x0000004d68f00000,0x0000004d69000000)]
  0x00000154308f9230 JavaThread "C2 CompilerThread1" daemon [_thread_in_native, id=20668, stack(0x0000004d69800000,0x0000004d69900000)]
  0x0000015430c39cf0 JavaThread "C2 CompilerThread2" daemon [_thread_in_native, id=20104, stack(0x0000004d69d00000,0x0000004d69e00000)]
  0x00000154241090a0 JavaThread "ForkJoinPool.commonPool-worker-3" daemon [_thread_blocked, id=23556, stack(0x0000004d6ab00000,0x0000004d6ac00000)]
  0x000001542410c590 JavaThread "ForkJoinPool.commonPool-worker-4" daemon [_thread_blocked, id=22568, stack(0x0000004d69e00000,0x0000004d69f00000)]
  0x0000015424106ef0 JavaThread "ForkJoinPool.commonPool-worker-5" daemon [_thread_blocked, id=6712, stack(0x0000004d69f00000,0x0000004d6a000000)]
  0x000001542410a8b0 JavaThread "ForkJoinPool.commonPool-worker-6" daemon [_thread_blocked, id=22516, stack(0x0000004d6a000000,0x0000004d6a100000)]
  0x0000015424108700 JavaThread "Thread-2" daemon [_thread_in_Java, id=3508, stack(0x0000004d6a100000,0x0000004d6a200000)]
  0x0000015424109f10 JavaThread "ForkJoinPool.commonPool-worker-7" daemon [_thread_blocked, id=17796, stack(0x0000004d6a200000,0x0000004d6a300000)]

Other Threads:
  0x0000015420b81740 VMThread "VM Thread" [stack: 0x0000004d67700000,0x0000004d67800000] [id=22716]
  0x0000015420d2bf50 WatcherThread [stack: 0x0000004d68300000,0x0000004d68400000] [id=21336]
  0x000001540b03c4c0 GCTaskThread "GC Thread#0" [stack: 0x0000004d67600000,0x0000004d67700000] [id=27068]
  0x000001542234bad0 GCTaskThread "GC Thread#1" [stack: 0x0000004d68700000,0x0000004d68800000] [id=18120]
  0x0000015422666910 GCTaskThread "GC Thread#2" [stack: 0x0000004d68800000,0x0000004d68900000] [id=3140]
  0x0000015422666bc0 GCTaskThread "GC Thread#3" [stack: 0x0000004d68900000,0x0000004d68a00000] [id=22380]
  0x0000015422667270 GCTaskThread "GC Thread#4" [stack: 0x0000004d68a00000,0x0000004d68b00000] [id=12240]
  0x0000015422667520 GCTaskThread "GC Thread#5" [stack: 0x0000004d68b00000,0x0000004d68c00000] [id=17324]
  0x00000154226677d0 GCTaskThread "GC Thread#6" [stack: 0x0000004d68c00000,0x0000004d68d00000] [id=27448]
  0x000001542399be90 GCTaskThread "GC Thread#7" [stack: 0x0000004d69300000,0x0000004d69400000] [id=25528]
  0x000001542399c510 GCTaskThread "GC Thread#8" [stack: 0x0000004d69400000,0x0000004d69500000] [id=17620]
  0x000001542399c7c0 GCTaskThread "GC Thread#9" [stack: 0x0000004d69500000,0x0000004d69600000] [id=12680]

Threads with active compile tasks:
C2 CompilerThread0    10060 7094       4       org.eclipse.jdt.internal.compiler.parser.Parser::consumeToken (2275 bytes)
C2 CompilerThread1    10060 6016       4       org.eclipse.jdt.internal.compiler.lookup.BinaryTypeBinding::createMethod (1687 bytes)
C2 CompilerThread2    10060 7363       4       com.google.gson.internal.bind.ArrayTypeAdapter::read (109 bytes)

VM state: not at safepoint (normal execution)

VM Mutex/Monitor currently owned by a thread: None

Heap address: 0x00000000c0000000, size: 1024 MB, Compressed Oops mode: 32-bit

CDS archive(s) not mapped
Compressed class space mapped at: 0x0000000100000000-0x0000000140000000, reserved size: 1073741824
Narrow klass base: 0x0000000000000000, Narrow klass shift: 3, Narrow klass range: 0x140000000

GC Precious Log:
 CPUs: 12 total, 12 available
 Memory: 16229M
 Large Page Support: Disabled
 NUMA Support: Disabled
 Compressed Oops: Enabled (32-bit)
 Alignments: Space 512K, Generation 512K, Heap 2M
 Heap Min Capacity: 100M
 Heap Initial Capacity: 100M
 Heap Max Capacity: 1G
 Pre-touch: Disabled
 Parallel Workers: 10

Heap:
 PSYoungGen      total 20992K, used 4565K [0x00000000eab00000, 0x00000000ec300000, 0x0000000100000000)
  eden space 18432K, 24% used [0x00000000eab00000,0x00000000eaf75608,0x00000000ebd00000)
  from space 2560K, 0% used [0x00000000ec080000,0x00000000ec080000,0x00000000ec300000)
  to   space 3072K, 0% used [0x00000000ebd00000,0x00000000ebd00000,0x00000000ec000000)
 ParOldGen       total 87552K, used 62928K [0x00000000c0000000, 0x00000000c5580000, 0x00000000eab00000)
  object space 87552K, 71% used [0x00000000c0000000,0x00000000c3d74088,0x00000000c5580000)
 Metaspace       used 60236K, committed 61120K, reserved 1105920K
  class space    used 6308K, committed 6720K, reserved 1048576K

Card table byte_map: [0x000001540a9e0000,0x000001540abf0000] _byte_map_base: 0x000001540a3e0000

Marking Bits: (ParMarkBitMap*) 0x00007ffe4eb93af0
 Begin Bits: [0x000001541ccb0000, 0x000001541dcb0000)
 End Bits:   [0x000001541dcb0000, 0x000001541ecb0000)

Polling page: 0x0000015408dd0000

Metaspace:

Usage:
  Non-class:     52.66 MB used.
      Class:      6.16 MB used.
       Both:     58.82 MB used.

Virtual space:
  Non-class space:       56.00 MB reserved,      53.12 MB ( 95%) committed,  7 nodes.
      Class space:        1.00 GB reserved,       6.56 MB ( <1%) committed,  1 nodes.
             Both:        1.05 GB reserved,      59.69 MB (  6%) committed. 

Chunk freelists:
   Non-Class:  2.00 MB
       Class:  1.49 MB
        Both:  3.49 MB

MaxMetaspaceSize: unlimited
CompressedClassSpaceSize: 1.00 GB
Initial GC threshold: 21.00 MB
Current GC threshold: 99.50 MB
CDS: off
MetaspaceReclaimPolicy: balanced
 - commit_granule_bytes: 65536.
 - commit_granule_words: 8192.
 - virtual_space_node_default_size: 1048576.
 - enlarge_chunks_in_place: 1.
 - new_chunks_are_fully_committed: 0.
 - uncommit_free_chunks: 1.
 - use_allocation_guard: 0.
 - handle_deallocations: 1.


Internal statistics:

num_allocs_failed_limit: 9.
num_arena_births: 360.
num_arena_deaths: 0.
num_vsnodes_births: 8.
num_vsnodes_deaths: 0.
num_space_committed: 955.
num_space_uncommitted: 0.
num_chunks_returned_to_freelist: 9.
num_chunks_taken_from_freelist: 2567.
num_chunk_merges: 6.
num_chunk_splits: 1703.
num_chunks_enlarged: 1103.
num_purges: 0.
num_inconsistent_stats: 0.

CodeHeap 'non-profiled nmethods': size=120000Kb used=3183Kb max_used=3183Kb free=116816Kb
 bounds [0x0000015415780000, 0x0000015415aa0000, 0x000001541ccb0000]
CodeHeap 'profiled nmethods': size=120000Kb used=13896Kb max_used=13896Kb free=106103Kb
 bounds [0x000001540e250000, 0x000001540eff0000, 0x0000015415780000]
CodeHeap 'non-nmethods': size=5760Kb used=1323Kb max_used=1389Kb free=4436Kb
 bounds [0x000001540dcb0000, 0x000001540df20000, 0x000001540e250000]
 total_blobs=7113 nmethods=6452 adapters=574
 compilation: enabled
              stopped_count=0, restarted_count=0
 full_count=0

Compilation events (20 events):
Event: 9.872 Thread 0x0000015420beb910 7351       2       com.google.gson.JsonPrimitive::isNumber (8 bytes)
Event: 9.872 Thread 0x0000015420beb910 nmethod 7351 0x000001540efdc290 code [0x000001540efdc420, 0x000001540efdc558]
Event: 9.872 Thread 0x0000015420beb910 7352       2       java.net.URI::needsNormalization (184 bytes)
Event: 9.875 Thread 0x0000015420beb910 nmethod 7352 0x000001540efdc610 code [0x000001540efdc8e0, 0x000001540efdd998]
Event: 9.875 Thread 0x0000015420beb910 7354 %     3       com.google.gson.internal.bind.ArrayTypeAdapter::read @ 79 (109 bytes)
Event: 9.875 Thread 0x0000015420beb910 nmethod 7354% 0x000001540efde510 code [0x000001540efde7a0, 0x000001540efdf4e8]
Event: 9.875 Thread 0x0000015420beb910 7353   !   2       org.eclipse.core.filesystem.URIUtil::toURI (136 bytes)
Event: 9.876 Thread 0x0000015420beb910 nmethod 7353 0x000001540efdf890 code [0x000001540efdfb00, 0x000001540efe01e8]
Event: 9.877 Thread 0x0000015420beb910 7358       3       com.google.gson.internal.bind.ArrayTypeAdapter::read (109 bytes)
Event: 9.878 Thread 0x0000015420beb910 nmethod 7358 0x000001540efe0710 code [0x000001540efe09e0, 0x000001540efe1bf8]
Event: 9.913 Thread 0x0000015430c39cf0 nmethod 7318 0x0000015415a91910 code [0x0000015415a91bc0, 0x0000015415a94ba0]
Event: 9.913 Thread 0x0000015430c39cf0 7150   !   4       java.util.concurrent.ConcurrentHashMap::putVal (433 bytes)
Event: 9.939 Thread 0x0000015430c39cf0 nmethod 7150 0x0000015415a96710 code [0x0000015415a96920, 0x0000015415a97c98]
Event: 9.940 Thread 0x0000015430c39cf0 7357       4       com.google.gson.stream.JsonReader::doPeek (744 bytes)
Event: 9.954 Thread 0x0000015430c39cf0 nmethod 7357 0x0000015415a98990 code [0x0000015415a98c00, 0x0000015415a99738]
Event: 9.954 Thread 0x0000015430c39cf0 7365       4       com.google.gson.internal.LinkedTreeMap::find (276 bytes)
Event: 9.964 Thread 0x0000015430c39cf0 nmethod 7365 0x0000015415a99f90 code [0x0000015415a9a160, 0x0000015415a9aa48]
Event: 9.964 Thread 0x0000015430c39cf0 7368       4       com.google.gson.internal.LinkedTreeMap::rebalance (379 bytes)
Event: 9.979 Thread 0x0000015430c39cf0 nmethod 7368 0x0000015415a9ae90 code [0x0000015415a9b020, 0x0000015415a9bb38]
Event: 9.979 Thread 0x0000015430c39cf0 7363       4       com.google.gson.internal.bind.ArrayTypeAdapter::read (109 bytes)

GC Heap History (20 events):
Event: 8.209 GC heap after
{Heap after GC invocations=19 (full 2):
 PSYoungGen      total 22016K, used 976K [0x00000000eab00000, 0x00000000ec280000, 0x0000000100000000)
  eden space 20992K, 0% used [0x00000000eab00000,0x00000000eab00000,0x00000000ebf80000)
  from space 1024K, 95% used [0x00000000ec080000,0x00000000ec174010,0x00000000ec180000)
  to   space 1024K, 0% used [0x00000000ec180000,0x00000000ec180000,0x00000000ec280000)
 ParOldGen       total 68608K, used 32325K [0x00000000c0000000, 0x00000000c4300000, 0x00000000eab00000)
  object space 68608K, 47% used [0x00000000c0000000,0x00000000c1f91788,0x00000000c4300000)
 Metaspace       used 52381K, committed 53184K, reserved 1097728K
  class space    used 5642K, committed 6016K, reserved 1048576K
}
Event: 8.347 GC heap before
{Heap before GC invocations=20 (full 2):
 PSYoungGen      total 22016K, used 21968K [0x00000000eab00000, 0x00000000ec280000, 0x0000000100000000)
  eden space 20992K, 100% used [0x00000000eab00000,0x00000000ebf80000,0x00000000ebf80000)
  from space 1024K, 95% used [0x00000000ec080000,0x00000000ec174010,0x00000000ec180000)
  to   space 1024K, 0% used [0x00000000ec180000,0x00000000ec180000,0x00000000ec280000)
 ParOldGen       total 68608K, used 32325K [0x00000000c0000000, 0x00000000c4300000, 0x00000000eab00000)
  object space 68608K, 47% used [0x00000000c0000000,0x00000000c1f91788,0x00000000c4300000)
 Metaspace       used 52669K, committed 53504K, reserved 1097728K
  class space    used 5686K, committed 6080K, reserved 1048576K
}
Event: 8.349 GC heap after
{Heap after GC invocations=20 (full 2):
 PSYoungGen      total 22016K, used 773K [0x00000000eab00000, 0x00000000ec280000, 0x0000000100000000)
  eden space 20992K, 0% used [0x00000000eab00000,0x00000000eab00000,0x00000000ebf80000)
  from space 1024K, 75% used [0x00000000ec180000,0x00000000ec2415a0,0x00000000ec280000)
  to   space 1024K, 0% used [0x00000000ec080000,0x00000000ec080000,0x00000000ec180000)
 ParOldGen       total 68608K, used 32915K [0x00000000c0000000, 0x00000000c4300000, 0x00000000eab00000)
  object space 68608K, 47% used [0x00000000c0000000,0x00000000c2024f68,0x00000000c4300000)
 Metaspace       used 52669K, committed 53504K, reserved 1097728K
  class space    used 5686K, committed 6080K, reserved 1048576K
}
Event: 8.563 GC heap before
{Heap before GC invocations=21 (full 2):
 PSYoungGen      total 22016K, used 21757K [0x00000000eab00000, 0x00000000ec280000, 0x0000000100000000)
  eden space 20992K, 99% used [0x00000000eab00000,0x00000000ebf7e1b8,0x00000000ebf80000)
  from space 1024K, 75% used [0x00000000ec180000,0x00000000ec2415a0,0x00000000ec280000)
  to   space 1024K, 0% used [0x00000000ec080000,0x00000000ec080000,0x00000000ec180000)
 ParOldGen       total 68608K, used 32915K [0x00000000c0000000, 0x00000000c4300000, 0x00000000eab00000)
  object space 68608K, 47% used [0x00000000c0000000,0x00000000c2024f68,0x00000000c4300000)
 Metaspace       used 53689K, committed 54528K, reserved 1097728K
  class space    used 5787K, committed 6144K, reserved 1048576K
}
Event: 8.566 GC heap after
{Heap after GC invocations=21 (full 2):
 PSYoungGen      total 22016K, used 993K [0x00000000eab00000, 0x00000000ec580000, 0x0000000100000000)
  eden space 20992K, 0% used [0x00000000eab00000,0x00000000eab00000,0x00000000ebf80000)
  from space 1024K, 96% used [0x00000000ec080000,0x00000000ec178420,0x00000000ec180000)
  to   space 3072K, 0% used [0x00000000ec280000,0x00000000ec280000,0x00000000ec580000)
 ParOldGen       total 68608K, used 34622K [0x00000000c0000000, 0x00000000c4300000, 0x00000000eab00000)
  object space 68608K, 50% used [0x00000000c0000000,0x00000000c21cf8f8,0x00000000c4300000)
 Metaspace       used 53689K, committed 54528K, reserved 1097728K
  class space    used 5787K, committed 6144K, reserved 1048576K
}
Event: 9.015 GC heap before
{Heap before GC invocations=22 (full 2):
 PSYoungGen      total 22016K, used 21985K [0x00000000eab00000, 0x00000000ec580000, 0x0000000100000000)
  eden space 20992K, 100% used [0x00000000eab00000,0x00000000ebf80000,0x00000000ebf80000)
  from space 1024K, 96% used [0x00000000ec080000,0x00000000ec178420,0x00000000ec180000)
  to   space 3072K, 0% used [0x00000000ec280000,0x00000000ec280000,0x00000000ec580000)
 ParOldGen       total 68608K, used 34622K [0x00000000c0000000, 0x00000000c4300000, 0x00000000eab00000)
  object space 68608K, 50% used [0x00000000c0000000,0x00000000c21cf8f8,0x00000000c4300000)
 Metaspace       used 56909K, committed 57728K, reserved 1105920K
  class space    used 6015K, committed 6400K, reserved 1048576K
}
Event: 9.019 GC heap after
{Heap after GC invocations=22 (full 2):
 PSYoungGen      total 21504K, used 3064K [0x00000000eab00000, 0x00000000eca80000, 0x0000000100000000)
  eden space 18432K, 0% used [0x00000000eab00000,0x00000000eab00000,0x00000000ebd00000)
  from space 3072K, 99% used [0x00000000ec280000,0x00000000ec57e338,0x00000000ec580000)
  to   space 5632K, 0% used [0x00000000ebd00000,0x00000000ebd00000,0x00000000ec280000)
 ParOldGen       total 68608K, used 36667K [0x00000000c0000000, 0x00000000c4300000, 0x00000000eab00000)
  object space 68608K, 53% used [0x00000000c0000000,0x00000000c23ced90,0x00000000c4300000)
 Metaspace       used 56909K, committed 57728K, reserved 1105920K
  class space    used 6015K, committed 6400K, reserved 1048576K
}
Event: 9.426 GC heap before
{Heap before GC invocations=23 (full 2):
 PSYoungGen      total 21504K, used 21496K [0x00000000eab00000, 0x00000000eca80000, 0x0000000100000000)
  eden space 18432K, 100% used [0x00000000eab00000,0x00000000ebd00000,0x00000000ebd00000)
  from space 3072K, 99% used [0x00000000ec280000,0x00000000ec57e338,0x00000000ec580000)
  to   space 5632K, 0% used [0x00000000ebd00000,0x00000000ebd00000,0x00000000ec280000)
 ParOldGen       total 68608K, used 36667K [0x00000000c0000000, 0x00000000c4300000, 0x00000000eab00000)
  object space 68608K, 53% used [0x00000000c0000000,0x00000000c23ced90,0x00000000c4300000)
 Metaspace       used 58529K, committed 59328K, reserved 1105920K
  class space    used 6131K, committed 6464K, reserved 1048576K
}
Event: 9.431 GC heap after
{Heap after GC invocations=23 (full 2):
 PSYoungGen      total 22528K, used 3962K [0x00000000eab00000, 0x00000000ec600000, 0x0000000100000000)
  eden space 18432K, 0% used [0x00000000eab00000,0x00000000eab00000,0x00000000ebd00000)
  from space 4096K, 96% used [0x00000000ebd00000,0x00000000ec0dea30,0x00000000ec100000)
  to   space 4608K, 0% used [0x00000000ec180000,0x00000000ec180000,0x00000000ec600000)
 ParOldGen       total 68608K, used 39712K [0x00000000c0000000, 0x00000000c4300000, 0x00000000eab00000)
  object space 68608K, 57% used [0x00000000c0000000,0x00000000c26c8160,0x00000000c4300000)
 Metaspace       used 58529K, committed 59328K, reserved 1105920K
  class space    used 6131K, committed 6464K, reserved 1048576K
}
Event: 9.568 GC heap before
{Heap before GC invocations=24 (full 2):
 PSYoungGen      total 22528K, used 11033K [0x00000000eab00000, 0x00000000ec600000, 0x0000000100000000)
  eden space 18432K, 38% used [0x00000000eab00000,0x00000000eb1e7b08,0x00000000ebd00000)
  from space 4096K, 96% used [0x00000000ebd00000,0x00000000ec0dea30,0x00000000ec100000)
  to   space 4608K, 0% used [0x00000000ec180000,0x00000000ec180000,0x00000000ec600000)
 ParOldGen       total 68608K, used 39712K [0x00000000c0000000, 0x00000000c4300000, 0x00000000eab00000)
  object space 68608K, 57% used [0x00000000c0000000,0x00000000c26c8160,0x00000000c4300000)
 Metaspace       used 58969K, committed 59776K, reserved 1105920K
  class space    used 6182K, committed 6528K, reserved 1048576K
}
Event: 9.572 GC heap after
{Heap after GC invocations=24 (full 2):
 PSYoungGen      total 20480K, used 1705K [0x00000000eab00000, 0x00000000ec380000, 0x0000000100000000)
  eden space 18432K, 0% used [0x00000000eab00000,0x00000000eab00000,0x00000000ebd00000)
  from space 2048K, 83% used [0x00000000ec180000,0x00000000ec32a780,0x00000000ec380000)
  to   space 3072K, 0% used [0x00000000ebd80000,0x00000000ebd80000,0x00000000ec080000)
 ParOldGen       total 68608K, used 42678K [0x00000000c0000000, 0x00000000c4300000, 0x00000000eab00000)
  object space 68608K, 62% used [0x00000000c0000000,0x00000000c29adab0,0x00000000c4300000)
 Metaspace       used 58969K, committed 59776K, reserved 1105920K
  class space    used 6182K, committed 6528K, reserved 1048576K
}
Event: 9.572 GC heap before
{Heap before GC invocations=25 (full 3):
 PSYoungGen      total 20480K, used 1705K [0x00000000eab00000, 0x00000000ec380000, 0x0000000100000000)
  eden space 18432K, 0% used [0x00000000eab00000,0x00000000eab00000,0x00000000ebd00000)
  from space 2048K, 83% used [0x00000000ec180000,0x00000000ec32a780,0x00000000ec380000)
  to   space 3072K, 0% used [0x00000000ebd80000,0x00000000ebd80000,0x00000000ec080000)
 ParOldGen       total 68608K, used 42678K [0x00000000c0000000, 0x00000000c4300000, 0x00000000eab00000)
  object space 68608K, 62% used [0x00000000c0000000,0x00000000c29adab0,0x00000000c4300000)
 Metaspace       used 58969K, committed 59776K, reserved 1105920K
  class space    used 6182K, committed 6528K, reserved 1048576K
}
Event: 9.645 GC heap after
{Heap after GC invocations=25 (full 3):
 PSYoungGen      total 20480K, used 0K [0x00000000eab00000, 0x00000000ec380000, 0x0000000100000000)
  eden space 18432K, 0% used [0x00000000eab00000,0x00000000eab00000,0x00000000ebd00000)
  from space 2048K, 0% used [0x00000000ec180000,0x00000000ec180000,0x00000000ec380000)
  to   space 3072K, 0% used [0x00000000ebd80000,0x00000000ebd80000,0x00000000ec080000)
 ParOldGen       total 68608K, used 36164K [0x00000000c0000000, 0x00000000c4300000, 0x00000000eab00000)
  object space 68608K, 52% used [0x00000000c0000000,0x00000000c23511d8,0x00000000c4300000)
 Metaspace       used 58969K, committed 59776K, reserved 1105920K
  class space    used 6182K, committed 6528K, reserved 1048576K
}
Event: 9.785 GC heap before
{Heap before GC invocations=26 (full 3):
 PSYoungGen      total 20480K, used 17687K [0x00000000eab00000, 0x00000000ec380000, 0x0000000100000000)
  eden space 18432K, 95% used [0x00000000eab00000,0x00000000ebc45ef8,0x00000000ebd00000)
  from space 2048K, 0% used [0x00000000ec180000,0x00000000ec180000,0x00000000ec380000)
  to   space 3072K, 0% used [0x00000000ebd80000,0x00000000ebd80000,0x00000000ec080000)
 ParOldGen       total 68608K, used 36164K [0x00000000c0000000, 0x00000000c4300000, 0x00000000eab00000)
  object space 68608K, 52% used [0x00000000c0000000,0x00000000c23511d8,0x00000000c4300000)
 Metaspace       used 59708K, committed 60608K, reserved 1105920K
  class space    used 6259K, committed 6656K, reserved 1048576K
}
Event: 9.786 GC heap after
{Heap after GC invocations=26 (full 3):
 PSYoungGen      total 21504K, used 3052K [0x00000000eab00000, 0x00000000ec400000, 0x0000000100000000)
  eden space 18432K, 0% used [0x00000000eab00000,0x00000000eab00000,0x00000000ebd00000)
  from space 3072K, 99% used [0x00000000ebd80000,0x00000000ec07b358,0x00000000ec080000)
  to   space 3584K, 0% used [0x00000000ec080000,0x00000000ec080000,0x00000000ec400000)
 ParOldGen       total 68608K, used 36300K [0x00000000c0000000, 0x00000000c4300000, 0x00000000eab00000)
  object space 68608K, 52% used [0x00000000c0000000,0x00000000c23731d8,0x00000000c4300000)
 Metaspace       used 59708K, committed 60608K, reserved 1105920K
  class space    used 6259K, committed 6656K, reserved 1048576K
}
Event: 9.880 GC heap before
{Heap before GC invocations=27 (full 3):
 PSYoungGen      total 21504K, used 21484K [0x00000000eab00000, 0x00000000ec400000, 0x0000000100000000)
  eden space 18432K, 100% used [0x00000000eab00000,0x00000000ebd00000,0x00000000ebd00000)
  from space 3072K, 99% used [0x00000000ebd80000,0x00000000ec07b358,0x00000000ec080000)
  to   space 3584K, 0% used [0x00000000ec080000,0x00000000ec080000,0x00000000ec400000)
 ParOldGen       total 79872K, used 73639K [0x00000000c0000000, 0x00000000c4e00000, 0x00000000eab00000)
  object space 79872K, 92% used [0x00000000c0000000,0x00000000c47e9d28,0x00000000c4e00000)
 Metaspace       used 60236K, committed 61120K, reserved 1105920K
  class space    used 6308K, committed 6720K, reserved 1048576K
}
Event: 9.882 GC heap after
{Heap after GC invocations=27 (full 3):
 PSYoungGen      total 20992K, used 2518K [0x00000000eab00000, 0x00000000ec300000, 0x0000000100000000)
  eden space 18432K, 0% used [0x00000000eab00000,0x00000000eab00000,0x00000000ebd00000)
  from space 2560K, 98% used [0x00000000ec080000,0x00000000ec2f5988,0x00000000ec300000)
  to   space 3072K, 0% used [0x00000000ebd00000,0x00000000ebd00000,0x00000000ec000000)
 ParOldGen       total 79872K, used 74869K [0x00000000c0000000, 0x00000000c4e00000, 0x00000000eab00000)
  object space 79872K, 93% used [0x00000000c0000000,0x00000000c491d6d8,0x00000000c4e00000)
 Metaspace       used 60236K, committed 61120K, reserved 1105920K
  class space    used 6308K, committed 6720K, reserved 1048576K
}
Event: 9.980 GC heap before
{Heap before GC invocations=28 (full 3):
 PSYoungGen      total 20992K, used 20950K [0x00000000eab00000, 0x00000000ec300000, 0x0000000100000000)
  eden space 18432K, 100% used [0x00000000eab00000,0x00000000ebd00000,0x00000000ebd00000)
  from space 2560K, 98% used [0x00000000ec080000,0x00000000ec2f5988,0x00000000ec300000)
  to   space 3072K, 0% used [0x00000000ebd00000,0x00000000ebd00000,0x00000000ec000000)
 ParOldGen       total 79872K, used 74869K [0x00000000c0000000, 0x00000000c4e00000, 0x00000000eab00000)
  object space 79872K, 93% used [0x00000000c0000000,0x00000000c491d6d8,0x00000000c4e00000)
 Metaspace       used 60236K, committed 61120K, reserved 1105920K
  class space    used 6308K, committed 6720K, reserved 1048576K
}
Event: 9.990 GC heap after
{Heap after GC invocations=28 (full 3):
 PSYoungGen      total 21504K, used 3072K [0x00000000eab00000, 0x00000000ec300000, 0x0000000100000000)
  eden space 18432K, 0% used [0x00000000eab00000,0x00000000eab00000,0x00000000ebd00000)
  from space 3072K, 100% used [0x00000000ebd00000,0x00000000ec000000,0x00000000ec000000)
  to   space 2560K, 0% used [0x00000000ec080000,0x00000000ec080000,0x00000000ec300000)
 ParOldGen       total 87552K, used 87155K [0x00000000c0000000, 0x00000000c5580000, 0x00000000eab00000)
  object space 87552K, 99% used [0x00000000c0000000,0x00000000c551cc60,0x00000000c5580000)
 Metaspace       used 60236K, committed 61120K, reserved 1105920K
  class space    used 6308K, committed 6720K, reserved 1048576K
}
Event: 9.990 GC heap before
{Heap before GC invocations=29 (full 4):
 PSYoungGen      total 21504K, used 3072K [0x00000000eab00000, 0x00000000ec300000, 0x0000000100000000)
  eden space 18432K, 0% used [0x00000000eab00000,0x00000000eab00000,0x00000000ebd00000)
  from space 3072K, 100% used [0x00000000ebd00000,0x00000000ec000000,0x00000000ec000000)
  to   space 2560K, 0% used [0x00000000ec080000,0x00000000ec080000,0x00000000ec300000)
 ParOldGen       total 87552K, used 87155K [0x00000000c0000000, 0x00000000c5580000, 0x00000000eab00000)
  object space 87552K, 99% used [0x00000000c0000000,0x00000000c551cc60,0x00000000c5580000)
 Metaspace       used 60236K, committed 61120K, reserved 1105920K
  class space    used 6308K, committed 6720K, reserved 1048576K
}

Deoptimization events (20 events):
Event: 9.747 Thread 0x0000015424106ef0 DEOPT PACKING pc=0x0000015415a5236c sp=0x0000004d69ffe950
Event: 9.747 Thread 0x0000015424106ef0 DEOPT UNPACKING pc=0x000001540dd020a3 sp=0x0000004d69ffe8c8 mode 2
Event: 9.781 Thread 0x0000015424108700 Uncommon trap: trap_request=0xffffffde fr.pc=0x00000154159b5e98 relative=0x00000000000013f8
Event: 9.781 Thread 0x0000015424108700 Uncommon trap: reason=class_check action=maybe_recompile pc=0x00000154159b5e98 method=java.util.zip.InflaterInputStream.read([BII)I @ 100 c2
Event: 9.781 Thread 0x0000015424108700 DEOPT PACKING pc=0x00000154159b5e98 sp=0x0000004d6a1ff1d0
Event: 9.781 Thread 0x0000015424108700 DEOPT UNPACKING pc=0x000001540dd020a3 sp=0x0000004d6a1ff220 mode 2
Event: 9.781 Thread 0x0000015424108700 Uncommon trap: trap_request=0xffffffde fr.pc=0x00000154159b5e98 relative=0x00000000000013f8
Event: 9.781 Thread 0x0000015424108700 Uncommon trap: reason=class_check action=maybe_recompile pc=0x00000154159b5e98 method=java.util.zip.InflaterInputStream.read([BII)I @ 100 c2
Event: 9.781 Thread 0x0000015424108700 DEOPT PACKING pc=0x00000154159b5e98 sp=0x0000004d6a1ff1d0
Event: 9.781 Thread 0x0000015424108700 DEOPT UNPACKING pc=0x000001540dd020a3 sp=0x0000004d6a1ff220 mode 2
Event: 9.781 Thread 0x0000015424108700 Uncommon trap: trap_request=0xffffffde fr.pc=0x00000154159b5e98 relative=0x00000000000013f8
Event: 9.781 Thread 0x0000015424108700 Uncommon trap: reason=class_check action=maybe_recompile pc=0x00000154159b5e98 method=java.util.zip.InflaterInputStream.read([BII)I @ 100 c2
Event: 9.781 Thread 0x0000015424108700 DEOPT PACKING pc=0x00000154159b5e98 sp=0x0000004d6a1ff1d0
Event: 9.781 Thread 0x0000015424108700 DEOPT UNPACKING pc=0x000001540dd020a3 sp=0x0000004d6a1ff220 mode 2
Event: 9.781 Thread 0x0000015424108700 Uncommon trap: trap_request=0xffffffde fr.pc=0x00000154159b5e98 relative=0x00000000000013f8
Event: 9.781 Thread 0x0000015424108700 Uncommon trap: reason=class_check action=maybe_recompile pc=0x00000154159b5e98 method=java.util.zip.InflaterInputStream.read([BII)I @ 100 c2
Event: 9.781 Thread 0x0000015424108700 DEOPT PACKING pc=0x00000154159b5e98 sp=0x0000004d6a1ff1d0
Event: 9.781 Thread 0x0000015424108700 DEOPT UNPACKING pc=0x000001540dd020a3 sp=0x0000004d6a1ff220 mode 2
Event: 9.797 Thread 0x000001542410c590 DEOPT PACKING pc=0x000001540ef3b6d4 sp=0x0000004d69eff080
Event: 9.797 Thread 0x000001542410c590 DEOPT UNPACKING pc=0x000001540dd02843 sp=0x0000004d69efe5a0 mode 0

Classes unloaded (0 events):
No events

Classes redefined (0 events):
No events

Internal exceptions (20 events):
Event: 9.246 Thread 0x0000015420d63a90 Exception <a 'sun/nio/fs/WindowsException'{0x00000000eb439a18}> (0x00000000eb439a18) 
thrown [e:\jenkins\tmp\workspace\build\src\src\hotspot\share\prims\jni.cpp, line 516]
Event: 9.254 Thread 0x0000015420d63a90 Exception <a 'sun/nio/fs/WindowsException'{0x00000000eb46a640}> (0x00000000eb46a640) 
thrown [e:\jenkins\tmp\workspace\build\src\src\hotspot\share\prims\jni.cpp, line 516]
Event: 9.257 Thread 0x0000015420d63a90 Exception <a 'sun/nio/fs/WindowsException'{0x00000000eb49a920}> (0x00000000eb49a920) 
thrown [e:\jenkins\tmp\workspace\build\src\src\hotspot\share\prims\jni.cpp, line 516]
Event: 9.263 Thread 0x0000015420d63a90 Exception <a 'sun/nio/fs/WindowsException'{0x00000000eb4a2850}> (0x00000000eb4a2850) 
thrown [e:\jenkins\tmp\workspace\build\src\src\hotspot\share\prims\jni.cpp, line 516]
Event: 9.265 Thread 0x0000015420d63a90 Exception <a 'sun/nio/fs/WindowsException'{0x00000000eb4d1e88}> (0x00000000eb4d1e88) 
thrown [e:\jenkins\tmp\workspace\build\src\src\hotspot\share\prims\jni.cpp, line 516]
Event: 9.269 Thread 0x0000015420d63a90 Exception <a 'sun/nio/fs/WindowsException'{0x00000000eb4da8f8}> (0x00000000eb4da8f8) 
thrown [e:\jenkins\tmp\workspace\build\src\src\hotspot\share\prims\jni.cpp, line 516]
Event: 9.274 Thread 0x0000015420d63a90 Exception <a 'sun/nio/fs/WindowsException'{0x00000000eb4f5f50}> (0x00000000eb4f5f50) 
thrown [e:\jenkins\tmp\workspace\build\src\src\hotspot\share\prims\jni.cpp, line 516]
Event: 9.279 Thread 0x0000015420d63a90 Exception <a 'sun/nio/fs/WindowsException'{0x00000000eb511c50}> (0x00000000eb511c50) 
thrown [e:\jenkins\tmp\workspace\build\src\src\hotspot\share\prims\jni.cpp, line 516]
Event: 9.497 Thread 0x000001542410b720 Exception <a 'java/lang/NoSuchMethodError'{0x00000000ead6da50}: 'java.lang.Object java.lang.invoke.DirectMethodHandle$Holder.invokeStatic(java.lang.Object, java.lang.Object, java.lang.Object, long)'> (0x00000000ead6da50) 
thrown [e:\jenkins\tmp\workspace\build\src\src\hotspot\share\interpreter\linkResolver.cpp, line 766]
Event: 9.498 Thread 0x000001542410b720 Exception <a 'java/lang/NoSuchMethodError'{0x00000000ead761a8}: 'java.lang.Object java.lang.invoke.DirectMethodHandle$Holder.newInvokeSpecial(java.lang.Object, java.lang.Object, java.lang.Object, long)'> (0x00000000ead761a8) 
thrown [e:\jenkins\tmp\workspace\build\src\src\hotspot\share\interpreter\linkResolver.cpp, line 766]
Event: 9.498 Thread 0x000001542410b720 Exception <a 'java/lang/NoSuchMethodError'{0x00000000ead7ac38}: 'java.lang.Object java.lang.invoke.DirectMethodHandle$Holder.invokeSpecial(java.lang.Object, java.lang.Object, java.lang.Object, java.lang.Object, long)'> (0x00000000ead7ac38) 
thrown [e:\jenkins\tmp\workspace\build\src\src\hotspot\share\interpreter\linkResolver.cpp, line 766]
Event: 9.498 Thread 0x000001542410b720 Exception <a 'java/lang/NoSuchMethodError'{0x00000000ead7eec0}: 'java.lang.Object java.lang.invoke.Invokers$Holder.linkToTargetMethod(java.lang.Object, java.lang.Object, long, java.lang.Object)'> (0x00000000ead7eec0) 
thrown [e:\jenkins\tmp\workspace\build\src\src\hotspot\share\interpreter\linkResolver.cpp, line 766]
Event: 9.499 Thread 0x000001542410b720 Implicit null exception at 0x00000154157af88f to 0x00000154157af909
Event: 9.524 Thread 0x000001542410ca60 Exception <a 'java/lang/NoSuchMethodError'{0x00000000eade9ea0}: 'java.lang.Object java.lang.invoke.DirectMethodHandle$Holder.newInvokeSpecial(java.lang.Object, java.lang.Object, java.lang.Object, int, java.lang.Object)'> (0x00000000eade9ea0) 
thrown [e:\jenkins\tmp\workspace\build\src\src\hotspot\share\interpreter\linkResolver.cpp, line 766]
Event: 9.524 Thread 0x000001542410ca60 Exception <a 'java/lang/NoSuchMethodError'{0x00000000eadeeb88}: 'java.lang.Object java.lang.invoke.DirectMethodHandle$Holder.invokeSpecial(java.lang.Object, java.lang.Object, java.lang.Object, java.lang.Object, int, java.lang.Object)'> (0x00000000eadeeb88) 
thrown [e:\jenkins\tmp\workspace\build\src\src\hotspot\share\interpreter\linkResolver.cpp, line 766]
Event: 9.546 Thread 0x000001542410ca60 Exception <a 'java/lang/NoSuchMethodError'{0x00000000eaedbd90}: 'java.lang.Object java.lang.invoke.DirectMethodHandle$Holder.invokeStatic(java.lang.Object, java.lang.Object, int, java.lang.Object)'> (0x00000000eaedbd90) 
thrown [e:\jenkins\tmp\workspace\build\src\src\hotspot\share\interpreter\linkResolver.cpp, line 766]
Event: 9.548 Thread 0x000001542410ca60 Exception <a 'java/lang/NoSuchMethodError'{0x00000000eaefa3e8}: 'java.lang.Object java.lang.invoke.DirectMethodHandle$Holder.newInvokeSpecial(java.lang.Object, java.lang.Object, int)'> (0x00000000eaefa3e8) 
thrown [e:\jenkins\tmp\workspace\build\src\src\hotspot\share\interpreter\linkResolver.cpp, line 766]
Event: 9.648 Thread 0x0000015424108230 Exception <a 'java/lang/NoSuchMethodError'{0x00000000eab19390}: 'java.lang.Object java.lang.invoke.DirectMethodHandle$Holder.invokeStaticInit(java.lang.Object, java.lang.Object, java.lang.Object)'> (0x00000000eab19390) 
thrown [e:\jenkins\tmp\workspace\build\src\src\hotspot\share\interpreter\linkResolver.cpp, line 766]
Event: 9.678 Thread 0x0000015424108700 Exception <a 'sun/nio/fs/WindowsException'{0x00000000eaf422c0}> (0x00000000eaf422c0) 
thrown [e:\jenkins\tmp\workspace\build\src\src\hotspot\share\prims\jni.cpp, line 516]
Event: 9.839 Thread 0x000001542410c590 Exception <a 'java/lang/ClassNotFoundException'{0x00000000eba18178}: sun/util/logging/resources/spi/loggingProvider> (0x00000000eba18178) 
thrown [e:\jenkins\tmp\workspace\build\src\src\hotspot\share\classfile\systemDictionary.cpp, line 256]

VM Operations (20 events):
Event: 9.431 Executing VM operation: ParallelGCFailedAllocation done
Event: 9.560 Executing VM operation: HandshakeAllThreads
Event: 9.560 Executing VM operation: HandshakeAllThreads done
Event: 9.568 Executing VM operation: CollectForMetadataAllocation
Event: 9.646 Executing VM operation: CollectForMetadataAllocation done
Event: 9.666 Executing VM operation: HandshakeAllThreads
Event: 9.666 Executing VM operation: HandshakeAllThreads done
Event: 9.680 Executing VM operation: HandshakeAllThreads
Event: 9.681 Executing VM operation: HandshakeAllThreads done
Event: 9.709 Executing VM operation: HandshakeAllThreads
Event: 9.709 Executing VM operation: HandshakeAllThreads done
Event: 9.710 Executing VM operation: HandshakeAllThreads
Event: 9.710 Executing VM operation: HandshakeAllThreads done
Event: 9.749 Executing VM operation: HandshakeAllThreads
Event: 9.749 Executing VM operation: HandshakeAllThreads done
Event: 9.784 Executing VM operation: ParallelGCFailedAllocation
Event: 9.786 Executing VM operation: ParallelGCFailedAllocation done
Event: 9.879 Executing VM operation: ParallelGCFailedAllocation
Event: 9.882 Executing VM operation: ParallelGCFailedAllocation done
Event: 9.980 Executing VM operation: ParallelGCFailedAllocation

Events (20 events):
Event: 9.840 loading class sun/util/logging/resources/logging
Event: 9.840 loading class sun/util/logging/resources/logging done
Event: 9.840 loading class sun/util/logging/resources/logging_en
Event: 9.840 loading class sun/util/logging/resources/logging_en done
Event: 9.840 loading class sun/util/logging/resources/logging_en
Event: 9.840 loading class sun/util/logging/resources/logging_en done
Event: 9.840 loading class sun/util/logging/resources/logging_en_MY
Event: 9.840 loading class sun/util/logging/resources/logging_en_MY done
Event: 9.840 loading class sun/util/logging/resources/logging_en_MY
Event: 9.840 loading class sun/util/logging/resources/logging_en_MY done
Event: 9.840 loading class java/util/Formatter$DateTime
Event: 9.840 loading class java/util/Formatter$DateTime done
Event: 9.840 loading class java/time/ZonedDateTime$1
Event: 9.840 loading class java/time/ZonedDateTime$1 done
Event: 9.840 loading class java/time/LocalDate$1
Event: 9.840 loading class java/time/LocalDate$1 done
Event: 9.841 loading class java/time/LocalTime$1
Event: 9.841 loading class java/time/LocalTime$1 done
Event: 9.849 loading class java/util/zip/GZIPInputStream$1
Event: 9.849 loading class java/util/zip/GZIPInputStream$1 done


Dynamic libraries:
0x00007ff71d740000 - 0x00007ff71d74e000 	c:\Users\Nathan Ting\.vscode\extensions\redhat.java-1.4.0\jre\17.0.2-win32-x86_64\bin\java.exe
0x00007ffeb1e30000 - 0x00007ffeb2025000 	C:\WINDOWS\SYSTEM32\ntdll.dll
0x00007ffeb0ab0000 - 0x00007ffeb0b6e000 	C:\WINDOWS\System32\KERNEL32.DLL
0x00007ffeaf5c0000 - 0x00007ffeaf888000 	C:\WINDOWS\System32\KERNELBASE.dll
0x00007ffeafcf0000 - 0x00007ffeafdf0000 	C:\WINDOWS\System32\ucrtbase.dll
0x00007ffea17e0000 - 0x00007ffea17f8000 	c:\Users\Nathan Ting\.vscode\extensions\redhat.java-1.4.0\jre\17.0.2-win32-x86_64\bin\jli.dll
0x00007ffea1780000 - 0x00007ffea1799000 	c:\Users\Nathan Ting\.vscode\extensions\redhat.java-1.4.0\jre\17.0.2-win32-x86_64\bin\VCRUNTIME140.dll
0x00007ffeb1940000 - 0x00007ffeb1ae0000 	C:\WINDOWS\System32\USER32.dll
0x00007ffeafaf0000 - 0x00007ffeafb12000 	C:\WINDOWS\System32\win32u.dll
0x00007ffeb1b80000 - 0x00007ffeb1bab000 	C:\WINDOWS\System32\GDI32.dll
0x00007ffe9ba30000 - 0x00007ffe9bcca000 	C:\WINDOWS\WinSxS\amd64_microsoft.windows.common-controls_6595b64144ccf1df_6.0.19041.1110_none_60b5254171f9507e\COMCTL32.dll
0x00007ffeafbe0000 - 0x00007ffeafceb000 	C:\WINDOWS\System32\gdi32full.dll
0x00007ffeb0550000 - 0x00007ffeb05ee000 	C:\WINDOWS\System32\msvcrt.dll
0x00007ffeafdf0000 - 0x00007ffeafe8d000 	C:\WINDOWS\System32\msvcp_win.dll
0x00007ffeaff40000 - 0x00007ffeaff70000 	C:\WINDOWS\System32\IMM32.DLL
0x00007ffeab310000 - 0x00007ffeab31c000 	c:\Users\Nathan Ting\.vscode\extensions\redhat.java-1.4.0\jre\17.0.2-win32-x86_64\bin\vcruntime140_1.dll
0x00007ffe6fe30000 - 0x00007ffe6fec1000 	c:\Users\Nathan Ting\.vscode\extensions\redhat.java-1.4.0\jre\17.0.2-win32-x86_64\bin\msvcp140.dll
0x00007ffe4e010000 - 0x00007ffe4ec57000 	c:\Users\Nathan Ting\.vscode\extensions\redhat.java-1.4.0\jre\17.0.2-win32-x86_64\bin\server\jvm.dll
0x00007ffeaff70000 - 0x00007ffeb001e000 	C:\WINDOWS\System32\ADVAPI32.dll
0x00007ffeb1ae0000 - 0x00007ffeb1b7c000 	C:\WINDOWS\System32\sechost.dll
0x00007ffeb0980000 - 0x00007ffeb0aa5000 	C:\WINDOWS\System32\RPCRT4.dll
0x00007ffeb0460000 - 0x00007ffeb0468000 	C:\WINDOWS\System32\PSAPI.DLL
0x00007ffe9d5c0000 - 0x00007ffe9d5c9000 	C:\WINDOWS\SYSTEM32\WSOCK32.dll
0x00007ffea2fa0000 - 0x00007ffea2fc7000 	C:\WINDOWS\SYSTEM32\WINMM.dll
0x00007ffeb0670000 - 0x00007ffeb06db000 	C:\WINDOWS\System32\WS2_32.dll
0x00007ffeaac40000 - 0x00007ffeaac4a000 	C:\WINDOWS\SYSTEM32\VERSION.dll
0x00007ffead460000 - 0x00007ffead472000 	C:\WINDOWS\SYSTEM32\kernel.appcore.dll
0x00007ffeab240000 - 0x00007ffeab24a000 	c:\Users\Nathan Ting\.vscode\extensions\redhat.java-1.4.0\jre\17.0.2-win32-x86_64\bin\jimage.dll
0x00007ffea7560000 - 0x00007ffea7744000 	C:\WINDOWS\SYSTEM32\DBGHELP.DLL
0x00007ffea77c0000 - 0x00007ffea77ec000 	C:\WINDOWS\SYSTEM32\dbgcore.DLL
0x00007ffeafb20000 - 0x00007ffeafba2000 	C:\WINDOWS\System32\bcryptPrimitives.dll
0x00007ffe9ebd0000 - 0x00007ffe9ebf5000 	c:\Users\Nathan Ting\.vscode\extensions\redhat.java-1.4.0\jre\17.0.2-win32-x86_64\bin\java.dll
0x00007ffea1370000 - 0x00007ffea1388000 	c:\Users\Nathan Ting\.vscode\extensions\redhat.java-1.4.0\jre\17.0.2-win32-x86_64\bin\zip.dll
0x00007ffeb0fe0000 - 0x00007ffeb1724000 	C:\WINDOWS\System32\SHELL32.dll
0x00007ffead660000 - 0x00007ffeaddf4000 	C:\WINDOWS\SYSTEM32\windows.storage.dll
0x00007ffeb0080000 - 0x00007ffeb03d4000 	C:\WINDOWS\System32\combase.dll
0x00007ffeaefb0000 - 0x00007ffeaefdc000 	C:\WINDOWS\SYSTEM32\Wldp.dll
0x00007ffeafe90000 - 0x00007ffeaff3d000 	C:\WINDOWS\System32\SHCORE.dll
0x00007ffeb1730000 - 0x00007ffeb1785000 	C:\WINDOWS\System32\shlwapi.dll
0x00007ffeaf490000 - 0x00007ffeaf4af000 	C:\WINDOWS\SYSTEM32\profapi.dll
0x00007ffea0f60000 - 0x00007ffea0f79000 	C:\Users\Nathan Ting\.vscode\extensions\redhat.java-1.4.0\jre\17.0.2-win32-x86_64\bin\net.dll
0x00007ffea73a0000 - 0x00007ffea74a9000 	C:\WINDOWS\SYSTEM32\WINHTTP.dll
0x00007ffeaed10000 - 0x00007ffeaed7a000 	C:\WINDOWS\system32\mswsock.dll
0x00007ffe9ac90000 - 0x00007ffe9aca5000 	C:\Users\Nathan Ting\.vscode\extensions\redhat.java-1.4.0\jre\17.0.2-win32-x86_64\bin\nio.dll
0x00007ffeaef10000 - 0x00007ffeaef28000 	C:\WINDOWS\SYSTEM32\CRYPTSP.dll
0x00007ffeae620000 - 0x00007ffeae654000 	C:\WINDOWS\system32\rsaenh.dll
0x00007ffeafbb0000 - 0x00007ffeafbd7000 	C:\WINDOWS\System32\bcrypt.dll
0x00007ffeaf410000 - 0x00007ffeaf43e000 	C:\WINDOWS\SYSTEM32\USERENV.dll
0x00007ffeaef00000 - 0x00007ffeaef0c000 	C:\WINDOWS\SYSTEM32\CRYPTBASE.dll
0x00007ffeae9b0000 - 0x00007ffeae9eb000 	C:\WINDOWS\SYSTEM32\IPHLPAPI.DLL
0x00007ffeb1de0000 - 0x00007ffeb1de8000 	C:\WINDOWS\System32\NSI.dll
0x00007ffea9f60000 - 0x00007ffea9f77000 	C:\WINDOWS\SYSTEM32\dhcpcsvc6.DLL
0x00007ffea9f40000 - 0x00007ffea9f5d000 	C:\WINDOWS\SYSTEM32\dhcpcsvc.DLL
0x00007ffeae9f0000 - 0x00007ffeaeaba000 	C:\WINDOWS\SYSTEM32\DNSAPI.dll
0x00007ffe99d80000 - 0x00007ffe99dbe000 	C:\Users\Nathan Ting\AppData\Roaming\Code\User\globalStorage\redhat.java\1.4.0\config_win\org.eclipse.equinox.launcher\org.eclipse.equinox.launcher.win32.win32.x86_64_1.2.400.v20211117-0650\eclipse_11602.dll
0x00007ffeb06e0000 - 0x00007ffeb080a000 	C:\WINDOWS\System32\ole32.dll
0x00007ffeab210000 - 0x00007ffeab220000 	c:\Users\Nathan Ting\.vscode\extensions\redhat.java-1.4.0\jre\17.0.2-win32-x86_64\bin\verify.dll
0x00007ffe99960000 - 0x00007ffe99971000 	C:\Users\Nathan Ting\AppData\Roaming\Code\User\globalStorage\redhat.java\1.4.0\config_win\org.eclipse.osgi\22\0\.cp\jWinHttp-1.0.0.dll

dbghelp: loaded successfully - version: 4.0.5 - missing functions: none
symbol engine: initialized successfully - sym options: 0x614 - pdb path: .;c:\Users\Nathan Ting\.vscode\extensions\redhat.java-1.4.0\jre\17.0.2-win32-x86_64\bin;C:\WINDOWS\SYSTEM32;C:\WINDOWS\WinSxS\amd64_microsoft.windows.common-controls_6595b64144ccf1df_6.0.19041.1110_none_60b5254171f9507e;c:\Users\Nathan Ting\.vscode\extensions\redhat.java-1.4.0\jre\17.0.2-win32-x86_64\bin\server;C:\Users\Nathan Ting\AppData\Roaming\Code\User\globalStorage\redhat.java\1.4.0\config_win\org.eclipse.equinox.launcher\org.eclipse.equinox.launcher.win32.win32.x86_64_1.2.400.v20211117-0650;C:\Users\Nathan Ting\AppData\Roaming\Code\User\globalStorage\redhat.java\1.4.0\config_win\org.eclipse.osgi\22\0\.cp

VM Arguments:
jvm_args: --add-modules=ALL-SYSTEM --add-opens=java.base/java.util=ALL-UNNAMED --add-opens=java.base/java.lang=ALL-UNNAMED --add-opens=java.base/sun.nio.fs=ALL-UNNAMED -Declipse.application=org.eclipse.jdt.ls.core.id1 -Dosgi.bundles.defaultStartLevel=4 -Declipse.product=org.eclipse.jdt.ls.core.product -Djava.import.generatesMetadataFilesAtProjectRoot=false -Dfile.encoding=utf8 -DwatchParentProcess=false -XX:+UseParallelGC -XX:GCTimeRatio=4 -XX:AdaptiveSizePolicyWeight=90 -Dsun.zip.disableMemoryMapping=true -Xmx1G -Xms100m -XX:+HeapDumpOnOutOfMemoryError -XX:HeapDumpPath=c:\Users\Nathan Ting\AppData\Roaming\Code\User\workspaceStorage\665fadb96facc8848b70aa769e507785\redhat.java 
java_command: c:\Users\Nathan Ting\.vscode\extensions\redhat.java-1.4.0\server\plugins\org.eclipse.equinox.launcher_1.6.400.v20210924-0641.jar -configuration c:\Users\Nathan Ting\AppData\Roaming\Code\User\globalStorage\redhat.java\1.4.0\config_win -data c:\Users\Nathan Ting\AppData\Roaming\Code\User\workspaceStorage\665fadb96facc8848b70aa769e507785\redhat.java\jdt_ws
java_class_path (initial): c:\Users\Nathan Ting\.vscode\extensions\redhat.java-1.4.0\server\plugins\org.eclipse.equinox.launcher_1.6.400.v20210924-0641.jar
Launcher Type: SUN_STANDARD

[Global flags]
    uintx AdaptiveSizePolicyWeight                 = 90                                        {product} {command line}
     intx CICompilerCount                          = 4                                         {product} {ergonomic}
    uintx GCTimeRatio                              = 4                                         {product} {command line}
     bool HeapDumpOnOutOfMemoryError               = true                                   {manageable} {command line}
    ccstr HeapDumpPath                             = c:\Users\Nathan Ting\AppData\Roaming\Code\User\workspaceStorage\665fadb96facc8848b70aa769e507785\redhat.java         {manageable} {command line}
   size_t InitialHeapSize                          = 104857600                                 {product} {command line}
   size_t MaxHeapSize                              = 1073741824                                {product} {command line}
   size_t MaxNewSize                               = 357564416                                 {product} {ergonomic}
   size_t MinHeapDeltaBytes                        = 524288                                    {product} {ergonomic}
   size_t MinHeapSize                              = 104857600                                 {product} {command line}
   size_t NewSize                                  = 34603008                                  {product} {ergonomic}
    uintx NonNMethodCodeHeapSize                   = 5839372                                {pd product} {ergonomic}
    uintx NonProfiledCodeHeapSize                  = 122909434                              {pd product} {ergonomic}
   size_t OldSize                                  = 70254592                                  {product} {ergonomic}
    uintx ProfiledCodeHeapSize                     = 122909434                              {pd product} {ergonomic}
    uintx ReservedCodeCacheSize                    = 251658240                              {pd product} {ergonomic}
     bool SegmentedCodeCache                       = true                                      {product} {ergonomic}
   size_t SoftMaxHeapSize                          = 1073741824                             {manageable} {ergonomic}
     bool UseCompressedClassPointers               = true                           {product lp64_product} {ergonomic}
     bool UseCompressedOops                        = true                           {product lp64_product} {ergonomic}
     bool UseLargePagesIndividualAllocation        = false                                  {pd product} {ergonomic}
     bool UseParallelGC                            = true                                      {product} {command line}

Logging:
Log output configuration:
 #0: stdout all=warning uptime,level,tags
 #1: stderr all=off uptime,level,tags

Environment Variables:
PATH=C:\Program Files (x86)\Razer Chroma SDK\bin;C:\Program Files\Razer Chroma SDK\bin;C:\Program Files (x86)\Razer\ChromaBroadcast\bin;C:\Program Files\Razer\ChromaBroadcast\bin;C:\Program Files\Common Files\Oracle\Java\javapath;C:\Program Files\NVIDIA GPU Computing Toolkit\CUDA\v11.4\bin;C:\Program Files\NVIDIA GPU Computing Toolkit\CUDA\v11.4\libnvvp;;C:\Program Files (x86)\Common Files\Oracle\Java\javapath;C:\Program Files\AdoptOpenJDK\jdk-16.0.1.9-hotspot\bin;C:\oraclexe\app\oracle\product\11.2.0\server\bin;C:\ProgramData\Oracle\Java\javapath;C:\Windows\system32;C:\Windows;C:\Windows\System32\Wbem;C:\Windows\System32\WindowsPowerShell\v1.0\;C:\Windows\System32\OpenSSH\;C:\Program Files (x86)\NVIDIA Corporation\PhysX\Common;C:\Program Files\NVIDIA Corporation\NVIDIA NvDLISR;C:\WINDOWS\system32;C:\WINDOWS;C:\WINDOWS\System32\Wbem;C:\WINDOWS\System32\WindowsPowerShell\v1.0\;C:\WINDOWS\System32\OpenSSH\;C:\Program Files\nodejs\;C:\ProgramData\chocolatey\bin;C:\Program Files\Git\cmd;C:\Program Files\NVIDIA Corporation\Nsight Compute 2021.2.1\;C:\Users\Nathan Ting\AppData\Local\Programs\Python\Python39\Scripts\;C:\Users\Nathan Ting\AppData\Local\Programs\Python\Python39\;C:\Program Files\MySQL\MySQL Shell 8.0\bin\;C:\Users\Nathan Ting\AppData\Local\Microsoft\WindowsApps;C:\Users\Nathan Ting\AppData\Roaming\npm;D:\VSC\Microsoft VS Code\bin;C:\Program Files\NVIDIA GPU Computing Toolkit\CUDA\v11.2\bin;C:\Program Files\NVIDIA GPU Computing Toolkit\CUDA\V11.2\libnvvp;C:\WINDOWS\system32\config\systemprofile\AppData\Local\Microsoft\WindowsApps;C:\Users\Nathan Ting\AppData\Local\Programs\Python\Python39\Scripts\;C:\Users\Nathan Ting\AppData\Local\Programs\Python\Python39\;C:\Program Files\MySQL\MySQL Shell 8.0\bin\;C:\Users\Nathan Ting\AppData\Local\Microsoft\WindowsApps;C:\Users\Nathan Ting\AppData\Roaming\npm;D:\VSC\Microsoft VS Code\bin;C:\Program Files\NVIDIA GPU Computing Toolkit\CUDA\v11.2\bin;C:\Program Files\NVIDIA GPU Computing Toolkit\CUDA\V11.2\libnvvp;
USERNAME=Nathan Ting
OS=Windows_NT
PROCESSOR_IDENTIFIER=Intel64 Family 6 Model 158 Stepping 13, GenuineIntel



---------------  S Y S T E M  ---------------

OS:
 Windows 10 , 64 bit Build 19041 (10.0.19041.1566)
OS uptime: 4 days 2:15 hours

CPU: total 12 (initial active 12) (6 cores per cpu, 2 threads per core) family 6 model 158 stepping 13 microcode 0xb8, cx8, cmov, fxsr, ht, mmx, 3dnowpref, sse, sse2, sse3, ssse3, sse4.1, sse4.2, popcnt, lzcnt, tsc, tscinvbit, avx, avx2, aes, erms, clmul, bmi1, bmi2, adx, fma, vzeroupper, clflush, clflushopt

Memory: 4k page, system-wide physical 16229M (1756M free)
TotalPageFile size 65381M (AvailPageFile size 4M)
current process WorkingSet (physical memory assigned to process): 336M, peak: 336M
current process commit charge ("private bytes"): 383M, peak: 979M

vm_info: OpenJDK 64-Bit Server VM (17.0.2+8) for windows-amd64 JRE (17.0.2+8), built on Jan 20 2022 04:52:34 by "" with MS VC++ 16.7 (VS2019)

END.
