#
# There is insufficient memory for the Java Runtime Environment to continue.
# Native memory allocation (malloc) failed to allocate 392672 bytes for Chunk::new
# Possible reasons:
#   The system is out of physical RAM or swap space
#   The process is running with CompressedOops enabled, and the Java Heap may be blocking the growth of the native heap
# Possible solutions:
#   Reduce memory load on the system
#   Increase physical memory or swap space
#   Check if swap backing store is full
#   Decrease Java heap size (-Xmx/-Xms)
#   Decrease number of Java threads
#   Decrease Java thread stack sizes (-Xss)
#   Set larger code cache with -XX:ReservedCodeCacheSize=
#   JVM is running with Unscaled Compressed Oops mode in which the Java heap is
#     placed in the first 4GB address space. The Java Heap base address is the
#     maximum limit for the native heap growth. Please use -XX:HeapBaseMinAddress
#     to set the Java Heap base and to place the Java Heap above 4GB virtual address.
# This output file may be truncated or incomplete.
#
#  Out of Memory Error (arena.cpp:189), pid=7852, tid=20620
#
# JRE version: OpenJDK Runtime Environment Temurin-17.0.2+8 (17.0.2+8) (build 17.0.2+8)
# Java VM: OpenJDK 64-Bit Server VM Temurin-17.0.2+8 (17.0.2+8, mixed mode, tiered, compressed oops, compressed class ptrs, parallel gc, windows-amd64)
# No core dump will be written. Minidumps are not enabled by default on client versions of Windows
#

---------------  S U M M A R Y ------------

Command Line: --add-modules=ALL-SYSTEM --add-opens=java.base/java.util=ALL-UNNAMED --add-opens=java.base/java.lang=ALL-UNNAMED --add-opens=java.base/sun.nio.fs=ALL-UNNAMED -Declipse.application=org.eclipse.jdt.ls.core.id1 -Dosgi.bundles.defaultStartLevel=4 -Declipse.product=org.eclipse.jdt.ls.core.product -Djava.import.generatesMetadataFilesAtProjectRoot=false -Dfile.encoding=utf8 -DwatchParentProcess=false -XX:+UseParallelGC -XX:GCTimeRatio=4 -XX:AdaptiveSizePolicyWeight=90 -Dsun.zip.disableMemoryMapping=true -Xmx1G -Xms100m c:\Users\Nathan Ting\.vscode\extensions\redhat.java-1.4.0\server\plugins\org.eclipse.equinox.launcher_1.6.400.v20210924-0641.jar -configuration c:\Users\Nathan Ting\AppData\Roaming\Code\User\globalStorage\redhat.java\1.4.0\config_ss_win -data c:\Users\Nathan Ting\AppData\Roaming\Code\User\workspaceStorage\665fadb96facc8848b70aa769e507785\redhat.java\ss_ws

Host: Intel(R) Core(TM) i7-9750H CPU @ 2.60GHz, 12 cores, 15G,  Windows 10 , 64 bit Build 19041 (10.0.19041.1566)
Time: Tue Mar 15 18:00:22 2022 Malay Peninsula Standard Time elapsed time: 3.790135 seconds (0d 0h 0m 3s)

---------------  T H R E A D  ---------------

Current thread (0x00000208dcfbff90):  JavaThread "C2 CompilerThread0" daemon [_thread_in_native, id=20620, stack(0x0000001428000000,0x0000001428100000)]


Current CompileTask:
C2:   3790 2963       4       jdk.internal.jimage.ImageReader$SharedImageReader$$Lambda$178/0x0000000100381678::visit (13 bytes)

Stack: [0x0000001428000000,0x0000001428100000]
Native frames: (J=compiled Java code, j=interpreted, Vv=VM code, C=native code)
V  [jvm.dll+0x67564a]
V  [jvm.dll+0x82fc04]
V  [jvm.dll+0x8313ae]
V  [jvm.dll+0x831a13]
V  [jvm.dll+0x245235]
V  [jvm.dll+0xabd7b]
V  [jvm.dll+0xac30c]
V  [jvm.dll+0x3631f7]
V  [jvm.dll+0x1bb702]
V  [jvm.dll+0x218229]
V  [jvm.dll+0x2174f1]
V  [jvm.dll+0x1a3a8d]
V  [jvm.dll+0x226ef8]
V  [jvm.dll+0x22503c]
V  [jvm.dll+0x7e596b]
V  [jvm.dll+0x7dff2a]
V  [jvm.dll+0x6744d5]
C  [ucrtbase.dll+0x21bb2]
C  [KERNEL32.DLL+0x17034]
C  [ntdll.dll+0x52651]


---------------  P R O C E S S  ---------------

Threads class SMR info:
_java_thread_list=0x00000208dffd9880, length=24, elements={
0x00000208c73f2800, 0x00000208dcf74130, 0x00000208dcf753d0, 0x00000208db27ccd0,
0x00000208db27d790, 0x00000208db27e250, 0x00000208dcfb97d0, 0x00000208dcfbff90,
0x00000208dcfc95e0, 0x00000208dcfca290, 0x00000208dd07cf60, 0x00000208dd227210,
0x00000208deaa5a20, 0x00000208deadef70, 0x00000208deae0450, 0x00000208de956450,
0x00000208deb2ea10, 0x00000208df8180c0, 0x00000208df9785f0, 0x00000208df8feb20,
0x00000208df8fe180, 0x00000208dfcdd9f0, 0x00000208dfd0fe00, 0x00000208df8feff0
}

Java Threads: ( => current thread )
  0x00000208c73f2800 JavaThread "main" [_thread_blocked, id=308, stack(0x0000001427700000,0x0000001427800000)]
  0x00000208dcf74130 JavaThread "Reference Handler" daemon [_thread_blocked, id=14808, stack(0x0000001427a00000,0x0000001427b00000)]
  0x00000208dcf753d0 JavaThread "Finalizer" daemon [_thread_blocked, id=1916, stack(0x0000001427b00000,0x0000001427c00000)]
  0x00000208db27ccd0 JavaThread "Signal Dispatcher" daemon [_thread_blocked, id=26848, stack(0x0000001427c00000,0x0000001427d00000)]
  0x00000208db27d790 JavaThread "Attach Listener" daemon [_thread_blocked, id=13348, stack(0x0000001427d00000,0x0000001427e00000)]
  0x00000208db27e250 JavaThread "Service Thread" daemon [_thread_blocked, id=14256, stack(0x0000001427e00000,0x0000001427f00000)]
  0x00000208dcfb97d0 JavaThread "Monitor Deflation Thread" daemon [_thread_blocked, id=26568, stack(0x0000001427f00000,0x0000001428000000)]
=>0x00000208dcfbff90 JavaThread "C2 CompilerThread0" daemon [_thread_in_native, id=20620, stack(0x0000001428000000,0x0000001428100000)]
  0x00000208dcfc95e0 JavaThread "C1 CompilerThread0" daemon [_thread_in_native, id=24488, stack(0x0000001428100000,0x0000001428200000)]
  0x00000208dcfca290 JavaThread "Sweeper thread" daemon [_thread_blocked, id=16836, stack(0x0000001428200000,0x0000001428300000)]
  0x00000208dd07cf60 JavaThread "Common-Cleaner" daemon [_thread_blocked, id=26428, stack(0x0000001428300000,0x0000001428400000)]
  0x00000208dd227210 JavaThread "Notification Thread" daemon [_thread_blocked, id=13076, stack(0x0000001428500000,0x0000001428600000)]
  0x00000208deaa5a20 JavaThread "Active Thread: Equinox Container: f984aa0b-5119-4ce9-b6c7-4bbedf73c083" [_thread_blocked, id=13500, stack(0x0000001428700000,0x0000001428800000)]
  0x00000208deadef70 JavaThread "Framework Event Dispatcher: Equinox Container: f984aa0b-5119-4ce9-b6c7-4bbedf73c083" daemon [_thread_blocked, id=13196, stack(0x0000001428800000,0x0000001428900000)]
  0x00000208deae0450 JavaThread "Start Level: Equinox Container: f984aa0b-5119-4ce9-b6c7-4bbedf73c083" daemon [_thread_blocked, id=17784, stack(0x0000001428900000,0x0000001428a00000)]
  0x00000208de956450 JavaThread "SCR Component Actor" daemon [_thread_blocked, id=11176, stack(0x0000001428a00000,0x0000001428b00000)]
  0x00000208deb2ea10 JavaThread "Timer-0" [_thread_blocked, id=26992, stack(0x0000001429100000,0x0000001429200000)]
  0x00000208df8180c0 JavaThread "Worker-JM" [_thread_blocked, id=12300, stack(0x0000001429200000,0x0000001429300000)]
  0x00000208df9785f0 JavaThread "Worker-0" [_thread_blocked, id=17440, stack(0x0000001429300000,0x0000001429400000)]
  0x00000208df8feb20 JavaThread "Worker-1" [_thread_blocked, id=20564, stack(0x0000001429400000,0x0000001429500000)]
  0x00000208df8fe180 JavaThread "Worker-2" [_thread_blocked, id=10108, stack(0x0000001428400000,0x0000001428500000)]
  0x00000208dfcdd9f0 JavaThread "C2 CompilerThread1" daemon [_thread_in_native, id=14528, stack(0x0000001429800000,0x0000001429900000)]
  0x00000208dfd0fe00 JavaThread "C2 CompilerThread2" daemon [_thread_in_native, id=27624, stack(0x0000001429900000,0x0000001429a00000)]
  0x00000208df8feff0 JavaThread "pool-1-thread-1" [_thread_in_native, id=11516, stack(0x0000001429a00000,0x0000001429b00000)]

Other Threads:
  0x00000208db1399e0 VMThread "VM Thread" [stack: 0x0000001427900000,0x0000001427a00000] [id=5564]
  0x00000208dd2296f0 WatcherThread [stack: 0x0000001428600000,0x0000001428700000] [id=12752]
  0x00000208c740afe0 GCTaskThread "GC Thread#0" [stack: 0x0000001427800000,0x0000001427900000] [id=8600]
  0x00000208de97c130 GCTaskThread "GC Thread#1" [stack: 0x0000001428b00000,0x0000001428c00000] [id=11180]
  0x00000208c528ce60 GCTaskThread "GC Thread#2" [stack: 0x0000001428c00000,0x0000001428d00000] [id=1108]
  0x00000208de952d30 GCTaskThread "GC Thread#3" [stack: 0x0000001428d00000,0x0000001428e00000] [id=17708]
  0x00000208de8cdf80 GCTaskThread "GC Thread#4" [stack: 0x0000001428e00000,0x0000001428f00000] [id=6628]
  0x00000208de8db370 GCTaskThread "GC Thread#5" [stack: 0x0000001428f00000,0x0000001429000000] [id=15288]
  0x00000208de8dcc50 GCTaskThread "GC Thread#6" [stack: 0x0000001429000000,0x0000001429100000] [id=6976]
  0x00000208df8a2180 GCTaskThread "GC Thread#7" [stack: 0x0000001429500000,0x0000001429600000] [id=10964]
  0x00000208df851820 GCTaskThread "GC Thread#8" [stack: 0x0000001429600000,0x0000001429700000] [id=26228]
  0x00000208df884700 GCTaskThread "GC Thread#9" [stack: 0x0000001429700000,0x0000001429800000] [id=12096]

Threads with active compile tasks:
C2 CompilerThread0     3817 2963       4       jdk.internal.jimage.ImageReader$SharedImageReader$$Lambda$178/0x0000000100381678::visit (13 bytes)
C1 CompilerThread0     3817 3054       3       com.google.gson.internal.bind.JsonTreeReader::expect (55 bytes)
C2 CompilerThread1     3817 2961       4       org.eclipse.jdt.internal.core.JarPackageFragmentRoot::initRawPackageInfo (349 bytes)
C2 CompilerThread2     3817 2965       4       jdk.internal.jrtfs.JrtPath::subpath (7 bytes)

VM state: not at safepoint (normal execution)

VM Mutex/Monitor currently owned by a thread:  ([mutex/lock_event])
[0x00000208c73ee070] CodeCache_lock - owner thread: 0x00000208dcfc95e0

Heap address: 0x00000000c0000000, size: 1024 MB, Compressed Oops mode: 32-bit

CDS archive(s) not mapped
Compressed class space mapped at: 0x0000000100000000-0x0000000140000000, reserved size: 1073741824
Narrow klass base: 0x0000000000000000, Narrow klass shift: 3, Narrow klass range: 0x140000000

GC Precious Log:
 CPUs: 12 total, 12 available
 Memory: 16229M
 Large Page Support: Disabled
 NUMA Support: Disabled
 Compressed Oops: Enabled (32-bit)
 Alignments: Space 512K, Generation 512K, Heap 2M
 Heap Min Capacity: 100M
 Heap Initial Capacity: 100M
 Heap Max Capacity: 1G
 Pre-touch: Disabled
 Parallel Workers: 10

Heap:
 PSYoungGen      total 31232K, used 27402K [0x00000000eab00000, 0x00000000ed100000, 0x0000000100000000)
  eden space 24576K, 84% used [0x00000000eab00000,0x00000000ebf45c48,0x00000000ec300000)
  from space 6656K, 99% used [0x00000000eca80000,0x00000000ed0fcf70,0x00000000ed100000)
  to   space 7168K, 0% used [0x00000000ec300000,0x00000000ec300000,0x00000000eca00000)
 ParOldGen       total 68608K, used 14275K [0x00000000c0000000, 0x00000000c4300000, 0x00000000eab00000)
  object space 68608K, 20% used [0x00000000c0000000,0x00000000c0df0c38,0x00000000c4300000)
 Metaspace       used 33043K, committed 33664K, reserved 1081344K
  class space    used 3359K, committed 3648K, reserved 1048576K

Card table byte_map: [0x00000208c6db0000,0x00000208c6fc0000] _byte_map_base: 0x00000208c67b0000

Marking Bits: (ParMarkBitMap*) 0x00007ffe4eb93af0
 Begin Bits: [0x00000208d9080000, 0x00000208da080000)
 End Bits:   [0x00000208da080000, 0x00000208db080000)

Polling page: 0x00000208c5370000

Metaspace:

Usage:
  Non-class:     28.99 MB used.
      Class:      3.28 MB used.
       Both:     32.27 MB used.

Virtual space:
  Non-class space:       32.00 MB reserved,      29.31 MB ( 92%) committed,  4 nodes.
      Class space:        1.00 GB reserved,       3.56 MB ( <1%) committed,  1 nodes.
             Both:        1.03 GB reserved,      32.88 MB (  3%) committed. 

Chunk freelists:
   Non-Class:  1.92 MB
       Class:  385.00 KB
        Both:  2.30 MB

MaxMetaspaceSize: unlimited
CompressedClassSpaceSize: 1.00 GB
Initial GC threshold: 21.00 MB
Current GC threshold: 35.00 MB
CDS: off
MetaspaceReclaimPolicy: balanced
 - commit_granule_bytes: 65536.
 - commit_granule_words: 8192.
 - virtual_space_node_default_size: 1048576.
 - enlarge_chunks_in_place: 1.
 - new_chunks_are_fully_committed: 0.
 - uncommit_free_chunks: 1.
 - use_allocation_guard: 0.
 - handle_deallocations: 1.


Internal statistics:

num_allocs_failed_limit: 3.
num_arena_births: 204.
num_arena_deaths: 0.
num_vsnodes_births: 5.
num_vsnodes_deaths: 0.
num_space_committed: 526.
num_space_uncommitted: 0.
num_chunks_returned_to_freelist: 3.
num_chunks_taken_from_freelist: 1143.
num_chunk_merges: 3.
num_chunk_splits: 787.
num_chunks_enlarged: 563.
num_purges: 0.
num_inconsistent_stats: 0.

CodeHeap 'non-profiled nmethods': size=120000Kb used=1300Kb max_used=1300Kb free=118699Kb
 bounds [0x00000208d1b50000, 0x00000208d1dc0000, 0x00000208d9080000]
CodeHeap 'profiled nmethods': size=120000Kb used=6002Kb max_used=6002Kb free=113998Kb
 bounds [0x00000208ca620000, 0x00000208cac00000, 0x00000208d1b50000]
CodeHeap 'non-nmethods': size=5760Kb used=1244Kb max_used=1305Kb free=4515Kb
 bounds [0x00000208ca080000, 0x00000208ca2f0000, 0x00000208ca620000]
 total_blobs=3587 nmethods=3029 adapters=470
 compilation: enabled
              stopped_count=0, restarted_count=0
 full_count=0

Compilation events (20 events):
Event: 3.773 Thread 0x00000208dcfc95e0 nmethod 3021 0x00000208cabea010 code [0x00000208cabea1a0, 0x00000208cabea2e8]
Event: 3.773 Thread 0x00000208dcfc95e0 3015       3       org.eclipse.jdt.internal.core.JavaModelCache::peekAtInfo (135 bytes)
Event: 3.774 Thread 0x00000208dcfc95e0 nmethod 3015 0x00000208cabea410 code [0x00000208cabea720, 0x00000208cabebcd8]
Event: 3.774 Thread 0x00000208dcfc95e0 3029   !   2       org.eclipse.jdt.internal.core.JavaModelManager::closeChildren (51 bytes)
Event: 3.774 Thread 0x00000208dcfc95e0 nmethod 3029 0x00000208cabec110 code [0x00000208cabec2c0, 0x00000208cabec578]
Event: 3.774 Thread 0x00000208dcfc95e0 3024       2       org.eclipse.jdt.internal.core.util.LRUCache::peek (23 bytes)
Event: 3.774 Thread 0x00000208dcfc95e0 nmethod 3024 0x00000208cabec710 code [0x00000208cabec8c0, 0x00000208cabeca68]
Event: 3.775 Thread 0x00000208dcfc95e0 3032       1       org.eclipse.core.internal.dtree.DataTreeNode::hasData (2 bytes)
Event: 3.775 Thread 0x00000208dcfc95e0 nmethod 3032 0x00000208d1c8fe90 code [0x00000208d1c90020, 0x00000208d1c900f8]
Event: 3.775 Thread 0x00000208dcfc95e0 3033       2       jdk.internal.org.objectweb.asm.ClassWriter::toByteArray (1535 bytes)
Event: 3.782 Thread 0x00000208dcfc95e0 nmethod 3033 0x00000208cabecb90 code [0x00000208cabed2c0, 0x00000208cabef358]
Event: 3.782 Thread 0x00000208dcfc95e0 3034       2       sun.reflect.generics.parser.SignatureParser::parseTypeSignature (130 bytes)
Event: 3.783 Thread 0x00000208dcfc95e0 nmethod 3034 0x00000208cabf1190 code [0x00000208cabf1340, 0x00000208cabf1528]
Event: 3.783 Thread 0x00000208dcfc95e0 3035       2       sun.reflect.generics.parser.SignatureParser::parseTypeSig (10 bytes)
Event: 3.783 Thread 0x00000208dcfc95e0 nmethod 3035 0x00000208cabf1610 code [0x00000208cabf17a0, 0x00000208cabf18e8]
Event: 3.785 Thread 0x00000208dcfc95e0 3036       2       java.util.Calendar::internalSet (8 bytes)
Event: 3.786 Thread 0x00000208dcfc95e0 nmethod 3036 0x00000208cabf1990 code [0x00000208cabf1b20, 0x00000208cabf1c58]
Event: 3.786 Thread 0x00000208dcfc95e0 3037  s    2       java.lang.StringBuffer::append (15 bytes)
Event: 3.787 Thread 0x00000208dcfc95e0 nmethod 3037 0x00000208cabf1d10 code [0x00000208cabf1ec0, 0x00000208cabf20a8]
Event: 3.787 Thread 0x00000208dcfc95e0 3039       2       org.eclipse.osgi.internal.log.EquinoxLogWriter::isLoggable (65 bytes)

GC Heap History (18 events):
Event: 0.962 GC heap before
{Heap before GC invocations=1 (full 0):
 PSYoungGen      total 29696K, used 25600K [0x00000000eab00000, 0x00000000ecc00000, 0x0000000100000000)
  eden space 25600K, 100% used [0x00000000eab00000,0x00000000ec400000,0x00000000ec400000)
  from space 4096K, 0% used [0x00000000ec800000,0x00000000ec800000,0x00000000ecc00000)
  to   space 4096K, 0% used [0x00000000ec400000,0x00000000ec400000,0x00000000ec800000)
 ParOldGen       total 68608K, used 0K [0x00000000c0000000, 0x00000000c4300000, 0x00000000eab00000)
  object space 68608K, 0% used [0x00000000c0000000,0x00000000c0000000,0x00000000c4300000)
 Metaspace       used 13175K, committed 13440K, reserved 1064960K
  class space    used 1343K, committed 1472K, reserved 1048576K
}
Event: 0.967 GC heap after
{Heap after GC invocations=1 (full 0):
 PSYoungGen      total 29696K, used 3976K [0x00000000eab00000, 0x00000000ecc00000, 0x0000000100000000)
  eden space 25600K, 0% used [0x00000000eab00000,0x00000000eab00000,0x00000000ec400000)
  from space 4096K, 97% used [0x00000000ec400000,0x00000000ec7e22f8,0x00000000ec800000)
  to   space 4096K, 0% used [0x00000000ec800000,0x00000000ec800000,0x00000000ecc00000)
 ParOldGen       total 68608K, used 16K [0x00000000c0000000, 0x00000000c4300000, 0x00000000eab00000)
  object space 68608K, 0% used [0x00000000c0000000,0x00000000c0004000,0x00000000c4300000)
 Metaspace       used 13175K, committed 13440K, reserved 1064960K
  class space    used 1343K, committed 1472K, reserved 1048576K
}
Event: 1.533 GC heap before
{Heap before GC invocations=2 (full 0):
 PSYoungGen      total 29696K, used 21250K [0x00000000eab00000, 0x00000000ecc00000, 0x0000000100000000)
  eden space 25600K, 67% used [0x00000000eab00000,0x00000000ebbde678,0x00000000ec400000)
  from space 4096K, 97% used [0x00000000ec400000,0x00000000ec7e22f8,0x00000000ec800000)
  to   space 4096K, 0% used [0x00000000ec800000,0x00000000ec800000,0x00000000ecc00000)
 ParOldGen       total 68608K, used 16K [0x00000000c0000000, 0x00000000c4300000, 0x00000000eab00000)
  object space 68608K, 0% used [0x00000000c0000000,0x00000000c0004000,0x00000000c4300000)
 Metaspace       used 21090K, committed 21504K, reserved 1073152K
  class space    used 2137K, committed 2304K, reserved 1048576K
}
Event: 1.539 GC heap after
{Heap after GC invocations=2 (full 0):
 PSYoungGen      total 29696K, used 4080K [0x00000000eab00000, 0x00000000ecc00000, 0x0000000100000000)
  eden space 25600K, 0% used [0x00000000eab00000,0x00000000eab00000,0x00000000ec400000)
  from space 4096K, 99% used [0x00000000ec800000,0x00000000ecbfc398,0x00000000ecc00000)
  to   space 4096K, 0% used [0x00000000ec400000,0x00000000ec400000,0x00000000ec800000)
 ParOldGen       total 68608K, used 2411K [0x00000000c0000000, 0x00000000c4300000, 0x00000000eab00000)
  object space 68608K, 3% used [0x00000000c0000000,0x00000000c025af70,0x00000000c4300000)
 Metaspace       used 21090K, committed 21504K, reserved 1073152K
  class space    used 2137K, committed 2304K, reserved 1048576K
}
Event: 1.539 GC heap before
{Heap before GC invocations=3 (full 1):
 PSYoungGen      total 29696K, used 4080K [0x00000000eab00000, 0x00000000ecc00000, 0x0000000100000000)
  eden space 25600K, 0% used [0x00000000eab00000,0x00000000eab00000,0x00000000ec400000)
  from space 4096K, 99% used [0x00000000ec800000,0x00000000ecbfc398,0x00000000ecc00000)
  to   space 4096K, 0% used [0x00000000ec400000,0x00000000ec400000,0x00000000ec800000)
 ParOldGen       total 68608K, used 2411K [0x00000000c0000000, 0x00000000c4300000, 0x00000000eab00000)
  object space 68608K, 3% used [0x00000000c0000000,0x00000000c025af70,0x00000000c4300000)
 Metaspace       used 21090K, committed 21504K, reserved 1073152K
  class space    used 2137K, committed 2304K, reserved 1048576K
}
Event: 1.559 GC heap after
{Heap after GC invocations=3 (full 1):
 PSYoungGen      total 29696K, used 0K [0x00000000eab00000, 0x00000000ecc00000, 0x0000000100000000)
  eden space 25600K, 0% used [0x00000000eab00000,0x00000000eab00000,0x00000000ec400000)
  from space 4096K, 0% used [0x00000000ec800000,0x00000000ec800000,0x00000000ecc00000)
  to   space 4096K, 0% used [0x00000000ec400000,0x00000000ec400000,0x00000000ec800000)
 ParOldGen       total 68608K, used 6397K [0x00000000c0000000, 0x00000000c4300000, 0x00000000eab00000)
  object space 68608K, 9% used [0x00000000c0000000,0x00000000c063f670,0x00000000c4300000)
 Metaspace       used 21090K, committed 21504K, reserved 1073152K
  class space    used 2137K, committed 2304K, reserved 1048576K
}
Event: 2.666 GC heap before
{Heap before GC invocations=4 (full 1):
 PSYoungGen      total 29696K, used 25600K [0x00000000eab00000, 0x00000000ecc00000, 0x0000000100000000)
  eden space 25600K, 100% used [0x00000000eab00000,0x00000000ec400000,0x00000000ec400000)
  from space 4096K, 0% used [0x00000000ec800000,0x00000000ec800000,0x00000000ecc00000)
  to   space 4096K, 0% used [0x00000000ec400000,0x00000000ec400000,0x00000000ec800000)
 ParOldGen       total 68608K, used 6397K [0x00000000c0000000, 0x00000000c4300000, 0x00000000eab00000)
  object space 68608K, 9% used [0x00000000c0000000,0x00000000c063f670,0x00000000c4300000)
 Metaspace       used 28410K, committed 28928K, reserved 1081344K
  class space    used 2842K, committed 3072K, reserved 1048576K
}
Event: 2.667 GC heap after
{Heap after GC invocations=4 (full 1):
 PSYoungGen      total 29696K, used 1593K [0x00000000eab00000, 0x00000000ecc00000, 0x0000000100000000)
  eden space 25600K, 0% used [0x00000000eab00000,0x00000000eab00000,0x00000000ec400000)
  from space 4096K, 38% used [0x00000000ec400000,0x00000000ec58e410,0x00000000ec800000)
  to   space 4096K, 0% used [0x00000000ec800000,0x00000000ec800000,0x00000000ecc00000)
 ParOldGen       total 68608K, used 6405K [0x00000000c0000000, 0x00000000c4300000, 0x00000000eab00000)
  object space 68608K, 9% used [0x00000000c0000000,0x00000000c0641670,0x00000000c4300000)
 Metaspace       used 28410K, committed 28928K, reserved 1081344K
  class space    used 2842K, committed 3072K, reserved 1048576K
}
Event: 3.277 GC heap before
{Heap before GC invocations=5 (full 1):
 PSYoungGen      total 29696K, used 27193K [0x00000000eab00000, 0x00000000ecc00000, 0x0000000100000000)
  eden space 25600K, 100% used [0x00000000eab00000,0x00000000ec400000,0x00000000ec400000)
  from space 4096K, 38% used [0x00000000ec400000,0x00000000ec58e410,0x00000000ec800000)
  to   space 4096K, 0% used [0x00000000ec800000,0x00000000ec800000,0x00000000ecc00000)
 ParOldGen       total 68608K, used 6405K [0x00000000c0000000, 0x00000000c4300000, 0x00000000eab00000)
  object space 68608K, 9% used [0x00000000c0000000,0x00000000c0641670,0x00000000c4300000)
 Metaspace       used 32483K, committed 33024K, reserved 1081344K
  class space    used 3301K, committed 3584K, reserved 1048576K
}
Event: 3.281 GC heap after
{Heap after GC invocations=5 (full 1):
 PSYoungGen      total 29696K, used 4092K [0x00000000eab00000, 0x00000000ecc00000, 0x0000000100000000)
  eden space 25600K, 0% used [0x00000000eab00000,0x00000000eab00000,0x00000000ec400000)
  from space 4096K, 99% used [0x00000000ec800000,0x00000000ecbff1d8,0x00000000ecc00000)
  to   space 4096K, 0% used [0x00000000ec400000,0x00000000ec400000,0x00000000ec800000)
 ParOldGen       total 68608K, used 6581K [0x00000000c0000000, 0x00000000c4300000, 0x00000000eab00000)
  object space 68608K, 9% used [0x00000000c0000000,0x00000000c066d670,0x00000000c4300000)
 Metaspace       used 32483K, committed 33024K, reserved 1081344K
  class space    used 3301K, committed 3584K, reserved 1048576K
}
Event: 3.427 GC heap before
{Heap before GC invocations=6 (full 1):
 PSYoungGen      total 29696K, used 29692K [0x00000000eab00000, 0x00000000ecc00000, 0x0000000100000000)
  eden space 25600K, 100% used [0x00000000eab00000,0x00000000ec400000,0x00000000ec400000)
  from space 4096K, 99% used [0x00000000ec800000,0x00000000ecbff1d8,0x00000000ecc00000)
  to   space 4096K, 0% used [0x00000000ec400000,0x00000000ec400000,0x00000000ec800000)
 ParOldGen       total 68608K, used 6581K [0x00000000c0000000, 0x00000000c4300000, 0x00000000eab00000)
  object space 68608K, 9% used [0x00000000c0000000,0x00000000c066d670,0x00000000c4300000)
 Metaspace       used 32658K, committed 33216K, reserved 1081344K
  class space    used 3319K, committed 3648K, reserved 1048576K
}
Event: 3.433 GC heap after
{Heap after GC invocations=6 (full 1):
 PSYoungGen      total 29184K, used 4081K [0x00000000eab00000, 0x00000000ed180000, 0x0000000100000000)
  eden space 25088K, 0% used [0x00000000eab00000,0x00000000eab00000,0x00000000ec380000)
  from space 4096K, 99% used [0x00000000ec400000,0x00000000ec7fc408,0x00000000ec800000)
  to   space 7168K, 0% used [0x00000000eca80000,0x00000000eca80000,0x00000000ed180000)
 ParOldGen       total 68608K, used 8921K [0x00000000c0000000, 0x00000000c4300000, 0x00000000eab00000)
  object space 68608K, 13% used [0x00000000c0000000,0x00000000c08b67a0,0x00000000c4300000)
 Metaspace       used 32658K, committed 33216K, reserved 1081344K
  class space    used 3319K, committed 3648K, reserved 1048576K
}
Event: 3.528 GC heap before
{Heap before GC invocations=7 (full 1):
 PSYoungGen      total 29184K, used 29169K [0x00000000eab00000, 0x00000000ed180000, 0x0000000100000000)
  eden space 25088K, 100% used [0x00000000eab00000,0x00000000ec380000,0x00000000ec380000)
  from space 4096K, 99% used [0x00000000ec400000,0x00000000ec7fc408,0x00000000ec800000)
  to   space 7168K, 0% used [0x00000000eca80000,0x00000000eca80000,0x00000000ed180000)
 ParOldGen       total 68608K, used 8921K [0x00000000c0000000, 0x00000000c4300000, 0x00000000eab00000)
  object space 68608K, 13% used [0x00000000c0000000,0x00000000c08b67a0,0x00000000c4300000)
 Metaspace       used 32688K, committed 33280K, reserved 1081344K
  class space    used 3320K, committed 3648K, reserved 1048576K
}
Event: 3.534 GC heap after
{Heap after GC invocations=7 (full 1):
 PSYoungGen      total 31232K, used 6625K [0x00000000eab00000, 0x00000000ed100000, 0x0000000100000000)
  eden space 24576K, 0% used [0x00000000eab00000,0x00000000eab00000,0x00000000ec300000)
  from space 6656K, 99% used [0x00000000eca80000,0x00000000ed0f84e8,0x00000000ed100000)
  to   space 7168K, 0% used [0x00000000ec300000,0x00000000ec300000,0x00000000eca00000)
 ParOldGen       total 68608K, used 8921K [0x00000000c0000000, 0x00000000c4300000, 0x00000000eab00000)
  object space 68608K, 13% used [0x00000000c0000000,0x00000000c08b67a0,0x00000000c4300000)
 Metaspace       used 32688K, committed 33280K, reserved 1081344K
  class space    used 3320K, committed 3648K, reserved 1048576K
}
Event: 3.618 GC heap before
{Heap before GC invocations=8 (full 1):
 PSYoungGen      total 31232K, used 31201K [0x00000000eab00000, 0x00000000ed100000, 0x0000000100000000)
  eden space 24576K, 100% used [0x00000000eab00000,0x00000000ec300000,0x00000000ec300000)
  from space 6656K, 99% used [0x00000000eca80000,0x00000000ed0f84e8,0x00000000ed100000)
  to   space 7168K, 0% used [0x00000000ec300000,0x00000000ec300000,0x00000000eca00000)
 ParOldGen       total 68608K, used 8921K [0x00000000c0000000, 0x00000000c4300000, 0x00000000eab00000)
  object space 68608K, 13% used [0x00000000c0000000,0x00000000c08b67a0,0x00000000c4300000)
 Metaspace       used 32737K, committed 33280K, reserved 1081344K
  class space    used 3332K, committed 3648K, reserved 1048576K
}
Event: 3.623 GC heap after
{Heap after GC invocations=8 (full 1):
 PSYoungGen      total 31744K, used 7148K [0x00000000eab00000, 0x00000000ed100000, 0x0000000100000000)
  eden space 24576K, 0% used [0x00000000eab00000,0x00000000eab00000,0x00000000ec300000)
  from space 7168K, 99% used [0x00000000ec300000,0x00000000ec9fb260,0x00000000eca00000)
  to   space 6656K, 0% used [0x00000000eca80000,0x00000000eca80000,0x00000000ed100000)
 ParOldGen       total 68608K, used 11065K [0x00000000c0000000, 0x00000000c4300000, 0x00000000eab00000)
  object space 68608K, 16% used [0x00000000c0000000,0x00000000c0ace7b0,0x00000000c4300000)
 Metaspace       used 32737K, committed 33280K, reserved 1081344K
  class space    used 3332K, committed 3648K, reserved 1048576K
}
Event: 3.681 GC heap before
{Heap before GC invocations=9 (full 1):
 PSYoungGen      total 31744K, used 31724K [0x00000000eab00000, 0x00000000ed100000, 0x0000000100000000)
  eden space 24576K, 100% used [0x00000000eab00000,0x00000000ec300000,0x00000000ec300000)
  from space 7168K, 99% used [0x00000000ec300000,0x00000000ec9fb260,0x00000000eca00000)
  to   space 6656K, 0% used [0x00000000eca80000,0x00000000eca80000,0x00000000ed100000)
 ParOldGen       total 68608K, used 11065K [0x00000000c0000000, 0x00000000c4300000, 0x00000000eab00000)
  object space 68608K, 16% used [0x00000000c0000000,0x00000000c0ace7b0,0x00000000c4300000)
 Metaspace       used 32737K, committed 33280K, reserved 1081344K
  class space    used 3332K, committed 3648K, reserved 1048576K
}
Event: 3.688 GC heap after
{Heap after GC invocations=9 (full 1):
 PSYoungGen      total 31232K, used 6643K [0x00000000eab00000, 0x00000000ed100000, 0x0000000100000000)
  eden space 24576K, 0% used [0x00000000eab00000,0x00000000eab00000,0x00000000ec300000)
  from space 6656K, 99% used [0x00000000eca80000,0x00000000ed0fcf70,0x00000000ed100000)
  to   space 7168K, 0% used [0x00000000ec300000,0x00000000ec300000,0x00000000eca00000)
 ParOldGen       total 68608K, used 14275K [0x00000000c0000000, 0x00000000c4300000, 0x00000000eab00000)
  object space 68608K, 20% used [0x00000000c0000000,0x00000000c0df0c38,0x00000000c4300000)
 Metaspace       used 32737K, committed 33280K, reserved 1081344K
  class space    used 3332K, committed 3648K, reserved 1048576K
}

Deoptimization events (20 events):
Event: 3.571 Thread 0x00000208df9785f0 Uncommon trap: trap_request=0xffffffbe fr.pc=0x00000208d1c7a764 relative=0x0000000000000624
Event: 3.571 Thread 0x00000208df9785f0 Uncommon trap: reason=profile_predicate action=maybe_recompile pc=0x00000208d1c7a764 method=org.eclipse.jdt.internal.core.util.HashtableOfArrayToObject.getKey([Ljava/lang/Object;I)[Ljava/lang/Object; @ 61 c2
Event: 3.571 Thread 0x00000208df9785f0 DEOPT PACKING pc=0x00000208d1c7a764 sp=0x00000014293fe820
Event: 3.571 Thread 0x00000208df9785f0 DEOPT UNPACKING pc=0x00000208ca0d20a3 sp=0x00000014293fe7d0 mode 2
Event: 3.624 Thread 0x00000208df9785f0 Uncommon trap: trap_request=0xffffffbe fr.pc=0x00000208d1c85ed8 relative=0x0000000000000618
Event: 3.624 Thread 0x00000208df9785f0 Uncommon trap: reason=profile_predicate action=maybe_recompile pc=0x00000208d1c85ed8 method=org.eclipse.jdt.internal.core.util.HashtableOfArrayToObject.get([Ljava/lang/Object;)Ljava/lang/Object; @ 64 c2
Event: 3.624 Thread 0x00000208df9785f0 DEOPT PACKING pc=0x00000208d1c85ed8 sp=0x00000014293fe850
Event: 3.624 Thread 0x00000208df9785f0 DEOPT UNPACKING pc=0x00000208ca0d20a3 sp=0x00000014293fe800 mode 2
Event: 3.636 Thread 0x00000208df9785f0 Uncommon trap: trap_request=0xffffffbe fr.pc=0x00000208d1c85ed8 relative=0x0000000000000618
Event: 3.636 Thread 0x00000208df9785f0 Uncommon trap: reason=profile_predicate action=maybe_recompile pc=0x00000208d1c85ed8 method=org.eclipse.jdt.internal.core.util.HashtableOfArrayToObject.get([Ljava/lang/Object;)Ljava/lang/Object; @ 64 c2
Event: 3.636 Thread 0x00000208df9785f0 DEOPT PACKING pc=0x00000208d1c85ed8 sp=0x00000014293fe850
Event: 3.636 Thread 0x00000208df9785f0 DEOPT UNPACKING pc=0x00000208ca0d20a3 sp=0x00000014293fe800 mode 2
Event: 3.637 Thread 0x00000208df9785f0 Uncommon trap: trap_request=0xffffffbe fr.pc=0x00000208d1c85ed8 relative=0x0000000000000618
Event: 3.637 Thread 0x00000208df9785f0 Uncommon trap: reason=profile_predicate action=maybe_recompile pc=0x00000208d1c85ed8 method=org.eclipse.jdt.internal.core.util.HashtableOfArrayToObject.get([Ljava/lang/Object;)Ljava/lang/Object; @ 64 c2
Event: 3.637 Thread 0x00000208df9785f0 DEOPT PACKING pc=0x00000208d1c85ed8 sp=0x00000014293fe850
Event: 3.637 Thread 0x00000208df9785f0 DEOPT UNPACKING pc=0x00000208ca0d20a3 sp=0x00000014293fe800 mode 2
Event: 3.637 Thread 0x00000208df9785f0 Uncommon trap: trap_request=0xffffffbe fr.pc=0x00000208d1c85ed8 relative=0x0000000000000618
Event: 3.637 Thread 0x00000208df9785f0 Uncommon trap: reason=profile_predicate action=maybe_recompile pc=0x00000208d1c85ed8 method=org.eclipse.jdt.internal.core.util.HashtableOfArrayToObject.get([Ljava/lang/Object;)Ljava/lang/Object; @ 64 c2
Event: 3.637 Thread 0x00000208df9785f0 DEOPT PACKING pc=0x00000208d1c85ed8 sp=0x00000014293fe850
Event: 3.637 Thread 0x00000208df9785f0 DEOPT UNPACKING pc=0x00000208ca0d20a3 sp=0x00000014293fe800 mode 2

Classes unloaded (0 events):
No events

Classes redefined (0 events):
No events

Internal exceptions (20 events):
Event: 1.253 Thread 0x00000208deae0450 Exception <a 'java/lang/NoSuchMethodError'{0x00000000eb321768}: 'void java.lang.invoke.DirectMethodHandle$Holder.invokeInterface(java.lang.Object, java.lang.Object, java.lang.Object)'> (0x00000000eb321768) 
thrown [e:\jenkins\tmp\workspace\build\src\src\hotspot\share\interpreter\linkResolver.cpp, line 766]
Event: 1.305 Thread 0x00000208deae0450 Exception <a 'java/lang/NoSuchMethodError'{0x00000000eb4b8668}: 'java.lang.Object java.lang.invoke.Invokers$Holder.invokeExact_MT(java.lang.Object, java.lang.Object, java.lang.Object, java.lang.Object, java.lang.Object, java.lang.Object)'> (0x00000000eb4b8668) 
thrown [e:\jenkins\tmp\workspace\build\src\src\hotspot\share\interpreter\linkResolver.cpp, line 766]
Event: 1.319 Thread 0x00000208deae0450 Exception <a 'java/io/FileNotFoundException'{0x00000000eb4fdfd8}> (0x00000000eb4fdfd8) 
thrown [e:\jenkins\tmp\workspace\build\src\src\hotspot\share\prims\jni.cpp, line 516]
Event: 1.456 Thread 0x00000208deae0450 Exception <a 'java/lang/NoSuchMethodError'{0x00000000eb85afd8}: 'int java.lang.invoke.DirectMethodHandle$Holder.invokeStaticInit(java.lang.Object, java.lang.Object, java.lang.Object)'> (0x00000000eb85afd8) 
thrown [e:\jenkins\tmp\workspace\build\src\src\hotspot\share\interpreter\linkResolver.cpp, line 766]
Event: 1.462 Thread 0x00000208deae0450 Exception <a 'java/lang/IncompatibleClassChangeError'{0x00000000eb891378}: Found class java.lang.Object, but interface was expected> (0x00000000eb891378) 
thrown [e:\jenkins\tmp\workspace\build\src\src\hotspot\share\interpreter\linkResolver.cpp, line 833]
Event: 1.812 Thread 0x00000208deae0450 Exception <a 'java/lang/ClassNotFoundException'{0x00000000ebc63648}: com/sun/org/apache/xerces/internal/impl/msg/spi/DOMMessagesProvider> (0x00000000ebc63648) 
thrown [e:\jenkins\tmp\workspace\build\src\src\hotspot\share\classfile\systemDictionary.cpp, line 256]
Event: 1.814 Thread 0x00000208deae0450 Implicit null exception at 0x00000208d1bf108d to 0x00000208d1bf1d7c
Event: 1.815 Thread 0x00000208deae0450 Exception <a 'java/lang/ClassNotFoundException'{0x00000000ebc7c330}: com/sun/org/apache/xerces/internal/impl/msg/spi/XMLSerializerMessagesProvider> (0x00000000ebc7c330) 
thrown [e:\jenkins\tmp\workspace\build\src\src\hotspot\share\classfile\systemDictionary.cpp, line 256]
Event: 1.815 Thread 0x00000208deae0450 Exception <a 'java/lang/ClassNotFoundException'{0x00000000ebc89608}: com/sun/org/apache/xerces/internal/impl/msg/spi/XMLMessagesProvider> (0x00000000ebc89608) 
thrown [e:\jenkins\tmp\workspace\build\src\src\hotspot\share\classfile\systemDictionary.cpp, line 256]
Event: 2.418 Thread 0x00000208deae0450 Exception <a 'java/lang/ClassNotFoundException'{0x00000000ebee0468}: com/sun/org/apache/xml/internal/serializer/spi/XMLEntitiesProvider> (0x00000000ebee0468) 
thrown [e:\jenkins\tmp\workspace\build\src\src\hotspot\share\classfile\systemDictionary.cpp, line 256]
Event: 2.517 Thread 0x00000208deae0450 Exception <a 'java/io/FileNotFoundException'{0x00000000ec0e9fd8}> (0x00000000ec0e9fd8) 
thrown [e:\jenkins\tmp\workspace\build\src\src\hotspot\share\prims\jni.cpp, line 516]
Event: 2.533 Thread 0x00000208deae0450 Exception <a 'java/io/FileNotFoundException'{0x00000000ec123640}> (0x00000000ec123640) 
thrown [e:\jenkins\tmp\workspace\build\src\src\hotspot\share\prims\jni.cpp, line 516]
Event: 2.541 Thread 0x00000208deae0450 Exception <a 'java/io/FileNotFoundException'{0x00000000ec14e0d0}> (0x00000000ec14e0d0) 
thrown [e:\jenkins\tmp\workspace\build\src\src\hotspot\share\prims\jni.cpp, line 516]
Event: 2.595 Thread 0x00000208c73f2800 Exception <a 'java/lang/NoSuchMethodError'{0x00000000ec22a550}: 'void java.lang.invoke.DirectMethodHandle$Holder.invokeStatic(java.lang.Object, java.lang.Object, java.lang.Object, java.lang.Object)'> (0x00000000ec22a550) 
thrown [e:\jenkins\tmp\workspace\build\src\src\hotspot\share\interpreter\linkResolver.cpp, line 766]
Event: 2.731 Thread 0x00000208c73f2800 Exception <a 'java/lang/NoSuchMethodError'{0x00000000eac6b440}: 'java.lang.Object java.lang.invoke.DirectMethodHandle$Holder.newInvokeSpecial(java.lang.Object, java.lang.Object, java.lang.Object, java.lang.Object, java.lang.Object)'> (0x00000000eac6b440) 
thrown [e:\jenkins\tmp\workspace\build\src\src\hotspot\share\interpreter\linkResolver.cpp, line 766]
Event: 2.826 Thread 0x00000208df8feff0 Exception <a 'java/io/FileNotFoundException'{0x00000000eae8ba60}> (0x00000000eae8ba60) 
thrown [e:\jenkins\tmp\workspace\build\src\src\hotspot\share\prims\jni.cpp, line 516]
Event: 2.982 Thread 0x00000208df9785f0 Exception <a 'java/lang/NoSuchMethodError'{0x00000000eb360f78}: 'java.lang.Object java.lang.invoke.Invokers$Holder.invoke_MT(java.lang.Object, java.lang.Object, java.lang.Object)'> (0x00000000eb360f78) 
thrown [e:\jenkins\tmp\workspace\build\src\src\hotspot\share\interpreter\linkResolver.cpp, line 766]
Event: 3.321 Thread 0x00000208df9785f0 Exception <a 'java/io/FileNotFoundException'{0x00000000eb0fb9e8}> (0x00000000eb0fb9e8) 
thrown [e:\jenkins\tmp\workspace\build\src\src\hotspot\share\prims\jni.cpp, line 516]
Event: 3.321 Thread 0x00000208df9785f0 Exception <a 'java/io/FileNotFoundException'{0x00000000eb0fd5b8}> (0x00000000eb0fd5b8) 
thrown [e:\jenkins\tmp\workspace\build\src\src\hotspot\share\prims\jni.cpp, line 516]
Event: 3.322 Thread 0x00000208df9785f0 Exception <a 'java/lang/NoSuchMethodError'{0x00000000eb104fd0}: 'void java.lang.invoke.DirectMethodHandle$Holder.invokeStaticInit(java.lang.Object, java.lang.Object, java.lang.Object)'> (0x00000000eb104fd0) 
thrown [e:\jenkins\tmp\workspace\build\src\src\hotspot\share\interpreter\linkResolver.cpp, line 766]

VM Operations (20 events):
Event: 2.666 Executing VM operation: ParallelGCFailedAllocation
Event: 2.667 Executing VM operation: ParallelGCFailedAllocation done
Event: 2.958 Executing VM operation: HandshakeAllThreads
Event: 2.958 Executing VM operation: HandshakeAllThreads done
Event: 2.961 Executing VM operation: HandshakeAllThreads
Event: 2.961 Executing VM operation: HandshakeAllThreads done
Event: 2.997 Executing VM operation: HandshakeAllThreads
Event: 2.997 Executing VM operation: HandshakeAllThreads done
Event: 3.211 Executing VM operation: ICBufferFull
Event: 3.211 Executing VM operation: ICBufferFull done
Event: 3.277 Executing VM operation: ParallelGCFailedAllocation
Event: 3.281 Executing VM operation: ParallelGCFailedAllocation done
Event: 3.427 Executing VM operation: ParallelGCFailedAllocation
Event: 3.433 Executing VM operation: ParallelGCFailedAllocation done
Event: 3.528 Executing VM operation: ParallelGCFailedAllocation
Event: 3.534 Executing VM operation: ParallelGCFailedAllocation done
Event: 3.617 Executing VM operation: ParallelGCFailedAllocation
Event: 3.623 Executing VM operation: ParallelGCFailedAllocation done
Event: 3.681 Executing VM operation: ParallelGCFailedAllocation
Event: 3.688 Executing VM operation: ParallelGCFailedAllocation done

Events (20 events):
Event: 3.151 loading class java/util/regex/Pattern$BackRef
Event: 3.151 loading class java/util/regex/Pattern$BackRef done
Event: 3.151 loading class java/util/regex/Pattern$Curly
Event: 3.151 loading class java/util/regex/Pattern$Curly done
Event: 3.151 loading class java/util/regex/Pattern$GroupCurly
Event: 3.151 loading class java/util/regex/Pattern$GroupCurly done
Event: 3.154 loading class java/util/regex/Pattern$Dollar
Event: 3.154 loading class java/util/regex/Pattern$Dollar done
Event: 3.166 loading class java/lang/ThreadLocal$SuppliedThreadLocal
Event: 3.167 loading class java/lang/ThreadLocal$SuppliedThreadLocal done
Event: 3.214 loading class java/nio/channels/Channels
Event: 3.214 loading class java/nio/channels/Channels done
Event: 3.214 loading class java/nio/channels/Channels$ReadableByteChannelImpl
Event: 3.214 loading class java/nio/channels/Channels$ReadableByteChannelImpl done
Event: 3.214 loading class java/nio/channels/NonWritableChannelException
Event: 3.214 loading class java/nio/channels/NonWritableChannelException done
Event: 3.215 loading class sun/nio/ch/ChannelInputStream
Event: 3.215 loading class sun/nio/ch/ChannelInputStream done
Event: 3.215 loading class java/nio/channels/SelectableChannel
Event: 3.215 loading class java/nio/channels/SelectableChannel done


Dynamic libraries:
0x00007ff71d740000 - 0x00007ff71d74e000 	c:\Users\Nathan Ting\.vscode\extensions\redhat.java-1.4.0\jre\17.0.2-win32-x86_64\bin\java.exe
0x00007ffeb1e30000 - 0x00007ffeb2025000 	C:\WINDOWS\SYSTEM32\ntdll.dll
0x00007ffeb0ab0000 - 0x00007ffeb0b6e000 	C:\WINDOWS\System32\KERNEL32.DLL
0x00007ffeaf5c0000 - 0x00007ffeaf888000 	C:\WINDOWS\System32\KERNELBASE.dll
0x00007ffeafcf0000 - 0x00007ffeafdf0000 	C:\WINDOWS\System32\ucrtbase.dll
0x00007ffea17e0000 - 0x00007ffea17f8000 	c:\Users\Nathan Ting\.vscode\extensions\redhat.java-1.4.0\jre\17.0.2-win32-x86_64\bin\jli.dll
0x00007ffea1780000 - 0x00007ffea1799000 	c:\Users\Nathan Ting\.vscode\extensions\redhat.java-1.4.0\jre\17.0.2-win32-x86_64\bin\VCRUNTIME140.dll
0x00007ffeb1940000 - 0x00007ffeb1ae0000 	C:\WINDOWS\System32\USER32.dll
0x00007ffeafaf0000 - 0x00007ffeafb12000 	C:\WINDOWS\System32\win32u.dll
0x00007ffe9ba30000 - 0x00007ffe9bcca000 	C:\WINDOWS\WinSxS\amd64_microsoft.windows.common-controls_6595b64144ccf1df_6.0.19041.1110_none_60b5254171f9507e\COMCTL32.dll
0x00007ffeb1b80000 - 0x00007ffeb1bab000 	C:\WINDOWS\System32\GDI32.dll
0x00007ffeb0550000 - 0x00007ffeb05ee000 	C:\WINDOWS\System32\msvcrt.dll
0x00007ffeafbe0000 - 0x00007ffeafceb000 	C:\WINDOWS\System32\gdi32full.dll
0x00007ffeafdf0000 - 0x00007ffeafe8d000 	C:\WINDOWS\System32\msvcp_win.dll
0x00007ffeaff40000 - 0x00007ffeaff70000 	C:\WINDOWS\System32\IMM32.DLL
0x00007ffeab310000 - 0x00007ffeab31c000 	c:\Users\Nathan Ting\.vscode\extensions\redhat.java-1.4.0\jre\17.0.2-win32-x86_64\bin\vcruntime140_1.dll
0x00007ffe6fe30000 - 0x00007ffe6fec1000 	c:\Users\Nathan Ting\.vscode\extensions\redhat.java-1.4.0\jre\17.0.2-win32-x86_64\bin\msvcp140.dll
0x00007ffe4e010000 - 0x00007ffe4ec57000 	c:\Users\Nathan Ting\.vscode\extensions\redhat.java-1.4.0\jre\17.0.2-win32-x86_64\bin\server\jvm.dll
0x00007ffeaff70000 - 0x00007ffeb001e000 	C:\WINDOWS\System32\ADVAPI32.dll
0x00007ffeb1ae0000 - 0x00007ffeb1b7c000 	C:\WINDOWS\System32\sechost.dll
0x00007ffeb0980000 - 0x00007ffeb0aa5000 	C:\WINDOWS\System32\RPCRT4.dll
0x00007ffeb0460000 - 0x00007ffeb0468000 	C:\WINDOWS\System32\PSAPI.DLL
0x00007ffea2fa0000 - 0x00007ffea2fc7000 	C:\WINDOWS\SYSTEM32\WINMM.dll
0x00007ffe9d5c0000 - 0x00007ffe9d5c9000 	C:\WINDOWS\SYSTEM32\WSOCK32.dll
0x00007ffeaac40000 - 0x00007ffeaac4a000 	C:\WINDOWS\SYSTEM32\VERSION.dll
0x00007ffeb0670000 - 0x00007ffeb06db000 	C:\WINDOWS\System32\WS2_32.dll
0x00007ffead460000 - 0x00007ffead472000 	C:\WINDOWS\SYSTEM32\kernel.appcore.dll
0x00007ffeab240000 - 0x00007ffeab24a000 	c:\Users\Nathan Ting\.vscode\extensions\redhat.java-1.4.0\jre\17.0.2-win32-x86_64\bin\jimage.dll
0x00007ffea7560000 - 0x00007ffea7744000 	C:\WINDOWS\SYSTEM32\DBGHELP.DLL
0x00007ffea77c0000 - 0x00007ffea77ec000 	C:\WINDOWS\SYSTEM32\dbgcore.DLL
0x00007ffeafb20000 - 0x00007ffeafba2000 	C:\WINDOWS\System32\bcryptPrimitives.dll
0x00007ffe9ebd0000 - 0x00007ffe9ebf5000 	c:\Users\Nathan Ting\.vscode\extensions\redhat.java-1.4.0\jre\17.0.2-win32-x86_64\bin\java.dll
0x00007ffea1370000 - 0x00007ffea1388000 	c:\Users\Nathan Ting\.vscode\extensions\redhat.java-1.4.0\jre\17.0.2-win32-x86_64\bin\zip.dll
0x00007ffeb0fe0000 - 0x00007ffeb1724000 	C:\WINDOWS\System32\SHELL32.dll
0x00007ffead660000 - 0x00007ffeaddf4000 	C:\WINDOWS\SYSTEM32\windows.storage.dll
0x00007ffeb0080000 - 0x00007ffeb03d4000 	C:\WINDOWS\System32\combase.dll
0x00007ffeaefb0000 - 0x00007ffeaefdc000 	C:\WINDOWS\SYSTEM32\Wldp.dll
0x00007ffeafe90000 - 0x00007ffeaff3d000 	C:\WINDOWS\System32\SHCORE.dll
0x00007ffeb1730000 - 0x00007ffeb1785000 	C:\WINDOWS\System32\shlwapi.dll
0x00007ffeaf490000 - 0x00007ffeaf4af000 	C:\WINDOWS\SYSTEM32\profapi.dll
0x00007ffea0f60000 - 0x00007ffea0f79000 	C:\Users\Nathan Ting\.vscode\extensions\redhat.java-1.4.0\jre\17.0.2-win32-x86_64\bin\net.dll
0x00007ffea73a0000 - 0x00007ffea74a9000 	C:\WINDOWS\SYSTEM32\WINHTTP.dll
0x00007ffeaed10000 - 0x00007ffeaed7a000 	C:\WINDOWS\system32\mswsock.dll
0x00007ffe9ac90000 - 0x00007ffe9aca5000 	C:\Users\Nathan Ting\.vscode\extensions\redhat.java-1.4.0\jre\17.0.2-win32-x86_64\bin\nio.dll
0x00007ffeaef10000 - 0x00007ffeaef28000 	C:\WINDOWS\SYSTEM32\CRYPTSP.dll
0x00007ffeae620000 - 0x00007ffeae654000 	C:\WINDOWS\system32\rsaenh.dll
0x00007ffeafbb0000 - 0x00007ffeafbd7000 	C:\WINDOWS\System32\bcrypt.dll
0x00007ffeaf410000 - 0x00007ffeaf43e000 	C:\WINDOWS\SYSTEM32\USERENV.dll
0x00007ffeaef00000 - 0x00007ffeaef0c000 	C:\WINDOWS\SYSTEM32\CRYPTBASE.dll
0x00007ffeae9b0000 - 0x00007ffeae9eb000 	C:\WINDOWS\SYSTEM32\IPHLPAPI.DLL
0x00007ffeb1de0000 - 0x00007ffeb1de8000 	C:\WINDOWS\System32\NSI.dll
0x00007ffea9f60000 - 0x00007ffea9f77000 	C:\WINDOWS\SYSTEM32\dhcpcsvc6.DLL
0x00007ffea9f40000 - 0x00007ffea9f5d000 	C:\WINDOWS\SYSTEM32\dhcpcsvc.DLL
0x00007ffeae9f0000 - 0x00007ffeaeaba000 	C:\WINDOWS\SYSTEM32\DNSAPI.dll
0x00007ffe99980000 - 0x00007ffe999be000 	C:\Users\Nathan Ting\AppData\Roaming\Code\User\globalStorage\redhat.java\1.4.0\config_ss_win\org.eclipse.equinox.launcher\org.eclipse.equinox.launcher.win32.win32.x86_64_1.2.400.v20211117-0650\eclipse_11602.dll
0x00007ffeb06e0000 - 0x00007ffeb080a000 	C:\WINDOWS\System32\ole32.dll
0x00007ffeab210000 - 0x00007ffeab220000 	c:\Users\Nathan Ting\.vscode\extensions\redhat.java-1.4.0\jre\17.0.2-win32-x86_64\bin\verify.dll
0x00007ffe9acc0000 - 0x00007ffe9acd1000 	C:\Users\Nathan Ting\AppData\Roaming\Code\User\globalStorage\redhat.java\1.4.0\config_ss_win\org.eclipse.osgi\15\0\.cp\jWinHttp-1.0.0.dll

dbghelp: loaded successfully - version: 4.0.5 - missing functions: none
symbol engine: initialized successfully - sym options: 0x614 - pdb path: .;c:\Users\Nathan Ting\.vscode\extensions\redhat.java-1.4.0\jre\17.0.2-win32-x86_64\bin;C:\WINDOWS\SYSTEM32;C:\WINDOWS\WinSxS\amd64_microsoft.windows.common-controls_6595b64144ccf1df_6.0.19041.1110_none_60b5254171f9507e;c:\Users\Nathan Ting\.vscode\extensions\redhat.java-1.4.0\jre\17.0.2-win32-x86_64\bin\server;C:\Users\Nathan Ting\AppData\Roaming\Code\User\globalStorage\redhat.java\1.4.0\config_ss_win\org.eclipse.equinox.launcher\org.eclipse.equinox.launcher.win32.win32.x86_64_1.2.400.v20211117-0650;C:\Users\Nathan Ting\AppData\Roaming\Code\User\globalStorage\redhat.java\1.4.0\config_ss_win\org.eclipse.osgi\15\0\.cp

VM Arguments:
jvm_args: --add-modules=ALL-SYSTEM --add-opens=java.base/java.util=ALL-UNNAMED --add-opens=java.base/java.lang=ALL-UNNAMED --add-opens=java.base/sun.nio.fs=ALL-UNNAMED -Declipse.application=org.eclipse.jdt.ls.core.id1 -Dosgi.bundles.defaultStartLevel=4 -Declipse.product=org.eclipse.jdt.ls.core.product -Djava.import.generatesMetadataFilesAtProjectRoot=false -Dfile.encoding=utf8 -DwatchParentProcess=false -XX:+UseParallelGC -XX:GCTimeRatio=4 -XX:AdaptiveSizePolicyWeight=90 -Dsun.zip.disableMemoryMapping=true -Xmx1G -Xms100m 
java_command: c:\Users\Nathan Ting\.vscode\extensions\redhat.java-1.4.0\server\plugins\org.eclipse.equinox.launcher_1.6.400.v20210924-0641.jar -configuration c:\Users\Nathan Ting\AppData\Roaming\Code\User\globalStorage\redhat.java\1.4.0\config_ss_win -data c:\Users\Nathan Ting\AppData\Roaming\Code\User\workspaceStorage\665fadb96facc8848b70aa769e507785\redhat.java\ss_ws
java_class_path (initial): c:\Users\Nathan Ting\.vscode\extensions\redhat.java-1.4.0\server\plugins\org.eclipse.equinox.launcher_1.6.400.v20210924-0641.jar
Launcher Type: SUN_STANDARD

[Global flags]
    uintx AdaptiveSizePolicyWeight                 = 90                                        {product} {command line}
     intx CICompilerCount                          = 4                                         {product} {ergonomic}
    uintx GCTimeRatio                              = 4                                         {product} {command line}
   size_t InitialHeapSize                          = 104857600                                 {product} {command line}
   size_t MaxHeapSize                              = 1073741824                                {product} {command line}
   size_t MaxNewSize                               = 357564416                                 {product} {ergonomic}
   size_t MinHeapDeltaBytes                        = 524288                                    {product} {ergonomic}
   size_t MinHeapSize                              = 104857600                                 {product} {command line}
   size_t NewSize                                  = 34603008                                  {product} {ergonomic}
    uintx NonNMethodCodeHeapSize                   = 5839372                                {pd product} {ergonomic}
    uintx NonProfiledCodeHeapSize                  = 122909434                              {pd product} {ergonomic}
   size_t OldSize                                  = 70254592                                  {product} {ergonomic}
    uintx ProfiledCodeHeapSize                     = 122909434                              {pd product} {ergonomic}
    uintx ReservedCodeCacheSize                    = 251658240                              {pd product} {ergonomic}
     bool SegmentedCodeCache                       = true                                      {product} {ergonomic}
   size_t SoftMaxHeapSize                          = 1073741824                             {manageable} {ergonomic}
     bool UseCompressedClassPointers               = true                           {product lp64_product} {ergonomic}
     bool UseCompressedOops                        = true                           {product lp64_product} {ergonomic}
     bool UseLargePagesIndividualAllocation        = false                                  {pd product} {ergonomic}
     bool UseParallelGC                            = true                                      {product} {command line}

Logging:
Log output configuration:
 #0: stdout all=warning uptime,level,tags
 #1: stderr all=off uptime,level,tags

Environment Variables:
PATH=C:\Program Files (x86)\Razer Chroma SDK\bin;C:\Program Files\Razer Chroma SDK\bin;C:\Program Files (x86)\Razer\ChromaBroadcast\bin;C:\Program Files\Razer\ChromaBroadcast\bin;C:\Program Files\Common Files\Oracle\Java\javapath;C:\Program Files\NVIDIA GPU Computing Toolkit\CUDA\v11.4\bin;C:\Program Files\NVIDIA GPU Computing Toolkit\CUDA\v11.4\libnvvp;;C:\Program Files (x86)\Common Files\Oracle\Java\javapath;C:\Program Files\AdoptOpenJDK\jdk-16.0.1.9-hotspot\bin;C:\oraclexe\app\oracle\product\11.2.0\server\bin;C:\ProgramData\Oracle\Java\javapath;C:\Windows\system32;C:\Windows;C:\Windows\System32\Wbem;C:\Windows\System32\WindowsPowerShell\v1.0\;C:\Windows\System32\OpenSSH\;C:\Program Files (x86)\NVIDIA Corporation\PhysX\Common;C:\Program Files\NVIDIA Corporation\NVIDIA NvDLISR;C:\WINDOWS\system32;C:\WINDOWS;C:\WINDOWS\System32\Wbem;C:\WINDOWS\System32\WindowsPowerShell\v1.0\;C:\WINDOWS\System32\OpenSSH\;C:\Program Files\nodejs\;C:\ProgramData\chocolatey\bin;C:\Program Files\Git\cmd;C:\Program Files\NVIDIA Corporation\Nsight Compute 2021.2.1\;C:\Users\Nathan Ting\AppData\Local\Programs\Python\Python39\Scripts\;C:\Users\Nathan Ting\AppData\Local\Programs\Python\Python39\;C:\Program Files\MySQL\MySQL Shell 8.0\bin\;C:\Users\Nathan Ting\AppData\Local\Microsoft\WindowsApps;C:\Users\Nathan Ting\AppData\Roaming\npm;D:\VSC\Microsoft VS Code\bin;C:\Program Files\NVIDIA GPU Computing Toolkit\CUDA\v11.2\bin;C:\Program Files\NVIDIA GPU Computing Toolkit\CUDA\V11.2\libnvvp;C:\WINDOWS\system32\config\systemprofile\AppData\Local\Microsoft\WindowsApps;C:\Users\Nathan Ting\AppData\Local\Programs\Python\Python39\Scripts\;C:\Users\Nathan Ting\AppData\Local\Programs\Python\Python39\;C:\Program Files\MySQL\MySQL Shell 8.0\bin\;C:\Users\Nathan Ting\AppData\Local\Microsoft\WindowsApps;C:\Users\Nathan Ting\AppData\Roaming\npm;D:\VSC\Microsoft VS Code\bin;C:\Program Files\NVIDIA GPU Computing Toolkit\CUDA\v11.2\bin;C:\Program Files\NVIDIA GPU Computing Toolkit\CUDA\V11.2\libnvvp;
USERNAME=Nathan Ting
OS=Windows_NT
PROCESSOR_IDENTIFIER=Intel64 Family 6 Model 158 Stepping 13, GenuineIntel



---------------  S Y S T E M  ---------------

OS:
 Windows 10 , 64 bit Build 19041 (10.0.19041.1566)
OS uptime: 4 days 2:15 hours

CPU: total 12 (initial active 12) (6 cores per cpu, 2 threads per core) family 6 model 158 stepping 13 microcode 0xb8, cx8, cmov, fxsr, ht, mmx, 3dnowpref, sse, sse2, sse3, ssse3, sse4.1, sse4.2, popcnt, lzcnt, tsc, tscinvbit, avx, avx2, aes, erms, clmul, bmi1, bmi2, adx, fma, vzeroupper, clflush, clflushopt

Memory: 4k page, system-wide physical 16229M (1789M free)
TotalPageFile size 65381M (AvailPageFile size 5M)
current process WorkingSet (physical memory assigned to process): 157M, peak: 158M
current process commit charge ("private bytes"): 262M, peak: 264M

vm_info: OpenJDK 64-Bit Server VM (17.0.2+8) for windows-amd64 JRE (17.0.2+8), built on Jan 20 2022 04:52:34 by "" with MS VC++ 16.7 (VS2019)

END.
