#
# There is insufficient memory for the Java Runtime Environment to continue.
# Native memory allocation (malloc) failed to allocate 1959952 bytes for Chunk::new
# Possible reasons:
#   The system is out of physical RAM or swap space
#   The process is running with CompressedOops enabled, and the Java Heap may be blocking the growth of the native heap
# Possible solutions:
#   Reduce memory load on the system
#   Increase physical memory or swap space
#   Check if swap backing store is full
#   Decrease Java heap size (-Xmx/-Xms)
#   Decrease number of Java threads
#   Decrease Java thread stack sizes (-Xss)
#   Set larger code cache with -XX:ReservedCodeCacheSize=
#   JVM is running with Unscaled Compressed Oops mode in which the Java heap is
#     placed in the first 4GB address space. The Java Heap base address is the
#     maximum limit for the native heap growth. Please use -XX:HeapBaseMinAddress
#     to set the Java Heap base and to place the Java Heap above 4GB virtual address.
# This output file may be truncated or incomplete.
#
#  Out of Memory Error (arena.cpp:189), pid=4716, tid=3248
#
# JRE version: OpenJDK Runtime Environment Temurin-17.0.2+8 (17.0.2+8) (build 17.0.2+8)
# Java VM: OpenJDK 64-Bit Server VM Temurin-17.0.2+8 (17.0.2+8, mixed mode, tiered, compressed oops, compressed class ptrs, parallel gc, windows-amd64)
# No core dump will be written. Minidumps are not enabled by default on client versions of Windows
#

---------------  S U M M A R Y ------------

Command Line: --add-modules=ALL-SYSTEM --add-opens=java.base/java.util=ALL-UNNAMED --add-opens=java.base/java.lang=ALL-UNNAMED --add-opens=java.base/sun.nio.fs=ALL-UNNAMED -Declipse.application=org.eclipse.jdt.ls.core.id1 -Dosgi.bundles.defaultStartLevel=4 -Declipse.product=org.eclipse.jdt.ls.core.product -Djava.import.generatesMetadataFilesAtProjectRoot=false -Dfile.encoding=utf8 -DwatchParentProcess=false -XX:+UseParallelGC -XX:GCTimeRatio=4 -XX:AdaptiveSizePolicyWeight=90 -Dsun.zip.disableMemoryMapping=true -Xmx1G -Xms100m -XX:+HeapDumpOnOutOfMemoryError -XX:HeapDumpPath=c:\Users\Nathan Ting\AppData\Roaming\Code\User\workspaceStorage\665fadb96facc8848b70aa769e507785\redhat.java c:\Users\Nathan Ting\.vscode\extensions\redhat.java-1.4.0\server\plugins\org.eclipse.equinox.launcher_1.6.400.v20210924-0641.jar -configuration c:\Users\Nathan Ting\AppData\Roaming\Code\User\globalStorage\redhat.java\1.4.0\config_win -data c:\Users\Nathan Ting\AppData\Roaming\Code\User\workspaceStorage\665fadb96facc8848b70aa769e507785\redhat.java\jdt_ws

Host: Intel(R) Core(TM) i7-9750H CPU @ 2.60GHz, 12 cores, 15G,  Windows 10 , 64 bit Build 19041 (10.0.19041.1566)
Time: Tue Mar 15 18:00:22 2022 Malay Peninsula Standard Time elapsed time: 5.384295 seconds (0d 0h 0m 5s)

---------------  T H R E A D  ---------------

Current thread (0x0000027f07031050):  JavaThread "C2 CompilerThread2" daemon [_thread_in_native, id=3248, stack(0x0000009bb5500000,0x0000009bb5600000)]


Current CompileTask:
C2:   5384 4780   !   4       org.eclipse.osgi.internal.loader.classpath.ClasspathManager::defineClass (636 bytes)

Stack: [0x0000009bb5500000,0x0000009bb5600000]
Native frames: (J=compiled Java code, j=interpreted, Vv=VM code, C=native code)
V  [jvm.dll+0x67564a]
V  [jvm.dll+0x82fc04]
V  [jvm.dll+0x8313ae]
V  [jvm.dll+0x831a13]
V  [jvm.dll+0x245235]
V  [jvm.dll+0xabd7b]
V  [jvm.dll+0xac30c]
V  [jvm.dll+0x3631f7]
V  [jvm.dll+0x1bb702]
V  [jvm.dll+0x218229]
V  [jvm.dll+0x2174f1]
V  [jvm.dll+0x1a3a8d]
V  [jvm.dll+0x226ef8]
V  [jvm.dll+0x22503c]
V  [jvm.dll+0x7e596b]
V  [jvm.dll+0x7dff2a]
V  [jvm.dll+0x6744d5]
C  [ucrtbase.dll+0x21bb2]
C  [KERNEL32.DLL+0x17034]
C  [ntdll.dll+0x52651]


---------------  P R O C E S S  ---------------

Threads class SMR info:
_java_thread_list=0x0000027f08f3c0c0, length=31, elements={
0x0000027f6e1f2630, 0x0000027f021f87b0, 0x0000027f03f84130, 0x0000027f03fba130,
0x0000027f03fbaeb0, 0x0000027f03fbdb40, 0x0000027f03fc0e60, 0x0000027f03fc5af0,
0x0000027f03fc6c40, 0x0000027f03fc7ce0, 0x0000027f040dbc60, 0x0000027f041d5230,
0x0000027f05661880, 0x0000027f05aedb00, 0x0000027f05aea510, 0x0000027f05ad3470,
0x0000027f0596e920, 0x0000027f05aa8040, 0x0000027f06b7f040, 0x0000027f06b40540,
0x0000027f06b41880, 0x0000027f06b40a10, 0x0000027f06d05860, 0x0000027f06b40070,
0x0000027f07031050, 0x0000027f06b40ee0, 0x0000027f06b413b0, 0x0000027f0a46aa50,
0x0000027f0a46b3f0, 0x0000027f0a468d70, 0x0000027f0a46c260
}

Java Threads: ( => current thread )
  0x0000027f6e1f2630 JavaThread "main" [_thread_blocked, id=21288, stack(0x0000009bb3100000,0x0000009bb3200000)]
  0x0000027f021f87b0 JavaThread "Reference Handler" daemon [_thread_blocked, id=20500, stack(0x0000009bb3400000,0x0000009bb3500000)]
  0x0000027f03f84130 JavaThread "Finalizer" daemon [_thread_blocked, id=26060, stack(0x0000009bb3500000,0x0000009bb3600000)]
  0x0000027f03fba130 JavaThread "Signal Dispatcher" daemon [_thread_blocked, id=6640, stack(0x0000009bb3600000,0x0000009bb3700000)]
  0x0000027f03fbaeb0 JavaThread "Attach Listener" daemon [_thread_blocked, id=26336, stack(0x0000009bb3700000,0x0000009bb3800000)]
  0x0000027f03fbdb40 JavaThread "Service Thread" daemon [_thread_blocked, id=9968, stack(0x0000009bb3800000,0x0000009bb3900000)]
  0x0000027f03fc0e60 JavaThread "Monitor Deflation Thread" daemon [_thread_blocked, id=11728, stack(0x0000009bb3900000,0x0000009bb3a00000)]
  0x0000027f03fc5af0 JavaThread "C2 CompilerThread0" daemon [_thread_in_native, id=14356, stack(0x0000009bb3a00000,0x0000009bb3b00000)]
  0x0000027f03fc6c40 JavaThread "C1 CompilerThread0" daemon [_thread_blocked, id=9636, stack(0x0000009bb3b00000,0x0000009bb3c00000)]
  0x0000027f03fc7ce0 JavaThread "Sweeper thread" daemon [_thread_blocked, id=20368, stack(0x0000009bb3c00000,0x0000009bb3d00000)]
  0x0000027f040dbc60 JavaThread "Common-Cleaner" daemon [_thread_blocked, id=4776, stack(0x0000009bb3d00000,0x0000009bb3e00000)]
  0x0000027f041d5230 JavaThread "Notification Thread" daemon [_thread_blocked, id=23868, stack(0x0000009bb3f00000,0x0000009bb4000000)]
  0x0000027f05661880 JavaThread "Active Thread: Equinox Container: 88ef762b-26e7-4965-8019-e6d167e97210" [_thread_blocked, id=2456, stack(0x0000009bb4100000,0x0000009bb4200000)]
  0x0000027f05aedb00 JavaThread "Framework Event Dispatcher: Equinox Container: 88ef762b-26e7-4965-8019-e6d167e97210" daemon [_thread_blocked, id=5176, stack(0x0000009bb4200000,0x0000009bb4300000)]
  0x0000027f05aea510 JavaThread "Start Level: Equinox Container: 88ef762b-26e7-4965-8019-e6d167e97210" daemon [_thread_blocked, id=9932, stack(0x0000009bb4900000,0x0000009bb4a00000)]
  0x0000027f05ad3470 JavaThread "SCR Component Actor" daemon [_thread_blocked, id=1868, stack(0x0000009bb4a00000,0x0000009bb4b00000)]
  0x0000027f0596e920 JavaThread "Timer-0" [_thread_blocked, id=9664, stack(0x0000009bb4b00000,0x0000009bb4c00000)]
  0x0000027f05aa8040 JavaThread "Bundle File Closer" daemon [_thread_blocked, id=12156, stack(0x0000009bb4c00000,0x0000009bb4d00000)]
  0x0000027f06b7f040 JavaThread "Worker-JM" [_thread_blocked, id=7916, stack(0x0000009bb4d00000,0x0000009bb4e00000)]
  0x0000027f06b40540 JavaThread "Worker-0" [_thread_blocked, id=12656, stack(0x0000009bb5100000,0x0000009bb5200000)]
  0x0000027f06b41880 JavaThread "Worker-1: Initialize workspace" [_thread_blocked, id=8084, stack(0x0000009bb5200000,0x0000009bb5300000)]
  0x0000027f06b40a10 JavaThread "Worker-2: Building" [_thread_in_native, id=21212, stack(0x0000009bb3e00000,0x0000009bb3f00000)]
  0x0000027f06d05860 JavaThread "C2 CompilerThread1" daemon [_thread_in_native, id=1564, stack(0x0000009bb5300000,0x0000009bb5400000)]
  0x0000027f06b40070 JavaThread "Java indexing" daemon [_thread_blocked, id=12328, stack(0x0000009bb5400000,0x0000009bb5500000)]
=>0x0000027f07031050 JavaThread "C2 CompilerThread2" daemon [_thread_in_native, id=3248, stack(0x0000009bb5500000,0x0000009bb5600000)]
  0x0000027f06b40ee0 JavaThread "pool-2-thread-1" [_thread_in_native, id=14260, stack(0x0000009bb5600000,0x0000009bb5700000)]
  0x0000027f06b413b0 JavaThread "Worker-3" [_thread_blocked, id=2224, stack(0x0000009bb5700000,0x0000009bb5800000)]
  0x0000027f0a46aa50 JavaThread "ForkJoinPool.commonPool-worker-1" daemon [_thread_blocked, id=26808, stack(0x0000009bb5800000,0x0000009bb5900000)]
  0x0000027f0a46b3f0 JavaThread "ForkJoinPool.commonPool-worker-2" daemon [_thread_blocked, id=21744, stack(0x0000009bb5900000,0x0000009bb5a00000)]
  0x0000027f0a468d70 JavaThread "ForkJoinPool.commonPool-worker-3" daemon [_thread_blocked, id=3412, stack(0x0000009bb5a00000,0x0000009bb5b00000)]
  0x0000027f0a46c260 JavaThread "ForkJoinPool.commonPool-worker-4" daemon [_thread_new, id=18368, stack(0x0000000000000000,0x0000000000000000)]

Other Threads:
  0x0000027f020b9f70 VMThread "VM Thread" [stack: 0x0000009bb3300000,0x0000009bb3400000] [id=7260]
  0x0000027f041a9790 WatcherThread [stack: 0x0000009bb4000000,0x0000009bb4100000] [id=12032]
  0x0000027f6e2091e0 GCTaskThread "GC Thread#0" [stack: 0x0000009bb3200000,0x0000009bb3300000] [id=25780]
  0x0000027f05673030 GCTaskThread "GC Thread#1" [stack: 0x0000009bb4300000,0x0000009bb4400000] [id=26832]
  0x0000027f05adae50 GCTaskThread "GC Thread#2" [stack: 0x0000009bb4400000,0x0000009bb4500000] [id=3564]
  0x0000027f05adb100 GCTaskThread "GC Thread#3" [stack: 0x0000009bb4500000,0x0000009bb4600000] [id=20716]
  0x0000027f05ae5c00 GCTaskThread "GC Thread#4" [stack: 0x0000009bb4600000,0x0000009bb4700000] [id=7460]
  0x0000027f05ae5eb0 GCTaskThread "GC Thread#5" [stack: 0x0000009bb4700000,0x0000009bb4800000] [id=2288]
  0x0000027f05ae6160 GCTaskThread "GC Thread#6" [stack: 0x0000009bb4800000,0x0000009bb4900000] [id=3864]
  0x0000027f06c258e0 GCTaskThread "GC Thread#7" [stack: 0x0000009bb4e00000,0x0000009bb4f00000] [id=22244]
  0x0000027f06bfa690 GCTaskThread "GC Thread#8" [stack: 0x0000009bb4f00000,0x0000009bb5000000] [id=27536]
  0x0000027f06c26770 GCTaskThread "GC Thread#9" [stack: 0x0000009bb5000000,0x0000009bb5100000] [id=26028]

Threads with active compile tasks:
C2 CompilerThread0     5411 5168       4       org.eclipse.core.runtime.Path::append (150 bytes)
C2 CompilerThread1     5411 5160       4       org.eclipse.core.internal.dtree.AbstractDataTreeNode::assembleWith (502 bytes)
C2 CompilerThread2     5411 4780   !   4       org.eclipse.osgi.internal.loader.classpath.ClasspathManager::defineClass (636 bytes)

VM state: not at safepoint (normal execution)

VM Mutex/Monitor currently owned by a thread: None

Heap address: 0x00000000c0000000, size: 1024 MB, Compressed Oops mode: 32-bit

CDS archive(s) not mapped
Compressed class space mapped at: 0x0000000100000000-0x0000000140000000, reserved size: 1073741824
Narrow klass base: 0x0000000000000000, Narrow klass shift: 3, Narrow klass range: 0x140000000

GC Precious Log:
 CPUs: 12 total, 12 available
 Memory: 16229M
 Large Page Support: Disabled
 NUMA Support: Disabled
 Compressed Oops: Enabled (32-bit)
 Alignments: Space 512K, Generation 512K, Heap 2M
 Heap Min Capacity: 100M
 Heap Initial Capacity: 100M
 Heap Max Capacity: 1G
 Pre-touch: Disabled
 Parallel Workers: 10

Heap:
 PSYoungGen      total 23552K, used 11533K [0x00000000eab00000, 0x00000000ec500000, 0x0000000100000000)
  eden space 22016K, 47% used [0x00000000eab00000,0x00000000eb52f370,0x00000000ec080000)
  from space 1536K, 71% used [0x00000000ec380000,0x00000000ec4943c0,0x00000000ec500000)
  to   space 2048K, 0% used [0x00000000ec100000,0x00000000ec100000,0x00000000ec300000)
 ParOldGen       total 68608K, used 30495K [0x00000000c0000000, 0x00000000c4300000, 0x00000000eab00000)
  object space 68608K, 44% used [0x00000000c0000000,0x00000000c1dc7f08,0x00000000c4300000)
 Metaspace       used 52000K, committed 52736K, reserved 1097728K
  class space    used 5625K, committed 5952K, reserved 1048576K

Card table byte_map: [0x0000027f6dbb0000,0x0000027f6ddc0000] _byte_map_base: 0x0000027f6d5b0000

Marking Bits: (ParMarkBitMap*) 0x00007ffe4eb93af0
 Begin Bits: [0x0000027f00000000, 0x0000027f01000000)
 End Bits:   [0x0000027f01000000, 0x0000027f02000000)

Polling page: 0x0000027f6bfe0000

Metaspace:

Usage:
  Non-class:     45.29 MB used.
      Class:      5.49 MB used.
       Both:     50.78 MB used.

Virtual space:
  Non-class space:       48.00 MB reserved,      45.69 MB ( 95%) committed,  6 nodes.
      Class space:        1.00 GB reserved,       5.81 MB ( <1%) committed,  1 nodes.
             Both:        1.05 GB reserved,      51.50 MB (  5%) committed. 

Chunk freelists:
   Non-Class:  1.89 MB
       Class:  2.20 MB
        Both:  4.09 MB

MaxMetaspaceSize: unlimited
CompressedClassSpaceSize: 1.00 GB
Initial GC threshold: 21.00 MB
Current GC threshold: 58.38 MB
CDS: off
MetaspaceReclaimPolicy: balanced
 - commit_granule_bytes: 65536.
 - commit_granule_words: 8192.
 - virtual_space_node_default_size: 1048576.
 - enlarge_chunks_in_place: 1.
 - new_chunks_are_fully_committed: 0.
 - uncommit_free_chunks: 1.
 - use_allocation_guard: 0.
 - handle_deallocations: 1.


Internal statistics:

num_allocs_failed_limit: 6.
num_arena_births: 300.
num_arena_deaths: 0.
num_vsnodes_births: 7.
num_vsnodes_deaths: 0.
num_space_committed: 824.
num_space_uncommitted: 0.
num_chunks_returned_to_freelist: 6.
num_chunks_taken_from_freelist: 2158.
num_chunk_merges: 6.
num_chunk_splits: 1402.
num_chunks_enlarged: 903.
num_purges: 0.
num_inconsistent_stats: 0.

CodeHeap 'non-profiled nmethods': size=120000Kb used=2401Kb max_used=2401Kb free=117598Kb
 bounds [0x0000027f78950000, 0x0000027f78bc0000, 0x0000027f7fe80000]
CodeHeap 'profiled nmethods': size=120000Kb used=11267Kb max_used=11267Kb free=108732Kb
 bounds [0x0000027f71420000, 0x0000027f71f30000, 0x0000027f78950000]
CodeHeap 'non-nmethods': size=5760Kb used=1285Kb max_used=1360Kb free=4474Kb
 bounds [0x0000027f70e80000, 0x0000027f710f0000, 0x0000027f71420000]
 total_blobs=5788 nmethods=5177 adapters=525
 compilation: enabled
              stopped_count=0, restarted_count=0
 full_count=0

Compilation events (20 events):
Event: 5.351 Thread 0x0000027f03fc6c40 nmethod 5223 0x0000027f71f0e290 code [0x0000027f71f0e440, 0x0000027f71f0e658]
Event: 5.351 Thread 0x0000027f03fc6c40 5224       3       org.eclipse.core.internal.jobs.OrderedLock::setCurrentOperationThread (48 bytes)
Event: 5.351 Thread 0x0000027f03fc6c40 nmethod 5224 0x0000027f71f0e810 code [0x0000027f71f0e9c0, 0x0000027f71f0ec78]
Event: 5.362 Thread 0x0000027f03fc6c40 5227       1       sun.util.calendar.CalendarDate::getMonth (5 bytes)
Event: 5.362 Thread 0x0000027f03fc6c40 nmethod 5227 0x0000027f78ba7610 code [0x0000027f78ba77a0, 0x0000027f78ba7878]
Event: 5.364 Thread 0x0000027f03fc6c40 5228   !   3       java.io.StringReader::read (105 bytes)
Event: 5.365 Thread 0x0000027f03fc6c40 nmethod 5228 0x0000027f71f0ed90 code [0x0000027f71f0efc0, 0x0000027f71f0f768]
Event: 5.365 Thread 0x0000027f03fc6c40 5229       3       java.io.StringReader::ensureOpen (18 bytes)
Event: 5.365 Thread 0x0000027f03fc6c40 nmethod 5229 0x0000027f71f0fb90 code [0x0000027f71f0fd40, 0x0000027f71f0ff48]
Event: 5.370 Thread 0x0000027f03fc6c40 5231       3       java.net.URI::decode (6 bytes)
Event: 5.370 Thread 0x0000027f03fc6c40 nmethod 5231 0x0000027f71f10010 code [0x0000027f71f101a0, 0x0000027f71f102c8]
Event: 5.370 Thread 0x0000027f03fc6c40 5232       3       jdk.internal.org.objectweb.asm.ClassVisitor::<init> (7 bytes)
Event: 5.370 Thread 0x0000027f03fc6c40 nmethod 5232 0x0000027f71f10390 code [0x0000027f71f10540, 0x0000027f71f10688]
Event: 5.370 Thread 0x0000027f03fc6c40 5237       3       jdk.internal.org.objectweb.asm.ClassWriter::toByteArray (1535 bytes)
Event: 5.379 Thread 0x0000027f03fc6c40 nmethod 5237 0x0000027f71f10710 code [0x0000027f71f11040, 0x0000027f71f14d18]
Event: 5.379 Thread 0x0000027f03fc6c40 5235       3       jdk.internal.org.objectweb.asm.ClassWriter::visit (160 bytes)
Event: 5.380 Thread 0x0000027f03fc6c40 nmethod 5235 0x0000027f71f16d10 code [0x0000027f71f16f20, 0x0000027f71f176d8]
Event: 5.380 Thread 0x0000027f03fc6c40 5233       3       jdk.internal.org.objectweb.asm.ClassVisitor::<init> (88 bytes)
Event: 5.381 Thread 0x0000027f03fc6c40 nmethod 5233 0x0000027f71f17b10 code [0x0000027f71f17d60, 0x0000027f71f185e8]
Event: 5.381 Thread 0x0000027f03fc6c40 5238       3       java.net.URI$Parser::parse (243 bytes)

GC Heap History (20 events):
Event: 3.477 GC heap before
{Heap before GC invocations=9 (full 2):
 PSYoungGen      total 29696K, used 25088K [0x00000000eab00000, 0x00000000ecd00000, 0x0000000100000000)
  eden space 25088K, 100% used [0x00000000eab00000,0x00000000ec380000,0x00000000ec380000)
  from space 4608K, 0% used [0x00000000ec880000,0x00000000ec880000,0x00000000ecd00000)
  to   space 4608K, 0% used [0x00000000ec400000,0x00000000ec400000,0x00000000ec880000)
 ParOldGen       total 68608K, used 12402K [0x00000000c0000000, 0x00000000c4300000, 0x00000000eab00000)
  object space 68608K, 18% used [0x00000000c0000000,0x00000000c0c1c958,0x00000000c4300000)
 Metaspace       used 37276K, committed 38016K, reserved 1089536K
  class space    used 3925K, committed 4288K, reserved 1048576K
}
Event: 3.480 GC heap after
{Heap after GC invocations=9 (full 2):
 PSYoungGen      total 27648K, used 2976K [0x00000000eab00000, 0x00000000eca00000, 0x0000000100000000)
  eden space 24576K, 0% used [0x00000000eab00000,0x00000000eab00000,0x00000000ec300000)
  from space 3072K, 96% used [0x00000000ec400000,0x00000000ec6e8020,0x00000000ec700000)
  to   space 3072K, 0% used [0x00000000ec700000,0x00000000ec700000,0x00000000eca00000)
 ParOldGen       total 68608K, used 12410K [0x00000000c0000000, 0x00000000c4300000, 0x00000000eab00000)
  object space 68608K, 18% used [0x00000000c0000000,0x00000000c0c1e958,0x00000000c4300000)
 Metaspace       used 37276K, committed 38016K, reserved 1089536K
  class space    used 3925K, committed 4288K, reserved 1048576K
}
Event: 3.584 GC heap before
{Heap before GC invocations=10 (full 2):
 PSYoungGen      total 27648K, used 27552K [0x00000000eab00000, 0x00000000eca00000, 0x0000000100000000)
  eden space 24576K, 100% used [0x00000000eab00000,0x00000000ec300000,0x00000000ec300000)
  from space 3072K, 96% used [0x00000000ec400000,0x00000000ec6e8020,0x00000000ec700000)
  to   space 3072K, 0% used [0x00000000ec700000,0x00000000ec700000,0x00000000eca00000)
 ParOldGen       total 68608K, used 12410K [0x00000000c0000000, 0x00000000c4300000, 0x00000000eab00000)
  object space 68608K, 18% used [0x00000000c0000000,0x00000000c0c1e958,0x00000000c4300000)
 Metaspace       used 37450K, committed 38144K, reserved 1089536K
  class space    used 3943K, committed 4288K, reserved 1048576K
}
Event: 3.587 GC heap after
{Heap after GC invocations=10 (full 2):
 PSYoungGen      total 26112K, used 3040K [0x00000000eab00000, 0x00000000ecd80000, 0x0000000100000000)
  eden space 23040K, 0% used [0x00000000eab00000,0x00000000eab00000,0x00000000ec180000)
  from space 3072K, 98% used [0x00000000ec700000,0x00000000ec9f8010,0x00000000eca00000)
  to   space 5632K, 0% used [0x00000000ec180000,0x00000000ec180000,0x00000000ec700000)
 ParOldGen       total 68608K, used 14410K [0x00000000c0000000, 0x00000000c4300000, 0x00000000eab00000)
  object space 68608K, 21% used [0x00000000c0000000,0x00000000c0e12978,0x00000000c4300000)
 Metaspace       used 37450K, committed 38144K, reserved 1089536K
  class space    used 3943K, committed 4288K, reserved 1048576K
}
Event: 3.654 GC heap before
{Heap before GC invocations=11 (full 2):
 PSYoungGen      total 26112K, used 26080K [0x00000000eab00000, 0x00000000ecd80000, 0x0000000100000000)
  eden space 23040K, 100% used [0x00000000eab00000,0x00000000ec180000,0x00000000ec180000)
  from space 3072K, 98% used [0x00000000ec700000,0x00000000ec9f8010,0x00000000eca00000)
  to   space 5632K, 0% used [0x00000000ec180000,0x00000000ec180000,0x00000000ec700000)
 ParOldGen       total 68608K, used 14410K [0x00000000c0000000, 0x00000000c4300000, 0x00000000eab00000)
  object space 68608K, 21% used [0x00000000c0000000,0x00000000c0e12978,0x00000000c4300000)
 Metaspace       used 37472K, committed 38208K, reserved 1089536K
  class space    used 3943K, committed 4288K, reserved 1048576K
}
Event: 3.657 GC heap after
{Heap after GC invocations=11 (full 2):
 PSYoungGen      total 28160K, used 5376K [0x00000000eab00000, 0x00000000ecc00000, 0x0000000100000000)
  eden space 22528K, 0% used [0x00000000eab00000,0x00000000eab00000,0x00000000ec100000)
  from space 5632K, 95% used [0x00000000ec180000,0x00000000ec6c0010,0x00000000ec700000)
  to   space 5120K, 0% used [0x00000000ec700000,0x00000000ec700000,0x00000000ecc00000)
 ParOldGen       total 68608K, used 14418K [0x00000000c0000000, 0x00000000c4300000, 0x00000000eab00000)
  object space 68608K, 21% used [0x00000000c0000000,0x00000000c0e14978,0x00000000c4300000)
 Metaspace       used 37472K, committed 38208K, reserved 1089536K
  class space    used 3943K, committed 4288K, reserved 1048576K
}
Event: 3.711 GC heap before
{Heap before GC invocations=12 (full 2):
 PSYoungGen      total 28160K, used 27904K [0x00000000eab00000, 0x00000000ecc00000, 0x0000000100000000)
  eden space 22528K, 100% used [0x00000000eab00000,0x00000000ec100000,0x00000000ec100000)
  from space 5632K, 95% used [0x00000000ec180000,0x00000000ec6c0010,0x00000000ec700000)
  to   space 5120K, 0% used [0x00000000ec700000,0x00000000ec700000,0x00000000ecc00000)
 ParOldGen       total 68608K, used 14418K [0x00000000c0000000, 0x00000000c4300000, 0x00000000eab00000)
  object space 68608K, 21% used [0x00000000c0000000,0x00000000c0e14978,0x00000000c4300000)
 Metaspace       used 37518K, committed 38208K, reserved 1089536K
  class space    used 3955K, committed 4288K, reserved 1048576K
}
Event: 3.716 GC heap after
{Heap after GC invocations=12 (full 2):
 PSYoungGen      total 27136K, used 4915K [0x00000000eab00000, 0x00000000ecc00000, 0x0000000100000000)
  eden space 22016K, 0% used [0x00000000eab00000,0x00000000eab00000,0x00000000ec080000)
  from space 5120K, 96% used [0x00000000ec700000,0x00000000ecbccf80,0x00000000ecc00000)
  to   space 5120K, 0% used [0x00000000ec200000,0x00000000ec200000,0x00000000ec700000)
 ParOldGen       total 68608K, used 17424K [0x00000000c0000000, 0x00000000c4300000, 0x00000000eab00000)
  object space 68608K, 25% used [0x00000000c0000000,0x00000000c1104028,0x00000000c4300000)
 Metaspace       used 37518K, committed 38208K, reserved 1089536K
  class space    used 3955K, committed 4288K, reserved 1048576K
}
Event: 3.755 GC heap before
{Heap before GC invocations=13 (full 2):
 PSYoungGen      total 27136K, used 26931K [0x00000000eab00000, 0x00000000ecc00000, 0x0000000100000000)
  eden space 22016K, 100% used [0x00000000eab00000,0x00000000ec080000,0x00000000ec080000)
  from space 5120K, 96% used [0x00000000ec700000,0x00000000ecbccf80,0x00000000ecc00000)
  to   space 5120K, 0% used [0x00000000ec200000,0x00000000ec200000,0x00000000ec700000)
 ParOldGen       total 68608K, used 17424K [0x00000000c0000000, 0x00000000c4300000, 0x00000000eab00000)
  object space 68608K, 25% used [0x00000000c0000000,0x00000000c1104028,0x00000000c4300000)
 Metaspace       used 37520K, committed 38208K, reserved 1089536K
  class space    used 3955K, committed 4288K, reserved 1048576K
}
Event: 3.760 GC heap after
{Heap after GC invocations=13 (full 2):
 PSYoungGen      total 25088K, used 2624K [0x00000000eab00000, 0x00000000ec780000, 0x0000000100000000)
  eden space 22016K, 0% used [0x00000000eab00000,0x00000000eab00000,0x00000000ec080000)
  from space 3072K, 85% used [0x00000000ec200000,0x00000000ec490010,0x00000000ec500000)
  to   space 2560K, 0% used [0x00000000ec500000,0x00000000ec500000,0x00000000ec780000)
 ParOldGen       total 68608K, used 22106K [0x00000000c0000000, 0x00000000c4300000, 0x00000000eab00000)
  object space 68608K, 32% used [0x00000000c0000000,0x00000000c1596840,0x00000000c4300000)
 Metaspace       used 37520K, committed 38208K, reserved 1089536K
  class space    used 3955K, committed 4288K, reserved 1048576K
}
Event: 3.806 GC heap before
{Heap before GC invocations=14 (full 2):
 PSYoungGen      total 25088K, used 24640K [0x00000000eab00000, 0x00000000ec780000, 0x0000000100000000)
  eden space 22016K, 100% used [0x00000000eab00000,0x00000000ec080000,0x00000000ec080000)
  from space 3072K, 85% used [0x00000000ec200000,0x00000000ec490010,0x00000000ec500000)
  to   space 2560K, 0% used [0x00000000ec500000,0x00000000ec500000,0x00000000ec780000)
 ParOldGen       total 68608K, used 22106K [0x00000000c0000000, 0x00000000c4300000, 0x00000000eab00000)
  object space 68608K, 32% used [0x00000000c0000000,0x00000000c1596840,0x00000000c4300000)
 Metaspace       used 37984K, committed 38720K, reserved 1089536K
  class space    used 4034K, committed 4416K, reserved 1048576K
}
Event: 3.810 GC heap after
{Heap after GC invocations=14 (full 2):
 PSYoungGen      total 24064K, used 2048K [0x00000000eab00000, 0x00000000ec700000, 0x0000000100000000)
  eden space 22016K, 0% used [0x00000000eab00000,0x00000000eab00000,0x00000000ec080000)
  from space 2048K, 100% used [0x00000000ec500000,0x00000000ec700000,0x00000000ec700000)
  to   space 2560K, 0% used [0x00000000ec200000,0x00000000ec200000,0x00000000ec480000)
 ParOldGen       total 68608K, used 24618K [0x00000000c0000000, 0x00000000c4300000, 0x00000000eab00000)
  object space 68608K, 35% used [0x00000000c0000000,0x00000000c180a850,0x00000000c4300000)
 Metaspace       used 37984K, committed 38720K, reserved 1089536K
  class space    used 4034K, committed 4416K, reserved 1048576K
}
Event: 4.010 GC heap before
{Heap before GC invocations=15 (full 2):
 PSYoungGen      total 24064K, used 24064K [0x00000000eab00000, 0x00000000ec700000, 0x0000000100000000)
  eden space 22016K, 100% used [0x00000000eab00000,0x00000000ec080000,0x00000000ec080000)
  from space 2048K, 100% used [0x00000000ec500000,0x00000000ec700000,0x00000000ec700000)
  to   space 2560K, 0% used [0x00000000ec200000,0x00000000ec200000,0x00000000ec480000)
 ParOldGen       total 68608K, used 24618K [0x00000000c0000000, 0x00000000c4300000, 0x00000000eab00000)
  object space 68608K, 35% used [0x00000000c0000000,0x00000000c180a850,0x00000000c4300000)
 Metaspace       used 40047K, committed 40768K, reserved 1089536K
  class space    used 4284K, committed 4608K, reserved 1048576K
}
Event: 4.013 GC heap after
{Heap after GC invocations=15 (full 2):
 PSYoungGen      total 24064K, used 1862K [0x00000000eab00000, 0x00000000ec580000, 0x0000000100000000)
  eden space 22016K, 0% used [0x00000000eab00000,0x00000000eab00000,0x00000000ec080000)
  from space 2048K, 90% used [0x00000000ec200000,0x00000000ec3d1b48,0x00000000ec400000)
  to   space 1536K, 0% used [0x00000000ec400000,0x00000000ec400000,0x00000000ec580000)
 ParOldGen       total 68608K, used 26574K [0x00000000c0000000, 0x00000000c4300000, 0x00000000eab00000)
  object space 68608K, 38% used [0x00000000c0000000,0x00000000c19f3ba8,0x00000000c4300000)
 Metaspace       used 40047K, committed 40768K, reserved 1089536K
  class space    used 4284K, committed 4608K, reserved 1048576K
}
Event: 4.298 GC heap before
{Heap before GC invocations=16 (full 2):
 PSYoungGen      total 24064K, used 23878K [0x00000000eab00000, 0x00000000ec580000, 0x0000000100000000)
  eden space 22016K, 100% used [0x00000000eab00000,0x00000000ec080000,0x00000000ec080000)
  from space 2048K, 90% used [0x00000000ec200000,0x00000000ec3d1b48,0x00000000ec400000)
  to   space 1536K, 0% used [0x00000000ec400000,0x00000000ec400000,0x00000000ec580000)
 ParOldGen       total 68608K, used 26574K [0x00000000c0000000, 0x00000000c4300000, 0x00000000eab00000)
  object space 68608K, 38% used [0x00000000c0000000,0x00000000c19f3ba8,0x00000000c4300000)
 Metaspace       used 42187K, committed 42880K, reserved 1089536K
  class space    used 4560K, committed 4864K, reserved 1048576K
}
Event: 4.300 GC heap after
{Heap after GC invocations=16 (full 2):
 PSYoungGen      total 23040K, used 704K [0x00000000eab00000, 0x00000000ec500000, 0x0000000100000000)
  eden space 22016K, 0% used [0x00000000eab00000,0x00000000eab00000,0x00000000ec080000)
  from space 1024K, 68% used [0x00000000ec400000,0x00000000ec4b0000,0x00000000ec500000)
  to   space 1536K, 0% used [0x00000000ec200000,0x00000000ec200000,0x00000000ec380000)
 ParOldGen       total 68608K, used 28254K [0x00000000c0000000, 0x00000000c4300000, 0x00000000eab00000)
  object space 68608K, 41% used [0x00000000c0000000,0x00000000c1b97ba8,0x00000000c4300000)
 Metaspace       used 42187K, committed 42880K, reserved 1089536K
  class space    used 4560K, committed 4864K, reserved 1048576K
}
Event: 4.716 GC heap before
{Heap before GC invocations=17 (full 2):
 PSYoungGen      total 23040K, used 22720K [0x00000000eab00000, 0x00000000ec500000, 0x0000000100000000)
  eden space 22016K, 100% used [0x00000000eab00000,0x00000000ec080000,0x00000000ec080000)
  from space 1024K, 68% used [0x00000000ec400000,0x00000000ec4b0000,0x00000000ec500000)
  to   space 1536K, 0% used [0x00000000ec200000,0x00000000ec200000,0x00000000ec380000)
 ParOldGen       total 68608K, used 28254K [0x00000000c0000000, 0x00000000c4300000, 0x00000000eab00000)
  object space 68608K, 41% used [0x00000000c0000000,0x00000000c1b97ba8,0x00000000c4300000)
 Metaspace       used 48293K, committed 49088K, reserved 1097728K
  class space    used 5227K, committed 5568K, reserved 1048576K
}
Event: 4.718 GC heap after
{Heap after GC invocations=17 (full 2):
 PSYoungGen      total 23552K, used 1531K [0x00000000eab00000, 0x00000000ec680000, 0x0000000100000000)
  eden space 22016K, 0% used [0x00000000eab00000,0x00000000eab00000,0x00000000ec080000)
  from space 1536K, 99% used [0x00000000ec200000,0x00000000ec37ed00,0x00000000ec380000)
  to   space 3072K, 0% used [0x00000000ec380000,0x00000000ec380000,0x00000000ec680000)
 ParOldGen       total 68608K, used 29038K [0x00000000c0000000, 0x00000000c4300000, 0x00000000eab00000)
  object space 68608K, 42% used [0x00000000c0000000,0x00000000c1c5b8a8,0x00000000c4300000)
 Metaspace       used 48293K, committed 49088K, reserved 1097728K
  class space    used 5227K, committed 5568K, reserved 1048576K
}
Event: 5.049 GC heap before
{Heap before GC invocations=18 (full 2):
 PSYoungGen      total 23552K, used 23547K [0x00000000eab00000, 0x00000000ec680000, 0x0000000100000000)
  eden space 22016K, 100% used [0x00000000eab00000,0x00000000ec080000,0x00000000ec080000)
  from space 1536K, 99% used [0x00000000ec200000,0x00000000ec37ed00,0x00000000ec380000)
  to   space 3072K, 0% used [0x00000000ec380000,0x00000000ec380000,0x00000000ec680000)
 ParOldGen       total 68608K, used 29038K [0x00000000c0000000, 0x00000000c4300000, 0x00000000eab00000)
  object space 68608K, 42% used [0x00000000c0000000,0x00000000c1c5b8a8,0x00000000c4300000)
 Metaspace       used 49822K, committed 50624K, reserved 1097728K
  class space    used 5387K, committed 5760K, reserved 1048576K
}
Event: 5.052 GC heap after
{Heap after GC invocations=18 (full 2):
 PSYoungGen      total 23552K, used 1104K [0x00000000eab00000, 0x00000000ec500000, 0x0000000100000000)
  eden space 22016K, 0% used [0x00000000eab00000,0x00000000eab00000,0x00000000ec080000)
  from space 1536K, 71% used [0x00000000ec380000,0x00000000ec4943c0,0x00000000ec500000)
  to   space 2048K, 0% used [0x00000000ec100000,0x00000000ec100000,0x00000000ec300000)
 ParOldGen       total 68608K, used 30495K [0x00000000c0000000, 0x00000000c4300000, 0x00000000eab00000)
  object space 68608K, 44% used [0x00000000c0000000,0x00000000c1dc7f08,0x00000000c4300000)
 Metaspace       used 49822K, committed 50624K, reserved 1097728K
  class space    used 5387K, committed 5760K, reserved 1048576K
}

Deoptimization events (20 events):
Event: 4.896 Thread 0x0000027f06b40ee0 Uncommon trap: trap_request=0xffffffde fr.pc=0x0000027f78aae8e0 relative=0x0000000000000140
Event: 4.896 Thread 0x0000027f06b40ee0 Uncommon trap: reason=class_check action=maybe_recompile pc=0x0000027f78aae8e0 method=java.util.ArrayList$ArrayListSpliterator.tryAdvance(Ljava/util/function/Consumer;)Z @ 48 c2
Event: 4.896 Thread 0x0000027f06b40ee0 DEOPT PACKING pc=0x0000027f78aae8e0 sp=0x0000009bb56fdcf0
Event: 4.896 Thread 0x0000027f06b40ee0 DEOPT UNPACKING pc=0x0000027f70ed20a3 sp=0x0000009bb56fdc80 mode 2
Event: 4.927 Thread 0x0000027f06b41880 Uncommon trap: trap_request=0xffffffde fr.pc=0x0000027f78b01b0c relative=0x0000000000000dac
Event: 4.927 Thread 0x0000027f06b41880 Uncommon trap: reason=class_check action=maybe_recompile pc=0x0000027f78b01b0c method=java.util.regex.Pattern.compile()V @ 339 c2
Event: 4.927 Thread 0x0000027f06b41880 DEOPT PACKING pc=0x0000027f78b01b0c sp=0x0000009bb52feeb0
Event: 4.927 Thread 0x0000027f06b41880 DEOPT UNPACKING pc=0x0000027f70ed20a3 sp=0x0000009bb52fee78 mode 2
Event: 4.927 Thread 0x0000027f06b40ee0 Uncommon trap: trap_request=0xffffff45 fr.pc=0x0000027f78a8e45c relative=0x00000000000000bc
Event: 4.927 Thread 0x0000027f06b40ee0 Uncommon trap: reason=unstable_if action=reinterpret pc=0x0000027f78a8e45c method=com.google.gson.stream.JsonReader.peek()Lcom/google/gson/stream/JsonToken; @ 15 c2
Event: 4.927 Thread 0x0000027f06b40ee0 DEOPT PACKING pc=0x0000027f78a8e45c sp=0x0000009bb56fe320
Event: 4.927 Thread 0x0000027f06b40ee0 DEOPT UNPACKING pc=0x0000027f70ed20a3 sp=0x0000009bb56fe2a8 mode 2
Event: 4.932 Thread 0x0000027f06b40a10 Uncommon trap: trap_request=0xffffff76 fr.pc=0x0000027f78a41c2c relative=0x000000000000066c
Event: 4.932 Thread 0x0000027f06b40a10 Uncommon trap: reason=predicate action=maybe_recompile pc=0x0000027f78a41c2c method=java.util.TreeMap.getEntryUsingComparator(Ljava/lang/Object;)Ljava/util/TreeMap$Entry; @ 19 c2
Event: 4.932 Thread 0x0000027f06b40a10 DEOPT PACKING pc=0x0000027f78a41c2c sp=0x0000009bb3eff120
Event: 4.932 Thread 0x0000027f06b40a10 DEOPT UNPACKING pc=0x0000027f70ed20a3 sp=0x0000009bb3efefe8 mode 2
Event: 5.089 Thread 0x0000027f06b41880 Uncommon trap: trap_request=0xffffff3d fr.pc=0x0000027f78b3fd24 relative=0x00000000000000a4
Event: 5.089 Thread 0x0000027f06b41880 Uncommon trap: reason=unstable_fused_if action=reinterpret pc=0x0000027f78b3fd24 method=org.eclipse.core.internal.jobs.InternalJob.getState()I @ 10 c2
Event: 5.089 Thread 0x0000027f06b41880 DEOPT PACKING pc=0x0000027f78b3fd24 sp=0x0000009bb52fef20
Event: 5.089 Thread 0x0000027f06b41880 DEOPT UNPACKING pc=0x0000027f70ed20a3 sp=0x0000009bb52feeb0 mode 2

Classes unloaded (0 events):
No events

Classes redefined (0 events):
No events

Internal exceptions (20 events):
Event: 5.266 Thread 0x0000027f06b413b0 Exception <a 'sun/nio/fs/WindowsException'{0x00000000eb1ae148}> (0x00000000eb1ae148) 
thrown [e:\jenkins\tmp\workspace\build\src\src\hotspot\share\prims\jni.cpp, line 516]
Event: 5.269 Thread 0x0000027f06b413b0 Exception <a 'sun/nio/fs/WindowsException'{0x00000000eb1b4440}> (0x00000000eb1b4440) 
thrown [e:\jenkins\tmp\workspace\build\src\src\hotspot\share\prims\jni.cpp, line 516]
Event: 5.279 Thread 0x0000027f06b413b0 Exception <a 'sun/nio/fs/WindowsException'{0x00000000eb1bc8a0}> (0x00000000eb1bc8a0) 
thrown [e:\jenkins\tmp\workspace\build\src\src\hotspot\share\prims\jni.cpp, line 516]
Event: 5.283 Thread 0x0000027f06b413b0 Exception <a 'sun/nio/fs/WindowsException'{0x00000000eb1c48b0}> (0x00000000eb1c48b0) 
thrown [e:\jenkins\tmp\workspace\build\src\src\hotspot\share\prims\jni.cpp, line 516]
Event: 5.285 Thread 0x0000027f06b413b0 Exception <a 'sun/nio/fs/WindowsException'{0x00000000eb1ca0a0}> (0x00000000eb1ca0a0) 
thrown [e:\jenkins\tmp\workspace\build\src\src\hotspot\share\prims\jni.cpp, line 516]
Event: 5.288 Thread 0x0000027f06b413b0 Exception <a 'sun/nio/fs/WindowsException'{0x00000000eb1cf388}> (0x00000000eb1cf388) 
thrown [e:\jenkins\tmp\workspace\build\src\src\hotspot\share\prims\jni.cpp, line 516]
Event: 5.288 Thread 0x0000027f06b413b0 Exception <a 'sun/nio/fs/WindowsException'{0x00000000eb1d0e00}> (0x00000000eb1d0e00) 
thrown [e:\jenkins\tmp\workspace\build\src\src\hotspot\share\prims\jni.cpp, line 516]
Event: 5.291 Thread 0x0000027f06b413b0 Exception <a 'sun/nio/fs/WindowsException'{0x00000000eb1d7d58}> (0x00000000eb1d7d58) 
thrown [e:\jenkins\tmp\workspace\build\src\src\hotspot\share\prims\jni.cpp, line 516]
Event: 5.291 Thread 0x0000027f06b413b0 Exception <a 'sun/nio/fs/WindowsException'{0x00000000eb1d8508}> (0x00000000eb1d8508) 
thrown [e:\jenkins\tmp\workspace\build\src\src\hotspot\share\prims\jni.cpp, line 516]
Event: 5.294 Thread 0x0000027f06b413b0 Exception <a 'sun/nio/fs/WindowsException'{0x00000000eb1ddc68}> (0x00000000eb1ddc68) 
thrown [e:\jenkins\tmp\workspace\build\src\src\hotspot\share\prims\jni.cpp, line 516]
Event: 5.351 Thread 0x0000027f06b40a10 Exception <a 'sun/nio/fs/WindowsException'{0x00000000eb2f2cf0}> (0x00000000eb2f2cf0) 
thrown [e:\jenkins\tmp\workspace\build\src\src\hotspot\share\prims\jni.cpp, line 516]
Event: 5.354 Thread 0x0000027f06b40a10 Exception <a 'sun/nio/fs/WindowsException'{0x00000000eb30e320}> (0x00000000eb30e320) 
thrown [e:\jenkins\tmp\workspace\build\src\src\hotspot\share\prims\jni.cpp, line 516]
Event: 5.358 Thread 0x0000027f06b40a10 Exception <a 'sun/nio/fs/WindowsException'{0x00000000eb3230a8}> (0x00000000eb3230a8) 
thrown [e:\jenkins\tmp\workspace\build\src\src\hotspot\share\prims\jni.cpp, line 516]
Event: 5.369 Thread 0x0000027f06b40a10 Exception <a 'sun/nio/fs/WindowsException'{0x00000000eb35e5b8}> (0x00000000eb35e5b8) 
thrown [e:\jenkins\tmp\workspace\build\src\src\hotspot\share\prims\jni.cpp, line 516]
Event: 5.370 Thread 0x0000027f06b40a10 Exception <a 'sun/nio/fs/WindowsException'{0x00000000eb360c80}> (0x00000000eb360c80) 
thrown [e:\jenkins\tmp\workspace\build\src\src\hotspot\share\prims\jni.cpp, line 516]
Event: 5.374 Thread 0x0000027f06b40a10 Exception <a 'sun/nio/fs/WindowsException'{0x00000000eb3c2b98}> (0x00000000eb3c2b98) 
thrown [e:\jenkins\tmp\workspace\build\src\src\hotspot\share\prims\jni.cpp, line 516]
Event: 5.378 Thread 0x0000027f06b40a10 Exception <a 'sun/nio/fs/WindowsException'{0x00000000eb3c7370}> (0x00000000eb3c7370) 
thrown [e:\jenkins\tmp\workspace\build\src\src\hotspot\share\prims\jni.cpp, line 516]
Event: 5.378 Thread 0x0000027f06b40a10 Exception <a 'sun/nio/fs/WindowsException'{0x00000000eb3c9a38}> (0x00000000eb3c9a38) 
thrown [e:\jenkins\tmp\workspace\build\src\src\hotspot\share\prims\jni.cpp, line 516]
Event: 5.381 Thread 0x0000027f06b40a10 Exception <a 'sun/nio/fs/WindowsException'{0x00000000eb3d19d0}> (0x00000000eb3d19d0) 
thrown [e:\jenkins\tmp\workspace\build\src\src\hotspot\share\prims\jni.cpp, line 516]
Event: 5.383 Thread 0x0000027f06b40a10 Exception <a 'sun/nio/fs/WindowsException'{0x00000000eb3d9528}> (0x00000000eb3d9528) 
thrown [e:\jenkins\tmp\workspace\build\src\src\hotspot\share\prims\jni.cpp, line 516]

VM Operations (20 events):
Event: 4.708 Executing VM operation: HandshakeAllThreads
Event: 4.709 Executing VM operation: HandshakeAllThreads done
Event: 4.716 Executing VM operation: ParallelGCFailedAllocation
Event: 4.719 Executing VM operation: ParallelGCFailedAllocation done
Event: 4.749 Executing VM operation: HandshakeAllThreads
Event: 4.749 Executing VM operation: HandshakeAllThreads done
Event: 4.848 Executing VM operation: ICBufferFull
Event: 4.848 Executing VM operation: ICBufferFull done
Event: 4.915 Executing VM operation: HandshakeAllThreads
Event: 4.915 Executing VM operation: HandshakeAllThreads done
Event: 4.916 Executing VM operation: HandshakeAllThreads
Event: 4.916 Executing VM operation: HandshakeAllThreads done
Event: 5.049 Executing VM operation: ParallelGCFailedAllocation
Event: 5.052 Executing VM operation: ParallelGCFailedAllocation done
Event: 5.154 Executing VM operation: HandshakeAllThreads
Event: 5.154 Executing VM operation: HandshakeAllThreads done
Event: 5.173 Executing VM operation: HandshakeAllThreads
Event: 5.173 Executing VM operation: HandshakeAllThreads done
Event: 5.234 Executing VM operation: HandshakeAllThreads
Event: 5.234 Executing VM operation: HandshakeAllThreads done

Events (20 events):
Event: 5.352 loading class java/util/concurrent/CompletableFuture$UniCompletion
Event: 5.353 loading class java/util/concurrent/CompletableFuture$UniCompletion done
Event: 5.353 loading class java/util/concurrent/CompletableFuture$UniApply done
Event: 5.353 loading class java/util/concurrent/ForkJoinTask$Aux
Event: 5.353 loading class java/util/concurrent/ForkJoinTask$Aux done
Event: 5.354 loading class java/util/concurrent/ForkJoinWorkerThread
Event: 5.354 loading class java/util/concurrent/ForkJoinWorkerThread done
Event: 5.354 loading class java/util/concurrent/ThreadLocalRandom
Event: 5.354 loading class java/util/concurrent/ThreadLocalRandom done
Event: 5.355 loading class jdk/internal/util/random/RandomSupport
Event: 5.355 loading class jdk/internal/util/random/RandomSupport done
Event: 5.356 loading class java/util/concurrent/ForkJoinPool$DefaultCommonPoolForkJoinWorkerThreadFactory$1
Event: 5.356 loading class java/util/concurrent/ForkJoinPool$DefaultCommonPoolForkJoinWorkerThreadFactory$1 done
Event: 5.356 Thread 0x0000027f0a46aa50 Thread added: 0x0000027f0a46aa50
Event: 5.356 loading class java/util/concurrent/CompletableFuture$UniAccept
Event: 5.356 loading class java/util/concurrent/CompletableFuture$UniAccept done
Event: 5.356 loading class java/util/concurrent/CompletableFuture$UniExceptionally
Event: 5.356 loading class java/util/concurrent/CompletableFuture$UniExceptionally done
Event: 5.367 Thread 0x0000027f0a46b3f0 Thread added: 0x0000027f0a46b3f0
Event: 5.369 Thread 0x0000027f0a468d70 Thread added: 0x0000027f0a468d70


Dynamic libraries:
0x00007ff71d740000 - 0x00007ff71d74e000 	c:\Users\Nathan Ting\.vscode\extensions\redhat.java-1.4.0\jre\17.0.2-win32-x86_64\bin\java.exe
0x00007ffeb1e30000 - 0x00007ffeb2025000 	C:\WINDOWS\SYSTEM32\ntdll.dll
0x00007ffeb0ab0000 - 0x00007ffeb0b6e000 	C:\WINDOWS\System32\KERNEL32.DLL
0x00007ffeaf5c0000 - 0x00007ffeaf888000 	C:\WINDOWS\System32\KERNELBASE.dll
0x00007ffeafcf0000 - 0x00007ffeafdf0000 	C:\WINDOWS\System32\ucrtbase.dll
0x00007ffea1780000 - 0x00007ffea1799000 	c:\Users\Nathan Ting\.vscode\extensions\redhat.java-1.4.0\jre\17.0.2-win32-x86_64\bin\VCRUNTIME140.dll
0x00007ffea17e0000 - 0x00007ffea17f8000 	c:\Users\Nathan Ting\.vscode\extensions\redhat.java-1.4.0\jre\17.0.2-win32-x86_64\bin\jli.dll
0x00007ffeb1940000 - 0x00007ffeb1ae0000 	C:\WINDOWS\System32\USER32.dll
0x00007ffeafaf0000 - 0x00007ffeafb12000 	C:\WINDOWS\System32\win32u.dll
0x00007ffe9ba30000 - 0x00007ffe9bcca000 	C:\WINDOWS\WinSxS\amd64_microsoft.windows.common-controls_6595b64144ccf1df_6.0.19041.1110_none_60b5254171f9507e\COMCTL32.dll
0x00007ffeb1b80000 - 0x00007ffeb1bab000 	C:\WINDOWS\System32\GDI32.dll
0x00007ffeb0550000 - 0x00007ffeb05ee000 	C:\WINDOWS\System32\msvcrt.dll
0x00007ffeafbe0000 - 0x00007ffeafceb000 	C:\WINDOWS\System32\gdi32full.dll
0x00007ffeafdf0000 - 0x00007ffeafe8d000 	C:\WINDOWS\System32\msvcp_win.dll
0x00007ffeaff40000 - 0x00007ffeaff70000 	C:\WINDOWS\System32\IMM32.DLL
0x00007ffeab310000 - 0x00007ffeab31c000 	c:\Users\Nathan Ting\.vscode\extensions\redhat.java-1.4.0\jre\17.0.2-win32-x86_64\bin\vcruntime140_1.dll
0x00007ffe6fe30000 - 0x00007ffe6fec1000 	c:\Users\Nathan Ting\.vscode\extensions\redhat.java-1.4.0\jre\17.0.2-win32-x86_64\bin\msvcp140.dll
0x00007ffe4e010000 - 0x00007ffe4ec57000 	c:\Users\Nathan Ting\.vscode\extensions\redhat.java-1.4.0\jre\17.0.2-win32-x86_64\bin\server\jvm.dll
0x00007ffeaff70000 - 0x00007ffeb001e000 	C:\WINDOWS\System32\ADVAPI32.dll
0x00007ffeb1ae0000 - 0x00007ffeb1b7c000 	C:\WINDOWS\System32\sechost.dll
0x00007ffeb0980000 - 0x00007ffeb0aa5000 	C:\WINDOWS\System32\RPCRT4.dll
0x00007ffeb0460000 - 0x00007ffeb0468000 	C:\WINDOWS\System32\PSAPI.DLL
0x00007ffe9d5c0000 - 0x00007ffe9d5c9000 	C:\WINDOWS\SYSTEM32\WSOCK32.dll
0x00007ffeaac40000 - 0x00007ffeaac4a000 	C:\WINDOWS\SYSTEM32\VERSION.dll
0x00007ffea2fa0000 - 0x00007ffea2fc7000 	C:\WINDOWS\SYSTEM32\WINMM.dll
0x00007ffeb0670000 - 0x00007ffeb06db000 	C:\WINDOWS\System32\WS2_32.dll
0x00007ffead460000 - 0x00007ffead472000 	C:\WINDOWS\SYSTEM32\kernel.appcore.dll
0x00007ffeab240000 - 0x00007ffeab24a000 	c:\Users\Nathan Ting\.vscode\extensions\redhat.java-1.4.0\jre\17.0.2-win32-x86_64\bin\jimage.dll
0x00007ffea7560000 - 0x00007ffea7744000 	C:\WINDOWS\SYSTEM32\DBGHELP.DLL
0x00007ffea77c0000 - 0x00007ffea77ec000 	C:\WINDOWS\SYSTEM32\dbgcore.DLL
0x00007ffeafb20000 - 0x00007ffeafba2000 	C:\WINDOWS\System32\bcryptPrimitives.dll
0x00007ffe9ebd0000 - 0x00007ffe9ebf5000 	c:\Users\Nathan Ting\.vscode\extensions\redhat.java-1.4.0\jre\17.0.2-win32-x86_64\bin\java.dll
0x00007ffea1370000 - 0x00007ffea1388000 	c:\Users\Nathan Ting\.vscode\extensions\redhat.java-1.4.0\jre\17.0.2-win32-x86_64\bin\zip.dll
0x00007ffeb0fe0000 - 0x00007ffeb1724000 	C:\WINDOWS\System32\SHELL32.dll
0x00007ffead660000 - 0x00007ffeaddf4000 	C:\WINDOWS\SYSTEM32\windows.storage.dll
0x00007ffeb0080000 - 0x00007ffeb03d4000 	C:\WINDOWS\System32\combase.dll
0x00007ffeaefb0000 - 0x00007ffeaefdc000 	C:\WINDOWS\SYSTEM32\Wldp.dll
0x00007ffeafe90000 - 0x00007ffeaff3d000 	C:\WINDOWS\System32\SHCORE.dll
0x00007ffeb1730000 - 0x00007ffeb1785000 	C:\WINDOWS\System32\shlwapi.dll
0x00007ffeaf490000 - 0x00007ffeaf4af000 	C:\WINDOWS\SYSTEM32\profapi.dll
0x00007ffea0f60000 - 0x00007ffea0f79000 	C:\Users\Nathan Ting\.vscode\extensions\redhat.java-1.4.0\jre\17.0.2-win32-x86_64\bin\net.dll
0x00007ffea73a0000 - 0x00007ffea74a9000 	C:\WINDOWS\SYSTEM32\WINHTTP.dll
0x00007ffeaed10000 - 0x00007ffeaed7a000 	C:\WINDOWS\system32\mswsock.dll
0x00007ffe9ac90000 - 0x00007ffe9aca5000 	C:\Users\Nathan Ting\.vscode\extensions\redhat.java-1.4.0\jre\17.0.2-win32-x86_64\bin\nio.dll
0x00007ffeaef10000 - 0x00007ffeaef28000 	C:\WINDOWS\SYSTEM32\CRYPTSP.dll
0x00007ffeae620000 - 0x00007ffeae654000 	C:\WINDOWS\system32\rsaenh.dll
0x00007ffeafbb0000 - 0x00007ffeafbd7000 	C:\WINDOWS\System32\bcrypt.dll
0x00007ffeaf410000 - 0x00007ffeaf43e000 	C:\WINDOWS\SYSTEM32\USERENV.dll
0x00007ffeaef00000 - 0x00007ffeaef0c000 	C:\WINDOWS\SYSTEM32\CRYPTBASE.dll
0x00007ffeae9b0000 - 0x00007ffeae9eb000 	C:\WINDOWS\SYSTEM32\IPHLPAPI.DLL
0x00007ffeb1de0000 - 0x00007ffeb1de8000 	C:\WINDOWS\System32\NSI.dll
0x00007ffea9f60000 - 0x00007ffea9f77000 	C:\WINDOWS\SYSTEM32\dhcpcsvc6.DLL
0x00007ffea9f40000 - 0x00007ffea9f5d000 	C:\WINDOWS\SYSTEM32\dhcpcsvc.DLL
0x00007ffeae9f0000 - 0x00007ffeaeaba000 	C:\WINDOWS\SYSTEM32\DNSAPI.dll
0x00007ffe99d80000 - 0x00007ffe99dbe000 	C:\Users\Nathan Ting\AppData\Roaming\Code\User\globalStorage\redhat.java\1.4.0\config_win\org.eclipse.equinox.launcher\org.eclipse.equinox.launcher.win32.win32.x86_64_1.2.400.v20211117-0650\eclipse_11602.dll
0x00007ffeb06e0000 - 0x00007ffeb080a000 	C:\WINDOWS\System32\ole32.dll
0x00007ffeab210000 - 0x00007ffeab220000 	c:\Users\Nathan Ting\.vscode\extensions\redhat.java-1.4.0\jre\17.0.2-win32-x86_64\bin\verify.dll
0x00007ffea1250000 - 0x00007ffea1261000 	C:\Users\Nathan Ting\AppData\Roaming\Code\User\globalStorage\redhat.java\1.4.0\config_win\org.eclipse.osgi\22\0\.cp\jWinHttp-1.0.0.dll

dbghelp: loaded successfully - version: 4.0.5 - missing functions: none
symbol engine: initialized successfully - sym options: 0x614 - pdb path: .;c:\Users\Nathan Ting\.vscode\extensions\redhat.java-1.4.0\jre\17.0.2-win32-x86_64\bin;C:\WINDOWS\SYSTEM32;C:\WINDOWS\WinSxS\amd64_microsoft.windows.common-controls_6595b64144ccf1df_6.0.19041.1110_none_60b5254171f9507e;c:\Users\Nathan Ting\.vscode\extensions\redhat.java-1.4.0\jre\17.0.2-win32-x86_64\bin\server;C:\Users\Nathan Ting\AppData\Roaming\Code\User\globalStorage\redhat.java\1.4.0\config_win\org.eclipse.equinox.launcher\org.eclipse.equinox.launcher.win32.win32.x86_64_1.2.400.v20211117-0650;C:\Users\Nathan Ting\AppData\Roaming\Code\User\globalStorage\redhat.java\1.4.0\config_win\org.eclipse.osgi\22\0\.cp

VM Arguments:
jvm_args: --add-modules=ALL-SYSTEM --add-opens=java.base/java.util=ALL-UNNAMED --add-opens=java.base/java.lang=ALL-UNNAMED --add-opens=java.base/sun.nio.fs=ALL-UNNAMED -Declipse.application=org.eclipse.jdt.ls.core.id1 -Dosgi.bundles.defaultStartLevel=4 -Declipse.product=org.eclipse.jdt.ls.core.product -Djava.import.generatesMetadataFilesAtProjectRoot=false -Dfile.encoding=utf8 -DwatchParentProcess=false -XX:+UseParallelGC -XX:GCTimeRatio=4 -XX:AdaptiveSizePolicyWeight=90 -Dsun.zip.disableMemoryMapping=true -Xmx1G -Xms100m -XX:+HeapDumpOnOutOfMemoryError -XX:HeapDumpPath=c:\Users\Nathan Ting\AppData\Roaming\Code\User\workspaceStorage\665fadb96facc8848b70aa769e507785\redhat.java 
java_command: c:\Users\Nathan Ting\.vscode\extensions\redhat.java-1.4.0\server\plugins\org.eclipse.equinox.launcher_1.6.400.v20210924-0641.jar -configuration c:\Users\Nathan Ting\AppData\Roaming\Code\User\globalStorage\redhat.java\1.4.0\config_win -data c:\Users\Nathan Ting\AppData\Roaming\Code\User\workspaceStorage\665fadb96facc8848b70aa769e507785\redhat.java\jdt_ws
java_class_path (initial): c:\Users\Nathan Ting\.vscode\extensions\redhat.java-1.4.0\server\plugins\org.eclipse.equinox.launcher_1.6.400.v20210924-0641.jar
Launcher Type: SUN_STANDARD

[Global flags]
    uintx AdaptiveSizePolicyWeight                 = 90                                        {product} {command line}
     intx CICompilerCount                          = 4                                         {product} {ergonomic}
    uintx GCTimeRatio                              = 4                                         {product} {command line}
     bool HeapDumpOnOutOfMemoryError               = true                                   {manageable} {command line}
    ccstr HeapDumpPath                             = c:\Users\Nathan Ting\AppData\Roaming\Code\User\workspaceStorage\665fadb96facc8848b70aa769e507785\redhat.java         {manageable} {command line}
   size_t InitialHeapSize                          = 104857600                                 {product} {command line}
   size_t MaxHeapSize                              = 1073741824                                {product} {command line}
   size_t MaxNewSize                               = 357564416                                 {product} {ergonomic}
   size_t MinHeapDeltaBytes                        = 524288                                    {product} {ergonomic}
   size_t MinHeapSize                              = 104857600                                 {product} {command line}
   size_t NewSize                                  = 34603008                                  {product} {ergonomic}
    uintx NonNMethodCodeHeapSize                   = 5839372                                {pd product} {ergonomic}
    uintx NonProfiledCodeHeapSize                  = 122909434                              {pd product} {ergonomic}
   size_t OldSize                                  = 70254592                                  {product} {ergonomic}
    uintx ProfiledCodeHeapSize                     = 122909434                              {pd product} {ergonomic}
    uintx ReservedCodeCacheSize                    = 251658240                              {pd product} {ergonomic}
     bool SegmentedCodeCache                       = true                                      {product} {ergonomic}
   size_t SoftMaxHeapSize                          = 1073741824                             {manageable} {ergonomic}
     bool UseCompressedClassPointers               = true                           {product lp64_product} {ergonomic}
     bool UseCompressedOops                        = true                           {product lp64_product} {ergonomic}
     bool UseLargePagesIndividualAllocation        = false                                  {pd product} {ergonomic}
     bool UseParallelGC                            = true                                      {product} {command line}

Logging:
Log output configuration:
 #0: stdout all=warning uptime,level,tags
 #1: stderr all=off uptime,level,tags

Environment Variables:
PATH=C:\Program Files (x86)\Razer Chroma SDK\bin;C:\Program Files\Razer Chroma SDK\bin;C:\Program Files (x86)\Razer\ChromaBroadcast\bin;C:\Program Files\Razer\ChromaBroadcast\bin;C:\Program Files\Common Files\Oracle\Java\javapath;C:\Program Files\NVIDIA GPU Computing Toolkit\CUDA\v11.4\bin;C:\Program Files\NVIDIA GPU Computing Toolkit\CUDA\v11.4\libnvvp;;C:\Program Files (x86)\Common Files\Oracle\Java\javapath;C:\Program Files\AdoptOpenJDK\jdk-16.0.1.9-hotspot\bin;C:\oraclexe\app\oracle\product\11.2.0\server\bin;C:\ProgramData\Oracle\Java\javapath;C:\Windows\system32;C:\Windows;C:\Windows\System32\Wbem;C:\Windows\System32\WindowsPowerShell\v1.0\;C:\Windows\System32\OpenSSH\;C:\Program Files (x86)\NVIDIA Corporation\PhysX\Common;C:\Program Files\NVIDIA Corporation\NVIDIA NvDLISR;C:\WINDOWS\system32;C:\WINDOWS;C:\WINDOWS\System32\Wbem;C:\WINDOWS\System32\WindowsPowerShell\v1.0\;C:\WINDOWS\System32\OpenSSH\;C:\Program Files\nodejs\;C:\ProgramData\chocolatey\bin;C:\Program Files\Git\cmd;C:\Program Files\NVIDIA Corporation\Nsight Compute 2021.2.1\;C:\Users\Nathan Ting\AppData\Local\Programs\Python\Python39\Scripts\;C:\Users\Nathan Ting\AppData\Local\Programs\Python\Python39\;C:\Program Files\MySQL\MySQL Shell 8.0\bin\;C:\Users\Nathan Ting\AppData\Local\Microsoft\WindowsApps;C:\Users\Nathan Ting\AppData\Roaming\npm;D:\VSC\Microsoft VS Code\bin;C:\Program Files\NVIDIA GPU Computing Toolkit\CUDA\v11.2\bin;C:\Program Files\NVIDIA GPU Computing Toolkit\CUDA\V11.2\libnvvp;C:\WINDOWS\system32\config\systemprofile\AppData\Local\Microsoft\WindowsApps;C:\Users\Nathan Ting\AppData\Local\Programs\Python\Python39\Scripts\;C:\Users\Nathan Ting\AppData\Local\Programs\Python\Python39\;C:\Program Files\MySQL\MySQL Shell 8.0\bin\;C:\Users\Nathan Ting\AppData\Local\Microsoft\WindowsApps;C:\Users\Nathan Ting\AppData\Roaming\npm;D:\VSC\Microsoft VS Code\bin;C:\Program Files\NVIDIA GPU Computing Toolkit\CUDA\v11.2\bin;C:\Program Files\NVIDIA GPU Computing Toolkit\CUDA\V11.2\libnvvp;
USERNAME=Nathan Ting
OS=Windows_NT
PROCESSOR_IDENTIFIER=Intel64 Family 6 Model 158 Stepping 13, GenuineIntel



---------------  S Y S T E M  ---------------

OS:
 Windows 10 , 64 bit Build 19041 (10.0.19041.1566)
OS uptime: 4 days 2:15 hours

CPU: total 12 (initial active 12) (6 cores per cpu, 2 threads per core) family 6 model 158 stepping 13 microcode 0xb8, cx8, cmov, fxsr, ht, mmx, 3dnowpref, sse, sse2, sse3, ssse3, sse4.1, sse4.2, popcnt, lzcnt, tsc, tscinvbit, avx, avx2, aes, erms, clmul, bmi1, bmi2, adx, fma, vzeroupper, clflush, clflushopt

Memory: 4k page, system-wide physical 16229M (1789M free)
TotalPageFile size 65381M (AvailPageFile size 3M)
current process WorkingSet (physical memory assigned to process): 232M, peak: 233M
current process commit charge ("private bytes"): 321M, peak: 321M

vm_info: OpenJDK 64-Bit Server VM (17.0.2+8) for windows-amd64 JRE (17.0.2+8), built on Jan 20 2022 04:52:34 by "" with MS VC++ 16.7 (VS2019)

END.
