#
# There is insufficient memory for the Java Runtime Environment to continue.
# Native memory allocation (malloc) failed to allocate 32744 bytes for ChunkPool::allocate
# Possible reasons:
#   The system is out of physical RAM or swap space
#   The process is running with CompressedOops enabled, and the Java Heap may be blocking the growth of the native heap
# Possible solutions:
#   Reduce memory load on the system
#   Increase physical memory or swap space
#   Check if swap backing store is full
#   Decrease Java heap size (-Xmx/-Xms)
#   Decrease number of Java threads
#   Decrease Java thread stack sizes (-Xss)
#   Set larger code cache with -XX:ReservedCodeCacheSize=
#   JVM is running with Unscaled Compressed Oops mode in which the Java heap is
#     placed in the first 4GB address space. The Java Heap base address is the
#     maximum limit for the native heap growth. Please use -XX:HeapBaseMinAddress
#     to set the Java Heap base and to place the Java Heap above 4GB virtual address.
# This output file may be truncated or incomplete.
#
#  Out of Memory Error (arena.cpp:78), pid=17516, tid=18368
#
# JRE version: OpenJDK Runtime Environment Temurin-17.0.2+8 (17.0.2+8) (build 17.0.2+8)
# Java VM: OpenJDK 64-Bit Server VM Temurin-17.0.2+8 (17.0.2+8, mixed mode, tiered, compressed oops, compressed class ptrs, parallel gc, windows-amd64)
# No core dump will be written. Minidumps are not enabled by default on client versions of Windows
#

---------------  S U M M A R Y ------------

Command Line: --add-modules=ALL-SYSTEM --add-opens=java.base/java.util=ALL-UNNAMED --add-opens=java.base/java.lang=ALL-UNNAMED --add-opens=java.base/sun.nio.fs=ALL-UNNAMED -Declipse.application=org.eclipse.jdt.ls.core.id1 -Dosgi.bundles.defaultStartLevel=4 -Declipse.product=org.eclipse.jdt.ls.core.product -Djava.import.generatesMetadataFilesAtProjectRoot=false -Dfile.encoding=utf8 -DwatchParentProcess=false -XX:+UseParallelGC -XX:GCTimeRatio=4 -XX:AdaptiveSizePolicyWeight=90 -Dsun.zip.disableMemoryMapping=true -Xmx1G -Xms100m c:\Users\Nathan Ting\.vscode\extensions\redhat.java-1.4.0\server\plugins\org.eclipse.equinox.launcher_1.6.400.v20210924-0641.jar -configuration c:\Users\Nathan Ting\AppData\Roaming\Code\User\globalStorage\redhat.java\1.4.0\config_ss_win -data c:\Users\Nathan Ting\AppData\Roaming\Code\User\workspaceStorage\665fadb96facc8848b70aa769e507785\redhat.java\ss_ws

Host: Intel(R) Core(TM) i7-9750H CPU @ 2.60GHz, 12 cores, 15G,  Windows 10 , 64 bit Build 19041 (10.0.19041.1566)
Time: Tue Mar 15 18:00:13 2022 Malay Peninsula Standard Time elapsed time: 6.851555 seconds (0d 0h 0m 6s)

---------------  T H R E A D  ---------------

Current thread (0x000001d337d93020):  JavaThread "C2 CompilerThread2" daemon [_thread_in_native, id=18368, stack(0x00000092cdb00000,0x00000092cdc00000)]


Current CompileTask:
C2:   6851 3785       4       org.eclipse.jdt.internal.compiler.parser.Parser::consumeToken (2275 bytes)

Stack: [0x00000092cdb00000,0x00000092cdc00000]
Native frames: (J=compiled Java code, j=interpreted, Vv=VM code, C=native code)
V  [jvm.dll+0x67564a]
V  [jvm.dll+0x82fc04]
V  [jvm.dll+0x8313ae]
V  [jvm.dll+0x831a13]
V  [jvm.dll+0x245235]
V  [jvm.dll+0xabfc0]
V  [jvm.dll+0xac30c]
V  [jvm.dll+0xabe8b]
V  [jvm.dll+0x652cec]
V  [jvm.dll+0x32e6ef]
V  [jvm.dll+0x32fc79]
V  [jvm.dll+0x32d68a]
V  [jvm.dll+0x32cd3a]
V  [jvm.dll+0x2180d1]
V  [jvm.dll+0x2174f1]
V  [jvm.dll+0x1a3a8d]
V  [jvm.dll+0x226ef8]
V  [jvm.dll+0x22503c]
V  [jvm.dll+0x7e596b]
V  [jvm.dll+0x7dff2a]
V  [jvm.dll+0x6744d5]
C  [ucrtbase.dll+0x21bb2]
C  [KERNEL32.DLL+0x17034]
C  [ntdll.dll+0x52651]


---------------  P R O C E S S  ---------------

Threads class SMR info:
_java_thread_list=0x000001d33a4cd850, length=27, elements={
0x000001d322206380, 0x000001d3360874f0, 0x000001d336088c90, 0x000001d337d85150,
0x000001d337d85ed0, 0x000001d337d88b60, 0x000001d337d8bd40, 0x000001d337d8e620,
0x000001d337d95db0, 0x000001d337d97b70, 0x000001d335f10940, 0x000001d338007d20,
0x000001d33a4f73d0, 0x000001d3396ade40, 0x000001d3396ae5c0, 0x000001d3396cdf50,
0x000001d33a594140, 0x000001d33a5e7030, 0x000001d33a6334b0, 0x000001d33a632640,
0x000001d33a636000, 0x000001d33a634320, 0x000001d33a632b10, 0x000001d33a6347f0,
0x000001d33a634cc0, 0x000001d337d93f50, 0x000001d337d93020
}

Java Threads: ( => current thread )
  0x000001d322206380 JavaThread "main" [_thread_blocked, id=11540, stack(0x00000092cc100000,0x00000092cc200000)]
  0x000001d3360874f0 JavaThread "Reference Handler" daemon [_thread_blocked, id=25964, stack(0x00000092cc400000,0x00000092cc500000)]
  0x000001d336088c90 JavaThread "Finalizer" daemon [_thread_blocked, id=9452, stack(0x00000092cc500000,0x00000092cc600000)]
  0x000001d337d85150 JavaThread "Signal Dispatcher" daemon [_thread_blocked, id=25996, stack(0x00000092cc600000,0x00000092cc700000)]
  0x000001d337d85ed0 JavaThread "Attach Listener" daemon [_thread_blocked, id=25440, stack(0x00000092cc700000,0x00000092cc800000)]
  0x000001d337d88b60 JavaThread "Service Thread" daemon [_thread_blocked, id=21612, stack(0x00000092cc800000,0x00000092cc900000)]
  0x000001d337d8bd40 JavaThread "Monitor Deflation Thread" daemon [_thread_blocked, id=22296, stack(0x00000092cc900000,0x00000092cca00000)]
  0x000001d337d8e620 JavaThread "C2 CompilerThread0" daemon [_thread_in_native, id=24880, stack(0x00000092cca00000,0x00000092ccb00000)]
  0x000001d337d95db0 JavaThread "C1 CompilerThread0" daemon [_thread_blocked, id=12128, stack(0x00000092ccb00000,0x00000092ccc00000)]
  0x000001d337d97b70 JavaThread "Sweeper thread" daemon [_thread_blocked, id=25484, stack(0x00000092ccc00000,0x00000092ccd00000)]
  0x000001d335f10940 JavaThread "Common-Cleaner" daemon [_thread_blocked, id=9208, stack(0x00000092ccd00000,0x00000092cce00000)]
  0x000001d338007d20 JavaThread "Notification Thread" daemon [_thread_blocked, id=14324, stack(0x00000092ccf00000,0x00000092cd000000)]
  0x000001d33a4f73d0 JavaThread "Active Thread: Equinox Container: 12781205-e488-4784-a220-89d2171b4dd4" [_thread_blocked, id=18384, stack(0x00000092cd100000,0x00000092cd200000)]
  0x000001d3396ade40 JavaThread "Framework Event Dispatcher: Equinox Container: 12781205-e488-4784-a220-89d2171b4dd4" daemon [_thread_blocked, id=26300, stack(0x00000092cd200000,0x00000092cd300000)]
  0x000001d3396ae5c0 JavaThread "Start Level: Equinox Container: 12781205-e488-4784-a220-89d2171b4dd4" daemon [_thread_blocked, id=25068, stack(0x00000092cd300000,0x00000092cd400000)]
  0x000001d3396cdf50 JavaThread "SCR Component Actor" daemon [_thread_blocked, id=12432, stack(0x00000092cd400000,0x00000092cd500000)]
  0x000001d33a594140 JavaThread "Worker-JM" [_thread_blocked, id=27624, stack(0x00000092cdc00000,0x00000092cdd00000)]
  0x000001d33a5e7030 JavaThread "Worker-0" [_thread_blocked, id=10584, stack(0x00000092cdd00000,0x00000092cde00000)]
  0x000001d33a6334b0 JavaThread "Worker-1" [_thread_blocked, id=16072, stack(0x00000092cde00000,0x00000092cdf00000)]
  0x000001d33a632640 JavaThread "pool-1-thread-1" [_thread_in_native, id=17412, stack(0x00000092cce00000,0x00000092ccf00000)]
  0x000001d33a636000 JavaThread "Worker-2" [_thread_blocked, id=26808, stack(0x00000092ce300000,0x00000092ce400000)]
  0x000001d33a634320 JavaThread "ForkJoinPool.commonPool-worker-1" daemon [_thread_blocked, id=21744, stack(0x00000092ce400000,0x00000092ce500000)]
  0x000001d33a632b10 JavaThread "Worker-3" [_thread_blocked, id=9680, stack(0x00000092ce500000,0x00000092ce600000)]
  0x000001d33a6347f0 JavaThread "ForkJoinPool.commonPool-worker-2" daemon [_thread_blocked, id=3412, stack(0x00000092ce600000,0x00000092ce700000)]
  0x000001d33a634cc0 JavaThread "ForkJoinPool.commonPool-worker-3" daemon [_thread_blocked, id=24784, stack(0x00000092ce700000,0x00000092ce800000)]
  0x000001d337d93f50 JavaThread "C2 CompilerThread1" daemon [_thread_in_native, id=11716, stack(0x00000092ce200000,0x00000092ce300000)]
=>0x000001d337d93020 JavaThread "C2 CompilerThread2" daemon [_thread_in_native, id=18368, stack(0x00000092cdb00000,0x00000092cdc00000)]

Other Threads:
  0x000001d335f4ca90 VMThread "VM Thread" [stack: 0x00000092cc300000,0x00000092cc400000] [id=22200]
  0x000001d338008a10 WatcherThread [stack: 0x00000092cd000000,0x00000092cd100000] [id=16852]
  0x000001d32221e400 GCTaskThread "GC Thread#0" [stack: 0x00000092cc200000,0x00000092cc300000] [id=4784]
  0x000001d3391ee1a0 GCTaskThread "GC Thread#1" [stack: 0x00000092cd500000,0x00000092cd600000] [id=8444]
  0x000001d3396dc910 GCTaskThread "GC Thread#2" [stack: 0x00000092cd600000,0x00000092cd700000] [id=20776]
  0x000001d3396dcbc0 GCTaskThread "GC Thread#3" [stack: 0x00000092cd700000,0x00000092cd800000] [id=5268]
  0x000001d339737b70 GCTaskThread "GC Thread#4" [stack: 0x00000092cd800000,0x00000092cd900000] [id=27052]
  0x000001d339737e20 GCTaskThread "GC Thread#5" [stack: 0x00000092cd900000,0x00000092cda00000] [id=608]
  0x000001d3397380d0 GCTaskThread "GC Thread#6" [stack: 0x00000092cda00000,0x00000092cdb00000] [id=12280]
  0x000001d33a5ed4a0 GCTaskThread "GC Thread#7" [stack: 0x00000092cdf00000,0x00000092ce000000] [id=19904]
  0x000001d33a658610 GCTaskThread "GC Thread#8" [stack: 0x00000092ce000000,0x00000092ce100000] [id=11516]
  0x000001d33a6588c0 GCTaskThread "GC Thread#9" [stack: 0x00000092ce100000,0x00000092ce200000] [id=23624]

Threads with active compile tasks:
C2 CompilerThread0     6890 3672       4       org.eclipse.jdt.internal.compiler.lookup.BinaryTypeBinding::createMethod (1687 bytes)
C2 CompilerThread1     6890 3683   !   4       org.eclipse.osgi.internal.loader.classpath.ClasspathManager::findLocalClass (210 bytes)
C2 CompilerThread2     6891 3785       4       org.eclipse.jdt.internal.compiler.parser.Parser::consumeToken (2275 bytes)

VM state: not at safepoint (normal execution)

VM Mutex/Monitor currently owned by a thread: None

Heap address: 0x00000000c0000000, size: 1024 MB, Compressed Oops mode: 32-bit

CDS archive(s) not mapped
Compressed class space mapped at: 0x0000000100000000-0x0000000140000000, reserved size: 1073741824
Narrow klass base: 0x0000000000000000, Narrow klass shift: 3, Narrow klass range: 0x140000000

GC Precious Log:
 CPUs: 12 total, 12 available
 Memory: 16229M
 Large Page Support: Disabled
 NUMA Support: Disabled
 Compressed Oops: Enabled (32-bit)
 Alignments: Space 512K, Generation 512K, Heap 2M
 Heap Min Capacity: 100M
 Heap Initial Capacity: 100M
 Heap Max Capacity: 1G
 Pre-touch: Disabled
 Parallel Workers: 10

Heap:
 PSYoungGen      total 26112K, used 4494K [0x00000000eab00000, 0x00000000eca80000, 0x0000000100000000)
  eden space 22528K, 5% used [0x00000000eab00000,0x00000000eac38bc0,0x00000000ec100000)
  from space 3584K, 90% used [0x00000000ec480000,0x00000000ec7aaf98,0x00000000ec800000)
  to   space 2560K, 0% used [0x00000000ec800000,0x00000000ec800000,0x00000000eca80000)
 ParOldGen       total 68608K, used 23703K [0x00000000c0000000, 0x00000000c4300000, 0x00000000eab00000)
  object space 68608K, 34% used [0x00000000c0000000,0x00000000c1725df8,0x00000000c4300000)
 Metaspace       used 41427K, committed 42112K, reserved 1089536K
  class space    used 4149K, committed 4480K, reserved 1048576K

Card table byte_map: [0x000001d321bc0000,0x000001d321dd0000] _byte_map_base: 0x000001d3215c0000

Marking Bits: (ParMarkBitMap*) 0x00007ffe4eb93af0
 Begin Bits: [0x000001d333e90000, 0x000001d334e90000)
 End Bits:   [0x000001d334e90000, 0x000001d335e90000)

Polling page: 0x000001d31ff20000

Metaspace:

Usage:
  Non-class:     36.40 MB used.
      Class:      4.05 MB used.
       Both:     40.46 MB used.

Virtual space:
  Non-class space:       40.00 MB reserved,      36.75 MB ( 92%) committed,  5 nodes.
      Class space:        1.00 GB reserved,       4.38 MB ( <1%) committed,  1 nodes.
             Both:        1.04 GB reserved,      41.12 MB (  4%) committed. 

Chunk freelists:
   Non-Class:  2.67 MB
       Class:  3.61 MB
        Both:  6.28 MB

MaxMetaspaceSize: unlimited
CompressedClassSpaceSize: 1.00 GB
Initial GC threshold: 21.00 MB
Current GC threshold: 58.38 MB
CDS: off
MetaspaceReclaimPolicy: balanced
 - commit_granule_bytes: 65536.
 - commit_granule_words: 8192.
 - virtual_space_node_default_size: 1048576.
 - enlarge_chunks_in_place: 1.
 - new_chunks_are_fully_committed: 0.
 - uncommit_free_chunks: 1.
 - use_allocation_guard: 0.
 - handle_deallocations: 1.


Internal statistics:

num_allocs_failed_limit: 6.
num_arena_births: 214.
num_arena_deaths: 0.
num_vsnodes_births: 6.
num_vsnodes_deaths: 0.
num_space_committed: 658.
num_space_uncommitted: 0.
num_chunks_returned_to_freelist: 6.
num_chunks_taken_from_freelist: 1475.
num_chunk_merges: 6.
num_chunk_splits: 1043.
num_chunks_enlarged: 760.
num_purges: 0.
num_inconsistent_stats: 0.

CodeHeap 'non-profiled nmethods': size=120000Kb used=1753Kb max_used=1753Kb free=118246Kb
 bounds [0x000001d32c960000, 0x000001d32cbd0000, 0x000001d333e90000]
CodeHeap 'profiled nmethods': size=120000Kb used=8696Kb max_used=8696Kb free=111303Kb
 bounds [0x000001d325430000, 0x000001d325cb0000, 0x000001d32c960000]
CodeHeap 'non-nmethods': size=5760Kb used=1281Kb max_used=1321Kb free=4478Kb
 bounds [0x000001d324e90000, 0x000001d325100000, 0x000001d325430000]
 total_blobs=4564 nmethods=3953 adapters=523
 compilation: enabled
              stopped_count=0, restarted_count=0
 full_count=0

Compilation events (20 events):
Event: 6.722 Thread 0x000001d337d95db0 3979       3       org.eclipse.jdt.internal.compiler.codegen.ConstantPool::literalIndex (392 bytes)
Event: 6.725 Thread 0x000001d337d95db0 nmethod 3979 0x000001d325ca6b90 code [0x000001d325ca6f60, 0x000001d325ca8cc8]
Event: 6.725 Thread 0x000001d337d95db0 3980   !   3       org.eclipse.jdt.internal.compiler.lookup.MethodBinding::sourceMethod (78 bytes)
Event: 6.725 Thread 0x000001d337d95db0 nmethod 3980 0x000001d325ca9910 code [0x000001d325ca9b00, 0x000001d325caa078]
Event: 6.725 Thread 0x000001d337d95db0 3977       3       org.eclipse.jdt.internal.compiler.problem.DefaultProblem::isError (13 bytes)
Event: 6.725 Thread 0x000001d337d95db0 nmethod 3977 0x000001d325caa290 code [0x000001d325caa420, 0x000001d325caa598]
Event: 6.725 Thread 0x000001d337d95db0 3978       3       org.eclipse.jdt.internal.compiler.codegen.CodeStream::isSwitchStackTrackingActive (21 bytes)
Event: 6.726 Thread 0x000001d337d95db0 nmethod 3978 0x000001d325caa610 code [0x000001d325caa7a0, 0x000001d325caa958]
Event: 6.726 Thread 0x000001d337d95db0 3981       3       java.lang.Module::getLayer (43 bytes)
Event: 6.726 Thread 0x000001d337d95db0 nmethod 3981 0x000001d325caaa10 code [0x000001d325caabe0, 0x000001d325caafa8]
Event: 6.728 Thread 0x000001d337d95db0 3982       3       java.lang.PublicMethods$MethodList::filter (104 bytes)
Event: 6.729 Thread 0x000001d337d95db0 nmethod 3982 0x000001d325cab090 code [0x000001d325cab2c0, 0x000001d325cabc38]
Event: 6.731 Thread 0x000001d337d95db0 3983       3       org.eclipse.core.internal.dtree.DataTreeNode::<init> (12 bytes)
Event: 6.731 Thread 0x000001d337d95db0 nmethod 3983 0x000001d325cac110 code [0x000001d325cac2c0, 0x000001d325cac598]
Event: 6.732 Thread 0x000001d337d95db0 3984       3       org.eclipse.core.runtime.Path::removeLastSegments (91 bytes)
Event: 6.733 Thread 0x000001d337d95db0 nmethod 3984 0x000001d325cac710 code [0x000001d325cac940, 0x000001d325cad1f8]
Event: 6.733 Thread 0x000001d337d95db0 3985       3       org.eclipse.jdt.internal.core.CompilationUnit::equals (40 bytes)
Event: 6.734 Thread 0x000001d337d95db0 nmethod 3985 0x000001d325cad510 code [0x000001d325cad6e0, 0x000001d325cadc48]
Event: 6.841 Thread 0x000001d337d95db0 3986       3       org.eclipse.core.internal.events.ResourceDelta::getKind (9 bytes)
Event: 6.842 Thread 0x000001d337d95db0 nmethod 3986 0x000001d325cadd90 code [0x000001d325cadf20, 0x000001d325cae038]

GC Heap History (20 events):
Event: 3.135 GC heap before
{Heap before GC invocations=4 (full 1):
 PSYoungGen      total 29696K, used 25600K [0x00000000eab00000, 0x00000000ecc00000, 0x0000000100000000)
  eden space 25600K, 100% used [0x00000000eab00000,0x00000000ec400000,0x00000000ec400000)
  from space 4096K, 0% used [0x00000000ec800000,0x00000000ec800000,0x00000000ecc00000)
  to   space 4096K, 0% used [0x00000000ec400000,0x00000000ec400000,0x00000000ec800000)
 ParOldGen       total 68608K, used 6800K [0x00000000c0000000, 0x00000000c4300000, 0x00000000eab00000)
  object space 68608K, 9% used [0x00000000c0000000,0x00000000c06a4000,0x00000000c4300000)
 Metaspace       used 28665K, committed 29248K, reserved 1081344K
  class space    used 2873K, committed 3136K, reserved 1048576K
}
Event: 3.137 GC heap after
{Heap after GC invocations=4 (full 1):
 PSYoungGen      total 29696K, used 1531K [0x00000000eab00000, 0x00000000ecc00000, 0x0000000100000000)
  eden space 25600K, 0% used [0x00000000eab00000,0x00000000eab00000,0x00000000ec400000)
  from space 4096K, 37% used [0x00000000ec400000,0x00000000ec57ef38,0x00000000ec800000)
  to   space 4096K, 0% used [0x00000000ec800000,0x00000000ec800000,0x00000000ecc00000)
 ParOldGen       total 68608K, used 6808K [0x00000000c0000000, 0x00000000c4300000, 0x00000000eab00000)
  object space 68608K, 9% used [0x00000000c0000000,0x00000000c06a6000,0x00000000c4300000)
 Metaspace       used 28665K, committed 29248K, reserved 1081344K
  class space    used 2873K, committed 3136K, reserved 1048576K
}
Event: 3.831 GC heap before
{Heap before GC invocations=5 (full 1):
 PSYoungGen      total 29696K, used 27131K [0x00000000eab00000, 0x00000000ecc00000, 0x0000000100000000)
  eden space 25600K, 100% used [0x00000000eab00000,0x00000000ec400000,0x00000000ec400000)
  from space 4096K, 37% used [0x00000000ec400000,0x00000000ec57ef38,0x00000000ec800000)
  to   space 4096K, 0% used [0x00000000ec800000,0x00000000ec800000,0x00000000ecc00000)
 ParOldGen       total 68608K, used 6808K [0x00000000c0000000, 0x00000000c4300000, 0x00000000eab00000)
  object space 68608K, 9% used [0x00000000c0000000,0x00000000c06a6000,0x00000000c4300000)
 Metaspace       used 32488K, committed 33088K, reserved 1081344K
  class space    used 3303K, committed 3584K, reserved 1048576K
}
Event: 3.834 GC heap after
{Heap after GC invocations=5 (full 1):
 PSYoungGen      total 29696K, used 4064K [0x00000000eab00000, 0x00000000ecc00000, 0x0000000100000000)
  eden space 25600K, 0% used [0x00000000eab00000,0x00000000eab00000,0x00000000ec400000)
  from space 4096K, 99% used [0x00000000ec800000,0x00000000ecbf80f0,0x00000000ecc00000)
  to   space 4096K, 0% used [0x00000000ec400000,0x00000000ec400000,0x00000000ec800000)
 ParOldGen       total 68608K, used 6824K [0x00000000c0000000, 0x00000000c4300000, 0x00000000eab00000)
  object space 68608K, 9% used [0x00000000c0000000,0x00000000c06aa000,0x00000000c4300000)
 Metaspace       used 32488K, committed 33088K, reserved 1081344K
  class space    used 3303K, committed 3584K, reserved 1048576K
}
Event: 4.009 GC heap before
{Heap before GC invocations=6 (full 1):
 PSYoungGen      total 29696K, used 29664K [0x00000000eab00000, 0x00000000ecc00000, 0x0000000100000000)
  eden space 25600K, 100% used [0x00000000eab00000,0x00000000ec400000,0x00000000ec400000)
  from space 4096K, 99% used [0x00000000ec800000,0x00000000ecbf80f0,0x00000000ecc00000)
  to   space 4096K, 0% used [0x00000000ec400000,0x00000000ec400000,0x00000000ec800000)
 ParOldGen       total 68608K, used 6824K [0x00000000c0000000, 0x00000000c4300000, 0x00000000eab00000)
  object space 68608K, 9% used [0x00000000c0000000,0x00000000c06aa000,0x00000000c4300000)
 Metaspace       used 32660K, committed 33280K, reserved 1081344K
  class space    used 3321K, committed 3648K, reserved 1048576K
}
Event: 4.015 GC heap after
{Heap after GC invocations=6 (full 1):
 PSYoungGen      total 29184K, used 4083K [0x00000000eab00000, 0x00000000ed080000, 0x0000000100000000)
  eden space 25088K, 0% used [0x00000000eab00000,0x00000000eab00000,0x00000000ec380000)
  from space 4096K, 99% used [0x00000000ec400000,0x00000000ec7fcf70,0x00000000ec800000)
  to   space 6656K, 0% used [0x00000000eca00000,0x00000000eca00000,0x00000000ed080000)
 ParOldGen       total 68608K, used 8848K [0x00000000c0000000, 0x00000000c4300000, 0x00000000eab00000)
  object space 68608K, 12% used [0x00000000c0000000,0x00000000c08a4040,0x00000000c4300000)
 Metaspace       used 32660K, committed 33280K, reserved 1081344K
  class space    used 3321K, committed 3648K, reserved 1048576K
}
Event: 4.132 GC heap before
{Heap before GC invocations=7 (full 1):
 PSYoungGen      total 29184K, used 29171K [0x00000000eab00000, 0x00000000ed080000, 0x0000000100000000)
  eden space 25088K, 100% used [0x00000000eab00000,0x00000000ec380000,0x00000000ec380000)
  from space 4096K, 99% used [0x00000000ec400000,0x00000000ec7fcf70,0x00000000ec800000)
  to   space 6656K, 0% used [0x00000000eca00000,0x00000000eca00000,0x00000000ed080000)
 ParOldGen       total 68608K, used 8848K [0x00000000c0000000, 0x00000000c4300000, 0x00000000eab00000)
  object space 68608K, 12% used [0x00000000c0000000,0x00000000c08a4040,0x00000000c4300000)
 Metaspace       used 32704K, committed 33280K, reserved 1081344K
  class space    used 3322K, committed 3648K, reserved 1048576K
}
Event: 4.136 GC heap after
{Heap after GC invocations=7 (full 1):
 PSYoungGen      total 31232K, used 6471K [0x00000000eab00000, 0x00000000ed080000, 0x0000000100000000)
  eden space 24576K, 0% used [0x00000000eab00000,0x00000000eab00000,0x00000000ec300000)
  from space 6656K, 97% used [0x00000000eca00000,0x00000000ed051fa8,0x00000000ed080000)
  to   space 6656K, 0% used [0x00000000ec380000,0x00000000ec380000,0x00000000eca00000)
 ParOldGen       total 68608K, used 8856K [0x00000000c0000000, 0x00000000c4300000, 0x00000000eab00000)
  object space 68608K, 12% used [0x00000000c0000000,0x00000000c08a6040,0x00000000c4300000)
 Metaspace       used 32704K, committed 33280K, reserved 1081344K
  class space    used 3322K, committed 3648K, reserved 1048576K
}
Event: 4.211 GC heap before
{Heap before GC invocations=8 (full 1):
 PSYoungGen      total 31232K, used 31047K [0x00000000eab00000, 0x00000000ed080000, 0x0000000100000000)
  eden space 24576K, 100% used [0x00000000eab00000,0x00000000ec300000,0x00000000ec300000)
  from space 6656K, 97% used [0x00000000eca00000,0x00000000ed051fa8,0x00000000ed080000)
  to   space 6656K, 0% used [0x00000000ec380000,0x00000000ec380000,0x00000000eca00000)
 ParOldGen       total 68608K, used 8856K [0x00000000c0000000, 0x00000000c4300000, 0x00000000eab00000)
  object space 68608K, 12% used [0x00000000c0000000,0x00000000c08a6040,0x00000000c4300000)
 Metaspace       used 32752K, committed 33344K, reserved 1081344K
  class space    used 3334K, committed 3648K, reserved 1048576K
}
Event: 4.216 GC heap after
{Heap after GC invocations=8 (full 1):
 PSYoungGen      total 30720K, used 6624K [0x00000000eab00000, 0x00000000ed580000, 0x0000000100000000)
  eden space 24064K, 0% used [0x00000000eab00000,0x00000000eab00000,0x00000000ec280000)
  from space 6656K, 99% used [0x00000000ec380000,0x00000000ec9f80f0,0x00000000eca00000)
  to   space 9728K, 0% used [0x00000000ecc00000,0x00000000ecc00000,0x00000000ed580000)
 ParOldGen       total 68608K, used 11263K [0x00000000c0000000, 0x00000000c4300000, 0x00000000eab00000)
  object space 68608K, 16% used [0x00000000c0000000,0x00000000c0afff58,0x00000000c4300000)
 Metaspace       used 32752K, committed 33344K, reserved 1081344K
  class space    used 3334K, committed 3648K, reserved 1048576K
}
Event: 4.280 GC heap before
{Heap before GC invocations=9 (full 1):
 PSYoungGen      total 30720K, used 30688K [0x00000000eab00000, 0x00000000ed580000, 0x0000000100000000)
  eden space 24064K, 100% used [0x00000000eab00000,0x00000000ec280000,0x00000000ec280000)
  from space 6656K, 99% used [0x00000000ec380000,0x00000000ec9f80f0,0x00000000eca00000)
  to   space 9728K, 0% used [0x00000000ecc00000,0x00000000ecc00000,0x00000000ed580000)
 ParOldGen       total 68608K, used 11263K [0x00000000c0000000, 0x00000000c4300000, 0x00000000eab00000)
  object space 68608K, 16% used [0x00000000c0000000,0x00000000c0afff58,0x00000000c4300000)
 Metaspace       used 32752K, committed 33344K, reserved 1081344K
  class space    used 3334K, committed 3648K, reserved 1048576K
}
Event: 4.285 GC heap after
{Heap after GC invocations=9 (full 1):
 PSYoungGen      total 31232K, used 7251K [0x00000000eab00000, 0x00000000ed380000, 0x0000000100000000)
  eden space 23552K, 0% used [0x00000000eab00000,0x00000000eab00000,0x00000000ec200000)
  from space 7680K, 94% used [0x00000000ecc00000,0x00000000ed314f70,0x00000000ed380000)
  to   space 8192K, 0% used [0x00000000ec380000,0x00000000ec380000,0x00000000ecb80000)
 ParOldGen       total 68608K, used 13267K [0x00000000c0000000, 0x00000000c4300000, 0x00000000eab00000)
  object space 68608K, 19% used [0x00000000c0000000,0x00000000c0cf4c70,0x00000000c4300000)
 Metaspace       used 32752K, committed 33344K, reserved 1081344K
  class space    used 3334K, committed 3648K, reserved 1048576K
}
Event: 4.346 GC heap before
{Heap before GC invocations=10 (full 1):
 PSYoungGen      total 31232K, used 30803K [0x00000000eab00000, 0x00000000ed380000, 0x0000000100000000)
  eden space 23552K, 100% used [0x00000000eab00000,0x00000000ec200000,0x00000000ec200000)
  from space 7680K, 94% used [0x00000000ecc00000,0x00000000ed314f70,0x00000000ed380000)
  to   space 8192K, 0% used [0x00000000ec380000,0x00000000ec380000,0x00000000ecb80000)
 ParOldGen       total 68608K, used 13267K [0x00000000c0000000, 0x00000000c4300000, 0x00000000eab00000)
  object space 68608K, 19% used [0x00000000c0000000,0x00000000c0cf4c70,0x00000000c4300000)
 Metaspace       used 32752K, committed 33344K, reserved 1081344K
  class space    used 3334K, committed 3648K, reserved 1048576K
}
Event: 4.351 GC heap after
{Heap after GC invocations=10 (full 1):
 PSYoungGen      total 29696K, used 6592K [0x00000000eab00000, 0x00000000ecf80000, 0x0000000100000000)
  eden space 23040K, 0% used [0x00000000eab00000,0x00000000eab00000,0x00000000ec180000)
  from space 6656K, 99% used [0x00000000ec380000,0x00000000ec9f0010,0x00000000eca00000)
  to   space 5632K, 0% used [0x00000000eca00000,0x00000000eca00000,0x00000000ecf80000)
 ParOldGen       total 68608K, used 16110K [0x00000000c0000000, 0x00000000c4300000, 0x00000000eab00000)
  object space 68608K, 23% used [0x00000000c0000000,0x00000000c0fbbbd0,0x00000000c4300000)
 Metaspace       used 32752K, committed 33344K, reserved 1081344K
  class space    used 3334K, committed 3648K, reserved 1048576K
}
Event: 4.843 GC heap before
{Heap before GC invocations=11 (full 1):
 PSYoungGen      total 29696K, used 17789K [0x00000000eab00000, 0x00000000ecf80000, 0x0000000100000000)
  eden space 23040K, 48% used [0x00000000eab00000,0x00000000eb5ef758,0x00000000ec180000)
  from space 6656K, 99% used [0x00000000ec380000,0x00000000ec9f0010,0x00000000eca00000)
  to   space 5632K, 0% used [0x00000000eca00000,0x00000000eca00000,0x00000000ecf80000)
 ParOldGen       total 68608K, used 16110K [0x00000000c0000000, 0x00000000c4300000, 0x00000000eab00000)
  object space 68608K, 23% used [0x00000000c0000000,0x00000000c0fbbbd0,0x00000000c4300000)
 Metaspace       used 35262K, committed 35840K, reserved 1089536K
  class space    used 3617K, committed 3904K, reserved 1048576K
}
Event: 4.850 GC heap after
{Heap after GC invocations=11 (full 1):
 PSYoungGen      total 27648K, used 4107K [0x00000000eab00000, 0x00000000ece80000, 0x0000000100000000)
  eden space 23040K, 0% used [0x00000000eab00000,0x00000000eab00000,0x00000000ec180000)
  from space 4608K, 89% used [0x00000000eca00000,0x00000000ece02c58,0x00000000ece80000)
  to   space 5120K, 0% used [0x00000000ec480000,0x00000000ec480000,0x00000000ec980000)
 ParOldGen       total 68608K, used 20501K [0x00000000c0000000, 0x00000000c4300000, 0x00000000eab00000)
  object space 68608K, 29% used [0x00000000c0000000,0x00000000c1405680,0x00000000c4300000)
 Metaspace       used 35262K, committed 35840K, reserved 1089536K
  class space    used 3617K, committed 3904K, reserved 1048576K
}
Event: 4.850 GC heap before
{Heap before GC invocations=12 (full 2):
 PSYoungGen      total 27648K, used 4107K [0x00000000eab00000, 0x00000000ece80000, 0x0000000100000000)
  eden space 23040K, 0% used [0x00000000eab00000,0x00000000eab00000,0x00000000ec180000)
  from space 4608K, 89% used [0x00000000eca00000,0x00000000ece02c58,0x00000000ece80000)
  to   space 5120K, 0% used [0x00000000ec480000,0x00000000ec480000,0x00000000ec980000)
 ParOldGen       total 68608K, used 20501K [0x00000000c0000000, 0x00000000c4300000, 0x00000000eab00000)
  object space 68608K, 29% used [0x00000000c0000000,0x00000000c1405680,0x00000000c4300000)
 Metaspace       used 35262K, committed 35840K, reserved 1089536K
  class space    used 3617K, committed 3904K, reserved 1048576K
}
Event: 4.900 GC heap after
{Heap after GC invocations=12 (full 2):
 PSYoungGen      total 27648K, used 0K [0x00000000eab00000, 0x00000000ece80000, 0x0000000100000000)
  eden space 23040K, 0% used [0x00000000eab00000,0x00000000eab00000,0x00000000ec180000)
  from space 4608K, 0% used [0x00000000eca00000,0x00000000eca00000,0x00000000ece80000)
  to   space 5120K, 0% used [0x00000000ec480000,0x00000000ec480000,0x00000000ec980000)
 ParOldGen       total 68608K, used 23695K [0x00000000c0000000, 0x00000000c4300000, 0x00000000eab00000)
  object space 68608K, 34% used [0x00000000c0000000,0x00000000c1723df8,0x00000000c4300000)
 Metaspace       used 35262K, committed 35840K, reserved 1089536K
  class space    used 3617K, committed 3904K, reserved 1048576K
}
Event: 6.670 GC heap before
{Heap before GC invocations=13 (full 2):
 PSYoungGen      total 27648K, used 23040K [0x00000000eab00000, 0x00000000ece80000, 0x0000000100000000)
  eden space 23040K, 100% used [0x00000000eab00000,0x00000000ec180000,0x00000000ec180000)
  from space 4608K, 0% used [0x00000000eca00000,0x00000000eca00000,0x00000000ece80000)
  to   space 5120K, 0% used [0x00000000ec480000,0x00000000ec480000,0x00000000ec980000)
 ParOldGen       total 68608K, used 23695K [0x00000000c0000000, 0x00000000c4300000, 0x00000000eab00000)
  object space 68608K, 34% used [0x00000000c0000000,0x00000000c1723df8,0x00000000c4300000)
 Metaspace       used 41317K, committed 41984K, reserved 1089536K
  class space    used 4145K, committed 4480K, reserved 1048576K
}
Event: 6.673 GC heap after
{Heap after GC invocations=13 (full 2):
 PSYoungGen      total 26112K, used 3243K [0x00000000eab00000, 0x00000000eca80000, 0x0000000100000000)
  eden space 22528K, 0% used [0x00000000eab00000,0x00000000eab00000,0x00000000ec100000)
  from space 3584K, 90% used [0x00000000ec480000,0x00000000ec7aaf98,0x00000000ec800000)
  to   space 2560K, 0% used [0x00000000ec800000,0x00000000ec800000,0x00000000eca80000)
 ParOldGen       total 68608K, used 23703K [0x00000000c0000000, 0x00000000c4300000, 0x00000000eab00000)
  object space 68608K, 34% used [0x00000000c0000000,0x00000000c1725df8,0x00000000c4300000)
 Metaspace       used 41317K, committed 41984K, reserved 1089536K
  class space    used 4145K, committed 4480K, reserved 1048576K
}

Deoptimization events (20 events):
Event: 6.576 Thread 0x000001d33a6347f0 Uncommon trap: trap_request=0xffffffde fr.pc=0x000001d32ca2436c relative=0x0000000000000c4c
Event: 6.576 Thread 0x000001d33a6347f0 Uncommon trap: reason=class_check action=maybe_recompile pc=0x000001d32ca2436c method=java.util.concurrent.ConcurrentHashMap.putVal(Ljava/lang/Object;Ljava/lang/Object;Z)Ljava/lang/Object; @ 242 c2
Event: 6.576 Thread 0x000001d33a6347f0 DEOPT PACKING pc=0x000001d32ca2436c sp=0x00000092ce6fdf20
Event: 6.576 Thread 0x000001d33a6347f0 DEOPT UNPACKING pc=0x000001d324ee20a3 sp=0x00000092ce6fde90 mode 2
Event: 6.605 Thread 0x000001d33a5e7030 Uncommon trap: trap_request=0xffffff45 fr.pc=0x000001d32cae3e10 relative=0x0000000000000070
Event: 6.605 Thread 0x000001d33a5e7030 Uncommon trap: reason=unstable_if action=reinterpret pc=0x000001d32cae3e10 method=org.eclipse.jdt.internal.compiler.ast.CompilationUnitDeclaration.getMainTypeName()[C @ 7 c2
Event: 6.605 Thread 0x000001d33a5e7030 DEOPT PACKING pc=0x000001d32cae3e10 sp=0x00000092cddfdb60
Event: 6.605 Thread 0x000001d33a5e7030 DEOPT UNPACKING pc=0x000001d324ee20a3 sp=0x00000092cddfdae0 mode 2
Event: 6.605 Thread 0x000001d33a5e7030 Uncommon trap: trap_request=0xffffff45 fr.pc=0x000001d32caf77a8 relative=0x0000000000000208
Event: 6.605 Thread 0x000001d33a5e7030 Uncommon trap: reason=unstable_if action=reinterpret pc=0x000001d32caf77a8 method=org.eclipse.jdt.internal.compiler.ast.CompilationUnitDeclaration.getMainTypeName()[C @ 7 c2
Event: 6.605 Thread 0x000001d33a5e7030 DEOPT PACKING pc=0x000001d32caf77a8 sp=0x00000092cddfda90
Event: 6.605 Thread 0x000001d33a5e7030 DEOPT UNPACKING pc=0x000001d324ee20a3 sp=0x00000092cddfd8f0 mode 2
Event: 6.605 Thread 0x000001d33a5e7030 Uncommon trap: trap_request=0xffffff45 fr.pc=0x000001d32caf8394 relative=0x0000000000000274
Event: 6.605 Thread 0x000001d33a5e7030 Uncommon trap: reason=unstable_if action=reinterpret pc=0x000001d32caf8394 method=org.eclipse.jdt.internal.compiler.ast.CompilationUnitDeclaration.getMainTypeName()[C @ 7 c2
Event: 6.605 Thread 0x000001d33a5e7030 DEOPT PACKING pc=0x000001d32caf8394 sp=0x00000092cddfdbd0
Event: 6.605 Thread 0x000001d33a5e7030 DEOPT UNPACKING pc=0x000001d324ee20a3 sp=0x00000092cddfd9d8 mode 2
Event: 6.651 Thread 0x000001d33a5e7030 Uncommon trap: trap_request=0xffffff45 fr.pc=0x000001d32cab868c relative=0x000000000000008c
Event: 6.651 Thread 0x000001d33a5e7030 Uncommon trap: reason=unstable_if action=reinterpret pc=0x000001d32cab868c method=java.util.Hashtable$Enumerator.nextElement()Ljava/lang/Object; @ 87 c2
Event: 6.651 Thread 0x000001d33a5e7030 DEOPT PACKING pc=0x000001d32cab868c sp=0x00000092cddfe8c0
Event: 6.651 Thread 0x000001d33a5e7030 DEOPT UNPACKING pc=0x000001d324ee20a3 sp=0x00000092cddfe840 mode 2

Classes unloaded (0 events):
No events

Classes redefined (0 events):
No events

Internal exceptions (20 events):
Event: 2.217 Thread 0x000001d3396ae5c0 Exception <a 'java/lang/ClassNotFoundException'{0x00000000ebc5cb48}: com/sun/org/apache/xerces/internal/impl/msg/spi/XMLSerializerMessagesProvider> (0x00000000ebc5cb48) 
thrown [e:\jenkins\tmp\workspace\build\src\src\hotspot\share\classfile\systemDictionary.cpp, line 256]
Event: 2.218 Thread 0x000001d3396ae5c0 Exception <a 'java/lang/ClassNotFoundException'{0x00000000ebc69e20}: com/sun/org/apache/xerces/internal/impl/msg/spi/XMLMessagesProvider> (0x00000000ebc69e20) 
thrown [e:\jenkins\tmp\workspace\build\src\src\hotspot\share\classfile\systemDictionary.cpp, line 256]
Event: 2.840 Thread 0x000001d3396ae5c0 Exception <a 'java/lang/ClassNotFoundException'{0x00000000ebe896e0}: com/sun/org/apache/xml/internal/serializer/spi/XMLEntitiesProvider> (0x00000000ebe896e0) 
thrown [e:\jenkins\tmp\workspace\build\src\src\hotspot\share\classfile\systemDictionary.cpp, line 256]
Event: 2.951 Thread 0x000001d3396ae5c0 Exception <a 'java/io/FileNotFoundException'{0x00000000ec093538}> (0x00000000ec093538) 
thrown [e:\jenkins\tmp\workspace\build\src\src\hotspot\share\prims\jni.cpp, line 516]
Event: 2.968 Thread 0x000001d3396ae5c0 Exception <a 'java/io/FileNotFoundException'{0x00000000ec0ccba0}> (0x00000000ec0ccba0) 
thrown [e:\jenkins\tmp\workspace\build\src\src\hotspot\share\prims\jni.cpp, line 516]
Event: 2.976 Thread 0x000001d3396ae5c0 Exception <a 'java/io/FileNotFoundException'{0x00000000ec0f73c0}> (0x00000000ec0f73c0) 
thrown [e:\jenkins\tmp\workspace\build\src\src\hotspot\share\prims\jni.cpp, line 516]
Event: 3.035 Thread 0x000001d322206380 Exception <a 'java/lang/NoSuchMethodError'{0x00000000ec1b98d8}: 'void java.lang.invoke.DirectMethodHandle$Holder.invokeStatic(java.lang.Object, java.lang.Object, java.lang.Object, java.lang.Object)'> (0x00000000ec1b98d8) 
thrown [e:\jenkins\tmp\workspace\build\src\src\hotspot\share\interpreter\linkResolver.cpp, line 766]
Event: 3.183 Thread 0x000001d322206380 Exception <a 'java/lang/NoSuchMethodError'{0x00000000eabe09a8}: 'java.lang.Object java.lang.invoke.DirectMethodHandle$Holder.newInvokeSpecial(java.lang.Object, java.lang.Object, java.lang.Object, java.lang.Object, java.lang.Object)'> (0x00000000eabe09a8) 
thrown [e:\jenkins\tmp\workspace\build\src\src\hotspot\share\interpreter\linkResolver.cpp, line 766]
Event: 3.279 Thread 0x000001d33a632640 Exception <a 'java/io/FileNotFoundException'{0x00000000eae206b0}> (0x00000000eae206b0) 
thrown [e:\jenkins\tmp\workspace\build\src\src\hotspot\share\prims\jni.cpp, line 516]
Event: 3.483 Thread 0x000001d33a5e7030 Exception <a 'java/lang/NoSuchMethodError'{0x00000000eb2efab0}: 'java.lang.Object java.lang.invoke.Invokers$Holder.invoke_MT(java.lang.Object, java.lang.Object, java.lang.Object)'> (0x00000000eb2efab0) 
thrown [e:\jenkins\tmp\workspace\build\src\src\hotspot\share\interpreter\linkResolver.cpp, line 766]
Event: 3.885 Thread 0x000001d33a5e7030 Exception <a 'java/io/FileNotFoundException'{0x00000000eb2a5e70}> (0x00000000eb2a5e70) 
thrown [e:\jenkins\tmp\workspace\build\src\src\hotspot\share\prims\jni.cpp, line 516]
Event: 3.885 Thread 0x000001d33a5e7030 Exception <a 'java/io/FileNotFoundException'{0x00000000eb2a7a40}> (0x00000000eb2a7a40) 
thrown [e:\jenkins\tmp\workspace\build\src\src\hotspot\share\prims\jni.cpp, line 516]
Event: 3.887 Thread 0x000001d33a5e7030 Exception <a 'java/lang/NoSuchMethodError'{0x00000000eb2af458}: 'void java.lang.invoke.DirectMethodHandle$Holder.invokeStaticInit(java.lang.Object, java.lang.Object, java.lang.Object)'> (0x00000000eb2af458) 
thrown [e:\jenkins\tmp\workspace\build\src\src\hotspot\share\interpreter\linkResolver.cpp, line 766]
Event: 4.474 Thread 0x000001d33a632640 Exception <a 'java/lang/NoSuchMethodError'{0x00000000eafd0518}: 'java.lang.Object java.lang.invoke.DirectMethodHandle$Holder.invokeInterface(java.lang.Object, java.lang.Object, java.lang.Object)'> (0x00000000eafd0518) 
thrown [e:\jenkins\tmp\workspace\build\src\src\hotspot\share\interpreter\linkResolver.cpp, line 766]
Event: 5.012 Thread 0x000001d33a5e7030 Exception <a 'java/io/FileNotFoundException'{0x00000000eac3a630}> (0x00000000eac3a630) 
thrown [e:\jenkins\tmp\workspace\build\src\src\hotspot\share\prims\jni.cpp, line 516]
Event: 5.012 Thread 0x000001d33a5e7030 Exception <a 'java/io/FileNotFoundException'{0x00000000eac3b818}> (0x00000000eac3b818) 
thrown [e:\jenkins\tmp\workspace\build\src\src\hotspot\share\prims\jni.cpp, line 516]
Event: 5.379 Thread 0x000001d33a634320 Exception <a 'java/lang/NoSuchMethodError'{0x00000000ead0c528}: 'int java.lang.invoke.DirectMethodHandle$Holder.invokeSpecial(java.lang.Object, java.lang.Object, java.lang.Object)'> (0x00000000ead0c528) 
thrown [e:\jenkins\tmp\workspace\build\src\src\hotspot\share\interpreter\linkResolver.cpp, line 766]
Event: 5.597 Thread 0x000001d33a6347f0 Exception <a 'java/lang/NoSuchMethodError'{0x00000000eb40bb80}: 'int java.lang.invoke.DirectMethodHandle$Holder.invokeStatic(java.lang.Object, java.lang.Object, java.lang.Object, int)'> (0x00000000eb40bb80) 
thrown [e:\jenkins\tmp\workspace\build\src\src\hotspot\share\interpreter\linkResolver.cpp, line 766]
Event: 5.625 Thread 0x000001d33a6347f0 Exception <a 'java/lang/NoSuchMethodError'{0x00000000eb47a890}: 'int java.lang.invoke.DirectMethodHandle$Holder.invokeVirtual(java.lang.Object, java.lang.Object, java.lang.Object)'> (0x00000000eb47a890) 
thrown [e:\jenkins\tmp\workspace\build\src\src\hotspot\share\interpreter\linkResolver.cpp, line 766]
Event: 5.743 Thread 0x000001d33a6347f0 Exception <a 'java/io/FileNotFoundException'{0x00000000eb59e840}> (0x00000000eb59e840) 
thrown [e:\jenkins\tmp\workspace\build\src\src\hotspot\share\prims\jni.cpp, line 516]

VM Operations (20 events):
Event: 4.346 Executing VM operation: ParallelGCFailedAllocation
Event: 4.351 Executing VM operation: ParallelGCFailedAllocation done
Event: 4.806 Executing VM operation: HandshakeAllThreads
Event: 4.806 Executing VM operation: HandshakeAllThreads done
Event: 4.843 Executing VM operation: CollectForMetadataAllocation
Event: 4.900 Executing VM operation: CollectForMetadataAllocation done
Event: 5.413 Executing VM operation: HandshakeAllThreads
Event: 5.425 Executing VM operation: HandshakeAllThreads done
Event: 5.633 Executing VM operation: HandshakeAllThreads
Event: 5.633 Executing VM operation: HandshakeAllThreads done
Event: 5.950 Executing VM operation: ICBufferFull
Event: 5.951 Executing VM operation: ICBufferFull done
Event: 6.106 Executing VM operation: HandshakeAllThreads
Event: 6.106 Executing VM operation: HandshakeAllThreads done
Event: 6.235 Executing VM operation: HandshakeAllThreads
Event: 6.235 Executing VM operation: HandshakeAllThreads done
Event: 6.654 Executing VM operation: ICBufferFull
Event: 6.654 Executing VM operation: ICBufferFull done
Event: 6.670 Executing VM operation: ParallelGCFailedAllocation
Event: 6.673 Executing VM operation: ParallelGCFailedAllocation done

Events (20 events):
Event: 5.438 loading class java/util/regex/Pattern$1 done
Event: 5.446 Thread 0x000001d337d93f50 Thread added: 0x000001d337d93f50
Event: 5.450 loading class jdk/internal/reflect/UnsafeQualifiedStaticIntegerFieldAccessorImpl
Event: 5.450 loading class jdk/internal/reflect/UnsafeQualifiedStaticIntegerFieldAccessorImpl done
Event: 5.496 loading class java/util/stream/MatchOps$MatchKind
Event: 5.496 loading class java/util/stream/MatchOps$MatchKind done
Event: 5.497 loading class java/util/stream/MatchOps
Event: 5.497 loading class java/util/stream/MatchOps done
Event: 5.497 loading class java/util/stream/MatchOps$MatchOp
Event: 5.497 loading class java/util/stream/MatchOps$MatchOp done
Event: 5.497 loading class java/util/stream/MatchOps$BooleanTerminalSink
Event: 5.497 loading class java/util/stream/MatchOps$BooleanTerminalSink done
Event: 5.498 loading class java/util/stream/MatchOps$1MatchSink
Event: 5.498 loading class java/util/stream/MatchOps$1MatchSink done
Event: 5.626 loading class java/util/stream/ReduceOps$4
Event: 5.626 loading class java/util/stream/ReduceOps$4 done
Event: 5.626 loading class java/util/stream/ReduceOps$4ReducingSink
Event: 5.626 loading class java/util/stream/ReduceOps$4ReducingSink done
Event: 6.370 Thread 0x000001d33976c390 Thread exited: 0x000001d33976c390
Event: 6.607 Thread 0x000001d337d93020 Thread added: 0x000001d337d93020


Dynamic libraries:
0x00007ff71d740000 - 0x00007ff71d74e000 	c:\Users\Nathan Ting\.vscode\extensions\redhat.java-1.4.0\jre\17.0.2-win32-x86_64\bin\java.exe
0x00007ffeb1e30000 - 0x00007ffeb2025000 	C:\WINDOWS\SYSTEM32\ntdll.dll
0x00007ffeb0ab0000 - 0x00007ffeb0b6e000 	C:\WINDOWS\System32\KERNEL32.DLL
0x00007ffeaf5c0000 - 0x00007ffeaf888000 	C:\WINDOWS\System32\KERNELBASE.dll
0x00007ffeafcf0000 - 0x00007ffeafdf0000 	C:\WINDOWS\System32\ucrtbase.dll
0x00007ffea17e0000 - 0x00007ffea17f8000 	c:\Users\Nathan Ting\.vscode\extensions\redhat.java-1.4.0\jre\17.0.2-win32-x86_64\bin\jli.dll
0x00007ffea1780000 - 0x00007ffea1799000 	c:\Users\Nathan Ting\.vscode\extensions\redhat.java-1.4.0\jre\17.0.2-win32-x86_64\bin\VCRUNTIME140.dll
0x00007ffeb1940000 - 0x00007ffeb1ae0000 	C:\WINDOWS\System32\USER32.dll
0x00007ffeafaf0000 - 0x00007ffeafb12000 	C:\WINDOWS\System32\win32u.dll
0x00007ffe9ba30000 - 0x00007ffe9bcca000 	C:\WINDOWS\WinSxS\amd64_microsoft.windows.common-controls_6595b64144ccf1df_6.0.19041.1110_none_60b5254171f9507e\COMCTL32.dll
0x00007ffeb1b80000 - 0x00007ffeb1bab000 	C:\WINDOWS\System32\GDI32.dll
0x00007ffeb0550000 - 0x00007ffeb05ee000 	C:\WINDOWS\System32\msvcrt.dll
0x00007ffeafbe0000 - 0x00007ffeafceb000 	C:\WINDOWS\System32\gdi32full.dll
0x00007ffeafdf0000 - 0x00007ffeafe8d000 	C:\WINDOWS\System32\msvcp_win.dll
0x00007ffeaff40000 - 0x00007ffeaff70000 	C:\WINDOWS\System32\IMM32.DLL
0x00007ffeab310000 - 0x00007ffeab31c000 	c:\Users\Nathan Ting\.vscode\extensions\redhat.java-1.4.0\jre\17.0.2-win32-x86_64\bin\vcruntime140_1.dll
0x00007ffe6fe30000 - 0x00007ffe6fec1000 	c:\Users\Nathan Ting\.vscode\extensions\redhat.java-1.4.0\jre\17.0.2-win32-x86_64\bin\msvcp140.dll
0x00007ffe4e010000 - 0x00007ffe4ec57000 	c:\Users\Nathan Ting\.vscode\extensions\redhat.java-1.4.0\jre\17.0.2-win32-x86_64\bin\server\jvm.dll
0x00007ffeaff70000 - 0x00007ffeb001e000 	C:\WINDOWS\System32\ADVAPI32.dll
0x00007ffeb1ae0000 - 0x00007ffeb1b7c000 	C:\WINDOWS\System32\sechost.dll
0x00007ffeb0980000 - 0x00007ffeb0aa5000 	C:\WINDOWS\System32\RPCRT4.dll
0x00007ffeb0460000 - 0x00007ffeb0468000 	C:\WINDOWS\System32\PSAPI.DLL
0x00007ffea2fa0000 - 0x00007ffea2fc7000 	C:\WINDOWS\SYSTEM32\WINMM.dll
0x00007ffe9d5c0000 - 0x00007ffe9d5c9000 	C:\WINDOWS\SYSTEM32\WSOCK32.dll
0x00007ffeb0670000 - 0x00007ffeb06db000 	C:\WINDOWS\System32\WS2_32.dll
0x00007ffeaac40000 - 0x00007ffeaac4a000 	C:\WINDOWS\SYSTEM32\VERSION.dll
0x00007ffead460000 - 0x00007ffead472000 	C:\WINDOWS\SYSTEM32\kernel.appcore.dll
0x00007ffeab240000 - 0x00007ffeab24a000 	c:\Users\Nathan Ting\.vscode\extensions\redhat.java-1.4.0\jre\17.0.2-win32-x86_64\bin\jimage.dll
0x00007ffea7560000 - 0x00007ffea7744000 	C:\WINDOWS\SYSTEM32\DBGHELP.DLL
0x00007ffea77c0000 - 0x00007ffea77ec000 	C:\WINDOWS\SYSTEM32\dbgcore.DLL
0x00007ffeafb20000 - 0x00007ffeafba2000 	C:\WINDOWS\System32\bcryptPrimitives.dll
0x00007ffe9ebd0000 - 0x00007ffe9ebf5000 	c:\Users\Nathan Ting\.vscode\extensions\redhat.java-1.4.0\jre\17.0.2-win32-x86_64\bin\java.dll
0x00007ffea1370000 - 0x00007ffea1388000 	c:\Users\Nathan Ting\.vscode\extensions\redhat.java-1.4.0\jre\17.0.2-win32-x86_64\bin\zip.dll
0x00007ffeb0fe0000 - 0x00007ffeb1724000 	C:\WINDOWS\System32\SHELL32.dll
0x00007ffead660000 - 0x00007ffeaddf4000 	C:\WINDOWS\SYSTEM32\windows.storage.dll
0x00007ffeb0080000 - 0x00007ffeb03d4000 	C:\WINDOWS\System32\combase.dll
0x00007ffeaefb0000 - 0x00007ffeaefdc000 	C:\WINDOWS\SYSTEM32\Wldp.dll
0x00007ffeafe90000 - 0x00007ffeaff3d000 	C:\WINDOWS\System32\SHCORE.dll
0x00007ffeb1730000 - 0x00007ffeb1785000 	C:\WINDOWS\System32\shlwapi.dll
0x00007ffeaf490000 - 0x00007ffeaf4af000 	C:\WINDOWS\SYSTEM32\profapi.dll
0x00007ffea0f60000 - 0x00007ffea0f79000 	C:\Users\Nathan Ting\.vscode\extensions\redhat.java-1.4.0\jre\17.0.2-win32-x86_64\bin\net.dll
0x00007ffea73a0000 - 0x00007ffea74a9000 	C:\WINDOWS\SYSTEM32\WINHTTP.dll
0x00007ffeaed10000 - 0x00007ffeaed7a000 	C:\WINDOWS\system32\mswsock.dll
0x00007ffe9ac90000 - 0x00007ffe9aca5000 	C:\Users\Nathan Ting\.vscode\extensions\redhat.java-1.4.0\jre\17.0.2-win32-x86_64\bin\nio.dll
0x00007ffeaef10000 - 0x00007ffeaef28000 	C:\WINDOWS\SYSTEM32\CRYPTSP.dll
0x00007ffeae620000 - 0x00007ffeae654000 	C:\WINDOWS\system32\rsaenh.dll
0x00007ffeafbb0000 - 0x00007ffeafbd7000 	C:\WINDOWS\System32\bcrypt.dll
0x00007ffeaf410000 - 0x00007ffeaf43e000 	C:\WINDOWS\SYSTEM32\USERENV.dll
0x00007ffeaef00000 - 0x00007ffeaef0c000 	C:\WINDOWS\SYSTEM32\CRYPTBASE.dll
0x00007ffeae9b0000 - 0x00007ffeae9eb000 	C:\WINDOWS\SYSTEM32\IPHLPAPI.DLL
0x00007ffeb1de0000 - 0x00007ffeb1de8000 	C:\WINDOWS\System32\NSI.dll
0x00007ffea9f60000 - 0x00007ffea9f77000 	C:\WINDOWS\SYSTEM32\dhcpcsvc6.DLL
0x00007ffea9f40000 - 0x00007ffea9f5d000 	C:\WINDOWS\SYSTEM32\dhcpcsvc.DLL
0x00007ffeae9f0000 - 0x00007ffeaeaba000 	C:\WINDOWS\SYSTEM32\DNSAPI.dll
0x00007ffe99980000 - 0x00007ffe999be000 	C:\Users\Nathan Ting\AppData\Roaming\Code\User\globalStorage\redhat.java\1.4.0\config_ss_win\org.eclipse.equinox.launcher\org.eclipse.equinox.launcher.win32.win32.x86_64_1.2.400.v20211117-0650\eclipse_11602.dll
0x00007ffeb06e0000 - 0x00007ffeb080a000 	C:\WINDOWS\System32\ole32.dll
0x00007ffeab210000 - 0x00007ffeab220000 	c:\Users\Nathan Ting\.vscode\extensions\redhat.java-1.4.0\jre\17.0.2-win32-x86_64\bin\verify.dll
0x00007ffe9a5b0000 - 0x00007ffe9a5c1000 	C:\Users\Nathan Ting\AppData\Roaming\Code\User\globalStorage\redhat.java\1.4.0\config_ss_win\org.eclipse.osgi\15\0\.cp\jWinHttp-1.0.0.dll

dbghelp: loaded successfully - version: 4.0.5 - missing functions: none
symbol engine: initialized successfully - sym options: 0x614 - pdb path: .;c:\Users\Nathan Ting\.vscode\extensions\redhat.java-1.4.0\jre\17.0.2-win32-x86_64\bin;C:\WINDOWS\SYSTEM32;C:\WINDOWS\WinSxS\amd64_microsoft.windows.common-controls_6595b64144ccf1df_6.0.19041.1110_none_60b5254171f9507e;c:\Users\Nathan Ting\.vscode\extensions\redhat.java-1.4.0\jre\17.0.2-win32-x86_64\bin\server;C:\Users\Nathan Ting\AppData\Roaming\Code\User\globalStorage\redhat.java\1.4.0\config_ss_win\org.eclipse.equinox.launcher\org.eclipse.equinox.launcher.win32.win32.x86_64_1.2.400.v20211117-0650;C:\Users\Nathan Ting\AppData\Roaming\Code\User\globalStorage\redhat.java\1.4.0\config_ss_win\org.eclipse.osgi\15\0\.cp

VM Arguments:
jvm_args: --add-modules=ALL-SYSTEM --add-opens=java.base/java.util=ALL-UNNAMED --add-opens=java.base/java.lang=ALL-UNNAMED --add-opens=java.base/sun.nio.fs=ALL-UNNAMED -Declipse.application=org.eclipse.jdt.ls.core.id1 -Dosgi.bundles.defaultStartLevel=4 -Declipse.product=org.eclipse.jdt.ls.core.product -Djava.import.generatesMetadataFilesAtProjectRoot=false -Dfile.encoding=utf8 -DwatchParentProcess=false -XX:+UseParallelGC -XX:GCTimeRatio=4 -XX:AdaptiveSizePolicyWeight=90 -Dsun.zip.disableMemoryMapping=true -Xmx1G -Xms100m 
java_command: c:\Users\Nathan Ting\.vscode\extensions\redhat.java-1.4.0\server\plugins\org.eclipse.equinox.launcher_1.6.400.v20210924-0641.jar -configuration c:\Users\Nathan Ting\AppData\Roaming\Code\User\globalStorage\redhat.java\1.4.0\config_ss_win -data c:\Users\Nathan Ting\AppData\Roaming\Code\User\workspaceStorage\665fadb96facc8848b70aa769e507785\redhat.java\ss_ws
java_class_path (initial): c:\Users\Nathan Ting\.vscode\extensions\redhat.java-1.4.0\server\plugins\org.eclipse.equinox.launcher_1.6.400.v20210924-0641.jar
Launcher Type: SUN_STANDARD

[Global flags]
    uintx AdaptiveSizePolicyWeight                 = 90                                        {product} {command line}
     intx CICompilerCount                          = 4                                         {product} {ergonomic}
    uintx GCTimeRatio                              = 4                                         {product} {command line}
   size_t InitialHeapSize                          = 104857600                                 {product} {command line}
   size_t MaxHeapSize                              = 1073741824                                {product} {command line}
   size_t MaxNewSize                               = 357564416                                 {product} {ergonomic}
   size_t MinHeapDeltaBytes                        = 524288                                    {product} {ergonomic}
   size_t MinHeapSize                              = 104857600                                 {product} {command line}
   size_t NewSize                                  = 34603008                                  {product} {ergonomic}
    uintx NonNMethodCodeHeapSize                   = 5839372                                {pd product} {ergonomic}
    uintx NonProfiledCodeHeapSize                  = 122909434                              {pd product} {ergonomic}
   size_t OldSize                                  = 70254592                                  {product} {ergonomic}
    uintx ProfiledCodeHeapSize                     = 122909434                              {pd product} {ergonomic}
    uintx ReservedCodeCacheSize                    = 251658240                              {pd product} {ergonomic}
     bool SegmentedCodeCache                       = true                                      {product} {ergonomic}
   size_t SoftMaxHeapSize                          = 1073741824                             {manageable} {ergonomic}
     bool UseCompressedClassPointers               = true                           {product lp64_product} {ergonomic}
     bool UseCompressedOops                        = true                           {product lp64_product} {ergonomic}
     bool UseLargePagesIndividualAllocation        = false                                  {pd product} {ergonomic}
     bool UseParallelGC                            = true                                      {product} {command line}

Logging:
Log output configuration:
 #0: stdout all=warning uptime,level,tags
 #1: stderr all=off uptime,level,tags

Environment Variables:
PATH=C:\Program Files (x86)\Razer Chroma SDK\bin;C:\Program Files\Razer Chroma SDK\bin;C:\Program Files (x86)\Razer\ChromaBroadcast\bin;C:\Program Files\Razer\ChromaBroadcast\bin;C:\Program Files\Common Files\Oracle\Java\javapath;C:\Program Files\NVIDIA GPU Computing Toolkit\CUDA\v11.4\bin;C:\Program Files\NVIDIA GPU Computing Toolkit\CUDA\v11.4\libnvvp;;C:\Program Files (x86)\Common Files\Oracle\Java\javapath;C:\Program Files\AdoptOpenJDK\jdk-16.0.1.9-hotspot\bin;C:\oraclexe\app\oracle\product\11.2.0\server\bin;C:\ProgramData\Oracle\Java\javapath;C:\Windows\system32;C:\Windows;C:\Windows\System32\Wbem;C:\Windows\System32\WindowsPowerShell\v1.0\;C:\Windows\System32\OpenSSH\;C:\Program Files (x86)\NVIDIA Corporation\PhysX\Common;C:\Program Files\NVIDIA Corporation\NVIDIA NvDLISR;C:\WINDOWS\system32;C:\WINDOWS;C:\WINDOWS\System32\Wbem;C:\WINDOWS\System32\WindowsPowerShell\v1.0\;C:\WINDOWS\System32\OpenSSH\;C:\Program Files\nodejs\;C:\ProgramData\chocolatey\bin;C:\Program Files\Git\cmd;C:\Program Files\NVIDIA Corporation\Nsight Compute 2021.2.1\;C:\Users\Nathan Ting\AppData\Local\Programs\Python\Python39\Scripts\;C:\Users\Nathan Ting\AppData\Local\Programs\Python\Python39\;C:\Program Files\MySQL\MySQL Shell 8.0\bin\;C:\Users\Nathan Ting\AppData\Local\Microsoft\WindowsApps;C:\Users\Nathan Ting\AppData\Roaming\npm;D:\VSC\Microsoft VS Code\bin;C:\Program Files\NVIDIA GPU Computing Toolkit\CUDA\v11.2\bin;C:\Program Files\NVIDIA GPU Computing Toolkit\CUDA\V11.2\libnvvp;C:\WINDOWS\system32\config\systemprofile\AppData\Local\Microsoft\WindowsApps;C:\Users\Nathan Ting\AppData\Local\Programs\Python\Python39\Scripts\;C:\Users\Nathan Ting\AppData\Local\Programs\Python\Python39\;C:\Program Files\MySQL\MySQL Shell 8.0\bin\;C:\Users\Nathan Ting\AppData\Local\Microsoft\WindowsApps;C:\Users\Nathan Ting\AppData\Roaming\npm;D:\VSC\Microsoft VS Code\bin;C:\Program Files\NVIDIA GPU Computing Toolkit\CUDA\v11.2\bin;C:\Program Files\NVIDIA GPU Computing Toolkit\CUDA\V11.2\libnvvp;
USERNAME=Nathan Ting
OS=Windows_NT
PROCESSOR_IDENTIFIER=Intel64 Family 6 Model 158 Stepping 13, GenuineIntel



---------------  S Y S T E M  ---------------

OS:
 Windows 10 , 64 bit Build 19041 (10.0.19041.1566)
OS uptime: 4 days 2:15 hours

CPU: total 12 (initial active 12) (6 cores per cpu, 2 threads per core) family 6 model 158 stepping 13 microcode 0xb8, cx8, cmov, fxsr, ht, mmx, 3dnowpref, sse, sse2, sse3, ssse3, sse4.1, sse4.2, popcnt, lzcnt, tsc, tscinvbit, avx, avx2, aes, erms, clmul, bmi1, bmi2, adx, fma, vzeroupper, clflush, clflushopt

Memory: 4k page, system-wide physical 16229M (1816M free)
TotalPageFile size 65381M (AvailPageFile size 12M)
current process WorkingSet (physical memory assigned to process): 214M, peak: 214M
current process commit charge ("private bytes"): 311M, peak: 312M

vm_info: OpenJDK 64-Bit Server VM (17.0.2+8) for windows-amd64 JRE (17.0.2+8), built on Jan 20 2022 04:52:34 by "" with MS VC++ 16.7 (VS2019)

END.
